Log file open, 02/24/23 17:13:19
LogWindows: Failed to load 'aqProf.dll' (GetLastError=126)
LogWindows: File 'aqProf.dll' does not exist
LogWindows: Failed to load 'VtuneApi.dll' (GetLastError=126)
LogWindows: File 'VtuneApi.dll' does not exist
LogWindows: Failed to load 'VtuneApi32e.dll' (GetLastError=126)
LogWindows: File 'VtuneApi32e.dll' does not exist
LogConsoleResponse: Display: Failed to find resolution value strings in scalability ini. Falling back to default.
LogConsoleResponse: Display: Failed to find resolution value strings in scalability ini. Falling back to default.
LogInit: Display: Running engine for game: Myinventory
LogPlatformFile: Not using cached read wrapper
LogTaskGraph: Started task graph with 5 named threads and 35 total threads with 3 sets of task threads.
LogStats: Stats thread started at 3.887716
LogICUInternationalization: ICU TimeZone Detection - Raw Offset: +1:00, Platform Override: ''
LogInit: Display: Loading text-based GConfig....
LogPluginManager: Mounting plugin MeshPainting
LogPluginManager: Mounting plugin XGEController
LogPluginManager: Mounting plugin Paper2D
LogPluginManager: Mounting plugin AISupport
LogPluginManager: Mounting plugin EnvironmentQueryEditor
LogPluginManager: Mounting plugin LightPropagationVolume
LogPluginManager: Mounting plugin LiveLink
LogPluginManager: Mounting plugin CameraShakePreviewer
LogPluginManager: Mounting plugin GameplayCameras
LogPluginManager: Mounting plugin OodleData
LogPluginManager: Mounting plugin OodleNetwork
LogPluginManager: Mounting plugin AnimationSharing
LogPluginManager: Mounting plugin AssetManagerEditor
LogPluginManager: Mounting plugin CLionSourceCodeAccess
LogPluginManager: Mounting plugin CryptoKeys
LogPluginManager: Mounting plugin CurveEditorTools
LogPluginManager: Mounting plugin DataValidation
LogPluginManager: Mounting plugin FacialAnimation
LogPluginManager: Mounting plugin GameplayTagsEditor
LogPluginManager: Mounting plugin GeometryMode
LogPluginManager: Mounting plugin MacGraphicsSwitching
LogPluginManager: Mounting plugin MaterialAnalyzer
LogPluginManager: Mounting plugin MobileLauncherProfileWizard
LogPluginManager: Mounting plugin PluginBrowser
LogPluginManager: Mounting plugin SpeedTreeImporter
LogPluginManager: Mounting plugin CodeLiteSourceCodeAccess
LogPluginManager: Mounting plugin GitSourceControl
LogPluginManager: Mounting plugin KDevelopSourceCodeAccess
LogPluginManager: Mounting plugin NullSourceCodeAccess
LogPluginManager: Mounting plugin PerforceSourceControl
LogPluginManager: Mounting plugin PixWinPlugin
LogPluginManager: Mounting plugin PlasticSourceControl
LogPluginManager: Mounting plugin PluginUtils
LogPluginManager: Mounting plugin PropertyAccessNode
LogPluginManager: Mounting plugin RiderSourceCodeAccess
LogPluginManager: Mounting plugin SubversionSourceControl
LogPluginManager: Mounting plugin TextureFormatOodle
LogPluginManager: Mounting plugin UObjectPlugin
LogPluginManager: Mounting plugin VisualStudioCodeSourceCodeAccess
LogPluginManager: Mounting plugin VisualStudioSourceCodeAccess
LogPluginManager: Mounting plugin XCodeSourceCodeAccess
LogPluginManager: Mounting plugin DatasmithContent
LogPluginManager: Mounting plugin VariantManagerContent
LogPluginManager: Mounting plugin AlembicImporter
LogPluginManager: Mounting plugin AutomationUtils
LogPluginManager: Mounting plugin BackChannel
LogPluginManager: Mounting plugin ChaosCloth
LogPluginManager: Mounting plugin ChaosClothEditor
LogPluginManager: Mounting plugin ChaosEditor
LogPluginManager: Mounting plugin ChaosNiagara
LogPluginManager: Mounting plugin ChaosSolverPlugin
LogPluginManager: Mounting plugin CharacterAI
LogPluginManager: Mounting plugin GeometryCache
LogPluginManager: Mounting plugin GeometryCollectionPlugin
LogPluginManager: Mounting plugin GeometryProcessing
LogPluginManager: Mounting plugin MotoSynth
LogPluginManager: Mounting plugin OpenImageDenoise
LogPluginManager: Mounting plugin PlanarCut
LogPluginManager: Mounting plugin PlatformCrypto
LogPluginManager: Mounting plugin ProxyLODPlugin
LogPluginManager: Mounting plugin PythonScriptPlugin
LogPluginManager: Mounting plugin SkeletalReduction
LogPluginManager: Mounting plugin Niagara
LogPluginManager: Mounting plugin LuminPlatformFeatures
LogPluginManager: Mounting plugin MagicLeap
LogPluginManager: Mounting plugin MagicLeapLightEstimation
LogPluginManager: Mounting plugin MagicLeapMedia
LogPluginManager: Mounting plugin MagicLeapPassableWorld
LogPluginManager: Mounting plugin MLSDK
LogPluginManager: Mounting plugin AndroidMedia
LogPluginManager: Mounting plugin AvfMedia
LogPluginManager: Mounting plugin ImgMedia
LogPluginManager: Mounting plugin MediaCompositing
LogPluginManager: Mounting plugin MediaPlayerEditor
LogPluginManager: Mounting plugin WebMMedia
LogPluginManager: Mounting plugin WmfMedia
LogPluginManager: Mounting plugin TcpMessaging
LogPluginManager: Mounting plugin UdpMessaging
LogPluginManager: Mounting plugin ActorSequence
LogPluginManager: Mounting plugin LevelSequenceEditor
LogPluginManager: Mounting plugin MatineeToLevelSequence
LogPluginManager: Mounting plugin TemplateSequence
LogPluginManager: Mounting plugin OnlineSubsystem
LogPluginManager: Mounting plugin OnlineSubsystemNull
LogPluginManager: Mounting plugin OnlineSubsystemUtils
LogPluginManager: Mounting plugin LauncherChunkInstaller
LogPluginManager: Mounting plugin ActorLayerUtilities
LogPluginManager: Mounting plugin AndroidDeviceProfileSelector
LogPluginManager: Mounting plugin AndroidMoviePlayer
LogPluginManager: Mounting plugin AndroidPermission
LogPluginManager: Mounting plugin AppleImageUtils
LogPluginManager: Mounting plugin AppleMoviePlayer
LogPluginManager: Mounting plugin ArchVisCharacter
LogPluginManager: Mounting plugin AssetTags
LogPluginManager: Mounting plugin AudioCapture
LogPluginManager: Mounting plugin AudioSynesthesia
LogPluginManager: Mounting plugin CableComponent
LogPluginManager: Mounting plugin ChunkDownloader
LogPluginManager: Mounting plugin CustomMeshComponent
LogPluginManager: Mounting plugin EditableMesh
LogPluginManager: Mounting plugin ExampleDeviceProfileSelector
LogPluginManager: Mounting plugin GoogleCloudMessaging
LogPluginManager: Mounting plugin GooglePAD
LogPluginManager: Mounting plugin IOSDeviceProfileSelector
LogPluginManager: Mounting plugin LinuxDeviceProfileSelector
LogPluginManager: Mounting plugin LocationServicesBPLibrary
LogPluginManager: Mounting plugin MobilePatchingUtils
LogPluginManager: Mounting plugin OpenXR
LogPluginManager: Mounting plugin OpenXREyeTracker
LogPluginManager: Mounting plugin OpenXRHandTracking
LogPluginManager: Mounting plugin PhysXVehicles
LogPluginManager: Mounting plugin PostSplashScreen
LogPluginManager: Mounting plugin ProceduralMeshComponent
LogPluginManager: Mounting plugin PropertyAccessEditor
LogPluginManager: Mounting plugin RuntimePhysXCooking
LogPluginManager: Mounting plugin SignificanceManager
LogPluginManager: Mounting plugin SoundFields
LogPluginManager: Mounting plugin Synthesis
LogPluginManager: Mounting plugin WebMMoviePlayer
LogPluginManager: Mounting plugin WindowsMoviePlayer
LogPluginManager: Mounting plugin ScreenshotTools
LogPluginManager: Mounting plugin Takes
LogPluginManager: Mounting plugin ContentBrowserAssetDataSource
LogPluginManager: Mounting plugin ContentBrowserClassDataSource
LogPluginManager: Mounting plugin ContentBrowserFileDataSource
LogPluginManager: Mounting plugin OnlineSubsystemGooglePlay
LogPluginManager: Mounting plugin OnlineSubsystemIOS
LogPluginManager: Mounting plugin OculusVR
PixWinPlugin: PIX capture plugin failed to initialize! Check that the process is launched from PIX.
LogInit: Using libcurl 7.55.1-DEV
LogInit:  - built for x86_64-pc-win32
LogInit:  - supports SSL with OpenSSL/1.1.1
LogInit:  - supports HTTP deflate (compression) using libz 1.2.8
LogInit:  - other features:
LogInit:      CURL_VERSION_SSL
LogInit:      CURL_VERSION_LIBZ
LogInit:      CURL_VERSION_IPV6
LogInit:      CURL_VERSION_ASYNCHDNS
LogInit:      CURL_VERSION_LARGEFILE
LogInit:      CURL_VERSION_IDN
LogInit:  CurlRequestOptions (configurable via config and command line):
LogInit:  - bVerifyPeer = true  - Libcurl will verify peer certificate
LogInit:  - bUseHttpProxy = false  - Libcurl will NOT use HTTP proxy
LogInit:  - bDontReuseConnections = false  - Libcurl will reuse connections
LogInit:  - MaxHostConnections = 16  - Libcurl will limit the number of connections to a host
LogInit:  - LocalHostAddr = Default
LogInit:  - BufferSize = 65536
LogOnline: OSS: Creating online subsystem instance for: NULL
LogInit: WinSock: version 1.1 (2.2), MaxSocks=32767, MaxUdp=65467
LogOnline: OSS: TryLoadSubsystemAndSetDefault: Loaded subsystem for module [NULL]
LogOculusPluginWrapper: OculusPlugin initialized successfully
LogHMD: Failed initializing OVRPlugin 1.59.0
LogInit: Build: ++UE4+Release-4.27-CL-18319896
LogInit: Engine Version: 4.27.2-18319896+++UE4+Release-4.27
LogInit: Compatible Engine Version: 4.27.0-17155196+++UE4+Release-4.27
LogInit: Net CL: 17155196
LogInit: OS: Windows 10 (Release 2009) (), CPU: Intel(R) Core(TM) i7-9750H CPU @ 2.60GHz, GPU: NVIDIA GeForce RTX 2060
LogInit: Compiled (64-bit): Nov 30 2021 07:12:08
LogInit: Compiled with Visual C++: 19.24.28315.00
LogInit: Build Configuration: Development
LogInit: Branch Name: ++UE4+Release-4.27
LogInit: Command Line:  -skipcompile
LogInit: Base Directory: D:/Unreal Eninge/UE_4.27/Engine/Binaries/Win64/
LogInit: Allocator: TBB
LogInit: Installed Engine Build: 1
LogDevObjectVersion: Number of dev versions registered: 29
LogDevObjectVersion:   Dev-Blueprints (B0D832E4-1F89-4F0D-ACCF-7EB736FD4AA2): 10
LogDevObjectVersion:   Dev-Build (E1C64328-A22C-4D53-A36C-8E866417BD8C): 0
LogDevObjectVersion:   Dev-Core (375EC13C-06E4-48FB-B500-84F0262A717E): 4
LogDevObjectVersion:   Dev-Editor (E4B068ED-F494-42E9-A231-DA0B2E46BB41): 40
LogDevObjectVersion:   Dev-Framework (CFFC743F-43B0-4480-9391-14DF171D2073): 37
LogDevObjectVersion:   Dev-Mobile (B02B49B5-BB20-44E9-A304-32B752E40360): 3
LogDevObjectVersion:   Dev-Networking (A4E4105C-59A1-49B5-A7C5-40C4547EDFEE): 0
LogDevObjectVersion:   Dev-Online (39C831C9-5AE6-47DC-9A44-9C173E1C8E7C): 0
LogDevObjectVersion:   Dev-Physics (78F01B33-EBEA-4F98-B9B4-84EACCB95AA2): 14
LogDevObjectVersion:   Dev-Platform (6631380F-2D4D-43E0-8009-CF276956A95A): 0
LogDevObjectVersion:   Dev-Rendering (12F88B9F-8875-4AFC-A67C-D90C383ABD29): 45
LogDevObjectVersion:   Dev-Sequencer (7B5AE74C-D270-4C10-A958-57980B212A5A): 13
LogDevObjectVersion:   Dev-VR (D7296918-1DD6-4BDD-9DE2-64A83CC13884): 3
LogDevObjectVersion:   Dev-LoadTimes (C2A15278-BFE7-4AFE-6C17-90FF531DF755): 1
LogDevObjectVersion:   Private-Geometry (6EACA3D4-40EC-4CC1-B786-8BED09428FC5): 3
LogDevObjectVersion:   Dev-AnimPhys (29E575DD-E0A3-4627-9D10-D276232CDCEA): 17
LogDevObjectVersion:   Dev-Anim (AF43A65D-7FD3-4947-9873-3E8ED9C1BB05): 15
LogDevObjectVersion:   Dev-ReflectionCapture (6B266CEC-1EC7-4B8F-A30B-E4D90942FC07): 1
LogDevObjectVersion:   Dev-Automation (0DF73D61-A23F-47EA-B727-89E90C41499A): 1
LogDevObjectVersion:   FortniteMain (601D1886-AC64-4F84-AA16-D3DE0DEAC7D6): 47
LogDevObjectVersion:   FortniteRelease (E7086368-6B23-4C58-8439-1B7016265E91): 1
LogDevObjectVersion:   Dev-Enterprise (9DFFBCD6-494F-0158-E221-12823C92A888): 10
LogDevObjectVersion:   Dev-Niagara (F2AED0AC-9AFE-416F-8664-AA7FFA26D6FC): 1
LogDevObjectVersion:   Dev-Destruction (174F1F0B-B4C6-45A5-B13F-2EE8D0FB917D): 10
LogDevObjectVersion:   Dev-Physics-Ext (35F94A83-E258-406C-A318-09F59610247C): 41
LogDevObjectVersion:   Dev-PhysicsMaterial-Chaos (B68FC16E-8B1B-42E2-B453-215C058844FE): 1
LogDevObjectVersion:   Dev-CineCamera (B2E18506-4273-CFC2-A54E-F4BB758BBA07): 1
LogDevObjectVersion:   Dev-VirtualProduction (64F58936-FD1B-42BA-BA96-7289D5D0FA4E): 1
LogDevObjectVersion:   Dev-MediaFramework (6F0ED827-A609-4895-9C91-998D90180EA4): 2
LogInit: Presizing for max 25165824 objects, including 0 objects not considered by GC, pre-allocating 0 bytes for permanent pool.
LogConfig: Applying CVar settings from Section [/Script/Engine.StreamingSettings] File [D:/UnrealProject/SchoolProject/InventoryProjectC++/MyInventory/MyInventory/Myinventory/Saved/Config/Windows/Engine.ini]
LogConfig: Setting CVar [[s.MinBulkDataSizeForAsyncLoading:131072]]
LogConfig: Setting CVar [[s.AsyncLoadingThreadEnabled:0]]
LogConfig: Setting CVar [[s.EventDrivenLoaderEnabled:1]]
LogConfig: Setting CVar [[s.WarnIfTimeLimitExceeded:0]]
LogConfig: Setting CVar [[s.TimeLimitExceededMultiplier:1.5]]
LogConfig: Setting CVar [[s.TimeLimitExceededMinTime:0.005]]
LogConfig: Setting CVar [[s.UseBackgroundLevelStreaming:1]]
LogConfig: Setting CVar [[s.PriorityAsyncLoadingExtraTime:15.0]]
LogConfig: Setting CVar [[s.LevelStreamingActorsUpdateTimeLimit:5.0]]
LogConfig: Setting CVar [[s.PriorityLevelStreamingActorsUpdateExtraTime:5.0]]
LogConfig: Setting CVar [[s.LevelStreamingComponentsRegistrationGranularity:10]]
LogConfig: Setting CVar [[s.UnregisterComponentsTimeLimit:1.0]]
LogConfig: Setting CVar [[s.LevelStreamingComponentsUnregistrationGranularity:5]]
LogConfig: Setting CVar [[s.FlushStreamingOnExit:1]]
LogInit: Object subsystem initialized
LogConfig: Setting CVar [[con.DebugEarlyDefault:1]]
LogConfig: Setting CVar [[r.setres:1280x720]]
[2023.02.24-16.13.23:401][  0]LogConfig: Setting CVar [[r.VSync:0]]
[2023.02.24-16.13.23:401][  0]LogConfig: Setting CVar [[r.RHICmdBypass:0]]
[2023.02.24-16.13.23:408][  0]LogConfig: Applying CVar settings from Section [/Script/Engine.RendererSettings] File [D:/UnrealProject/SchoolProject/InventoryProjectC++/MyInventory/MyInventory/Myinventory/Saved/Config/Windows/Engine.ini]
[2023.02.24-16.13.23:408][  0]LogConfig: Setting CVar [[r.GPUCrashDebugging:0]]
[2023.02.24-16.13.23:408][  0]LogConfig: Applying CVar settings from Section [/Script/Engine.RendererOverrideSettings] File [D:/UnrealProject/SchoolProject/InventoryProjectC++/MyInventory/MyInventory/Myinventory/Saved/Config/Windows/Engine.ini]
[2023.02.24-16.13.23:408][  0]LogConfig: Applying CVar settings from Section [/Script/Engine.StreamingSettings] File [D:/UnrealProject/SchoolProject/InventoryProjectC++/MyInventory/MyInventory/Myinventory/Saved/Config/Windows/Engine.ini]
[2023.02.24-16.13.23:408][  0]LogConfig: Setting CVar [[s.MinBulkDataSizeForAsyncLoading:131072]]
[2023.02.24-16.13.23:408][  0]LogConfig: Setting CVar [[s.AsyncLoadingThreadEnabled:0]]
[2023.02.24-16.13.23:408][  0]LogConfig: Setting CVar [[s.EventDrivenLoaderEnabled:1]]
[2023.02.24-16.13.23:408][  0]LogConfig: Setting CVar [[s.WarnIfTimeLimitExceeded:0]]
[2023.02.24-16.13.23:408][  0]LogConfig: Setting CVar [[s.TimeLimitExceededMultiplier:1.5]]
[2023.02.24-16.13.23:408][  0]LogConfig: Setting CVar [[s.TimeLimitExceededMinTime:0.005]]
[2023.02.24-16.13.23:409][  0]LogConfig: Setting CVar [[s.UseBackgroundLevelStreaming:1]]
[2023.02.24-16.13.23:409][  0]LogConfig: Setting CVar [[s.PriorityAsyncLoadingExtraTime:15.0]]
[2023.02.24-16.13.23:409][  0]LogConfig: Setting CVar [[s.LevelStreamingActorsUpdateTimeLimit:5.0]]
[2023.02.24-16.13.23:409][  0]LogConfig: Setting CVar [[s.PriorityLevelStreamingActorsUpdateExtraTime:5.0]]
[2023.02.24-16.13.23:409][  0]LogConfig: Setting CVar [[s.LevelStreamingComponentsRegistrationGranularity:10]]
[2023.02.24-16.13.23:409][  0]LogConfig: Setting CVar [[s.UnregisterComponentsTimeLimit:1.0]]
[2023.02.24-16.13.23:409][  0]LogConfig: Setting CVar [[s.LevelStreamingComponentsUnregistrationGranularity:5]]
[2023.02.24-16.13.23:409][  0]LogConfig: Setting CVar [[s.FlushStreamingOnExit:1]]
[2023.02.24-16.13.23:409][  0]LogConfig: Applying CVar settings from Section [/Script/Engine.GarbageCollectionSettings] File [D:/UnrealProject/SchoolProject/InventoryProjectC++/MyInventory/MyInventory/Myinventory/Saved/Config/Windows/Engine.ini]
[2023.02.24-16.13.23:409][  0]LogConfig: Setting CVar [[gc.MaxObjectsNotConsideredByGC:1]]
[2023.02.24-16.13.23:409][  0]LogConfig: Setting CVar [[gc.SizeOfPermanentObjectPool:0]]
[2023.02.24-16.13.23:409][  0]LogConfig: Setting CVar [[gc.FlushStreamingOnGC:0]]
[2023.02.24-16.13.23:409][  0]LogConfig: Setting CVar [[gc.NumRetriesBeforeForcingGC:10]]
[2023.02.24-16.13.23:409][  0]LogConfig: Setting CVar [[gc.AllowParallelGC:1]]
[2023.02.24-16.13.23:409][  0]LogConfig: Setting CVar [[gc.TimeBetweenPurgingPendingKillObjects:61.1]]
[2023.02.24-16.13.23:409][  0]LogConfig: Setting CVar [[gc.MaxObjectsInEditor:25165824]]
[2023.02.24-16.13.23:409][  0]LogConfig: Setting CVar [[gc.IncrementalBeginDestroyEnabled:1]]
[2023.02.24-16.13.23:409][  0]LogConfig: Setting CVar [[gc.CreateGCClusters:1]]
[2023.02.24-16.13.23:409][  0]LogConfig: Setting CVar [[gc.MinGCClusterSize:5]]
[2023.02.24-16.13.23:409][  0]LogConfig: Setting CVar [[gc.ActorClusteringEnabled:0]]
[2023.02.24-16.13.23:409][  0]LogConfig: Setting CVar [[gc.BlueprintClusteringEnabled:0]]
[2023.02.24-16.13.23:410][  0]LogConfig: Setting CVar [[gc.UseDisregardForGCOnDedicatedServers:0]]
[2023.02.24-16.13.23:410][  0]LogConfig: Setting CVar [[gc.MultithreadedDestructionEnabled:1]]
[2023.02.24-16.13.23:410][  0]LogConfig: Applying CVar settings from Section [/Script/Engine.NetworkSettings] File [D:/UnrealProject/SchoolProject/InventoryProjectC++/MyInventory/MyInventory/Myinventory/Saved/Config/Windows/Engine.ini]
[2023.02.24-16.13.23:410][  0]LogConfig: Applying CVar settings from Section [/Script/UnrealEd.CookerSettings] File [D:/UnrealProject/SchoolProject/InventoryProjectC++/MyInventory/MyInventory/Myinventory/Saved/Config/Windows/Engine.ini]
[2023.02.24-16.13.23:514][  0]LogConfig: Applying CVar settings from Section [ViewDistanceQuality@3] File [D:/UnrealProject/SchoolProject/InventoryProjectC++/MyInventory/MyInventory/Myinventory/Saved/Config/Windows/Scalability.ini]
[2023.02.24-16.13.23:514][  0]LogConfig: Setting CVar [[r.SkeletalMeshLODBias:0]]
[2023.02.24-16.13.23:514][  0]LogConfig: Setting CVar [[r.ViewDistanceScale:1.0]]
[2023.02.24-16.13.23:514][  0]LogConfig: Applying CVar settings from Section [AntiAliasingQuality@3] File [D:/UnrealProject/SchoolProject/InventoryProjectC++/MyInventory/MyInventory/Myinventory/Saved/Config/Windows/Scalability.ini]
[2023.02.24-16.13.23:514][  0]LogConfig: Setting CVar [[r.PostProcessAAQuality:4]]
[2023.02.24-16.13.23:514][  0]LogConfig: Applying CVar settings from Section [ShadowQuality@3] File [D:/UnrealProject/SchoolProject/InventoryProjectC++/MyInventory/MyInventory/Myinventory/Saved/Config/Windows/Scalability.ini]
[2023.02.24-16.13.23:514][  0]LogConfig: Setting CVar [[r.LightFunctionQuality:1]]
[2023.02.24-16.13.23:514][  0]LogConfig: Setting CVar [[r.ShadowQuality:5]]
[2023.02.24-16.13.23:514][  0]LogConfig: Setting CVar [[r.Shadow.CSM.MaxCascades:10]]
[2023.02.24-16.13.23:514][  0]LogConfig: Setting CVar [[r.Shadow.MaxResolution:2048]]
[2023.02.24-16.13.23:515][  0]LogConfig: Setting CVar [[r.Shadow.MaxCSMResolution:2048]]
[2023.02.24-16.13.23:515][  0]LogConfig: Setting CVar [[r.Shadow.RadiusThreshold:0.01]]
[2023.02.24-16.13.23:515][  0]LogConfig: Setting CVar [[r.Shadow.DistanceScale:1.0]]
[2023.02.24-16.13.23:515][  0]LogConfig: Setting CVar [[r.Shadow.CSM.TransitionScale:1.0]]
[2023.02.24-16.13.23:515][  0]LogConfig: Setting CVar [[r.Shadow.PreShadowResolutionFactor:1.0]]
[2023.02.24-16.13.23:515][  0]LogConfig: Setting CVar [[r.DistanceFieldShadowing:1]]
[2023.02.24-16.13.23:515][  0]LogConfig: Setting CVar [[r.DistanceFieldAO:1]]
[2023.02.24-16.13.23:515][  0]LogConfig: Setting CVar [[r.AOQuality:2]]
[2023.02.24-16.13.23:515][  0]LogConfig: Setting CVar [[r.VolumetricFog:1]]
[2023.02.24-16.13.23:515][  0]LogConfig: Setting CVar [[r.VolumetricFog.GridPixelSize:8]]
[2023.02.24-16.13.23:515][  0]LogConfig: Setting CVar [[r.VolumetricFog.GridSizeZ:128]]
[2023.02.24-16.13.23:515][  0]LogConfig: Setting CVar [[r.VolumetricFog.HistoryMissSupersampleCount:4]]
[2023.02.24-16.13.23:515][  0]LogConfig: Setting CVar [[r.LightMaxDrawDistanceScale:1]]
[2023.02.24-16.13.23:515][  0]LogConfig: Setting CVar [[r.CapsuleShadows:1]]
[2023.02.24-16.13.23:515][  0]LogConfig: Applying CVar settings from Section [PostProcessQuality@3] File [D:/UnrealProject/SchoolProject/InventoryProjectC++/MyInventory/MyInventory/Myinventory/Saved/Config/Windows/Scalability.ini]
[2023.02.24-16.13.23:515][  0]LogConfig: Setting CVar [[r.MotionBlurQuality:4]]
[2023.02.24-16.13.23:515][  0]LogConfig: Setting CVar [[r.AmbientOcclusionMipLevelFactor:0.4]]
[2023.02.24-16.13.23:515][  0]LogConfig: Setting CVar [[r.AmbientOcclusionMaxQuality:100]]
[2023.02.24-16.13.23:515][  0]LogConfig: Setting CVar [[r.AmbientOcclusionLevels:-1]]
[2023.02.24-16.13.23:515][  0]LogConfig: Setting CVar [[r.AmbientOcclusionRadiusScale:1.0]]
[2023.02.24-16.13.23:515][  0]LogConfig: Setting CVar [[r.DepthOfFieldQuality:2]]
[2023.02.24-16.13.23:515][  0]LogConfig: Setting CVar [[r.RenderTargetPoolMin:400]]
[2023.02.24-16.13.23:515][  0]LogConfig: Setting CVar [[r.LensFlareQuality:2]]
[2023.02.24-16.13.23:515][  0]LogConfig: Setting CVar [[r.SceneColorFringeQuality:1]]
[2023.02.24-16.13.23:515][  0]LogConfig: Setting CVar [[r.EyeAdaptationQuality:2]]
[2023.02.24-16.13.23:515][  0]LogConfig: Setting CVar [[r.BloomQuality:5]]
[2023.02.24-16.13.23:515][  0]LogConfig: Setting CVar [[r.FastBlurThreshold:100]]
[2023.02.24-16.13.23:515][  0]LogConfig: Setting CVar [[r.Upscale.Quality:3]]
[2023.02.24-16.13.23:515][  0]LogConfig: Setting CVar [[r.Tonemapper.GrainQuantization:1]]
[2023.02.24-16.13.23:515][  0]LogConfig: Setting CVar [[r.LightShaftQuality:1]]
[2023.02.24-16.13.23:515][  0]LogConfig: Setting CVar [[r.Filter.SizeScale:1]]
[2023.02.24-16.13.23:515][  0]LogConfig: Setting CVar [[r.Tonemapper.Quality:5]]
[2023.02.24-16.13.23:515][  0]LogConfig: Setting CVar [[r.DOF.Gather.AccumulatorQuality:1        ; higher gathering accumulator quality]]
[2023.02.24-16.13.23:515][  0]LogConfig: Setting CVar [[r.DOF.Gather.PostfilterMethod:1          ; Median3x3 postfilering method]]
[2023.02.24-16.13.23:515][  0]LogConfig: Setting CVar [[r.DOF.Gather.EnableBokehSettings:0       ; no bokeh simulation when gathering]]
[2023.02.24-16.13.23:515][  0]LogConfig: Setting CVar [[r.DOF.Gather.RingCount:4                 ; medium number of samples when gathering]]
[2023.02.24-16.13.23:515][  0]LogConfig: Setting CVar [[r.DOF.Scatter.ForegroundCompositing:1    ; additive foreground scattering]]
[2023.02.24-16.13.23:515][  0]LogConfig: Setting CVar [[r.DOF.Scatter.BackgroundCompositing:2    ; additive background scattering]]
[2023.02.24-16.13.23:515][  0]LogConfig: Setting CVar [[r.DOF.Scatter.EnableBokehSettings:1      ; bokeh simulation when scattering]]
[2023.02.24-16.13.23:515][  0]LogConfig: Setting CVar [[r.DOF.Scatter.MaxSpriteRatio:0.1         ; only a maximum of 10% of scattered bokeh]]
[2023.02.24-16.13.23:515][  0]LogConfig: Setting CVar [[r.DOF.Recombine.Quality:1                ; cheap slight out of focus]]
[2023.02.24-16.13.23:515][  0]LogConfig: Setting CVar [[r.DOF.Recombine.EnableBokehSettings:0    ; no bokeh simulation on slight out of focus]]
[2023.02.24-16.13.23:515][  0]LogConfig: Setting CVar [[r.DOF.TemporalAAQuality:1                ; more stable temporal accumulation]]
[2023.02.24-16.13.23:515][  0]LogConfig: Setting CVar [[r.DOF.Kernel.MaxForegroundRadius:0.025]]
[2023.02.24-16.13.23:515][  0]LogConfig: Setting CVar [[r.DOF.Kernel.MaxBackgroundRadius:0.025]]
[2023.02.24-16.13.23:515][  0]LogConfig: Applying CVar settings from Section [TextureQuality@3] File [D:/UnrealProject/SchoolProject/InventoryProjectC++/MyInventory/MyInventory/Myinventory/Saved/Config/Windows/Scalability.ini]
[2023.02.24-16.13.23:515][  0]LogConfig: Setting CVar [[r.Streaming.MipBias:0]]
[2023.02.24-16.13.23:515][  0]LogConfig: Setting CVar [[r.Streaming.AmortizeCPUToGPUCopy:0]]
[2023.02.24-16.13.23:515][  0]LogConfig: Setting CVar [[r.Streaming.MaxNumTexturesToStreamPerFrame:0]]
[2023.02.24-16.13.23:515][  0]LogConfig: Setting CVar [[r.Streaming.Boost:1]]
[2023.02.24-16.13.23:515][  0]LogConfig: Setting CVar [[r.MaxAnisotropy:8]]
[2023.02.24-16.13.23:515][  0]LogConfig: Setting CVar [[r.VT.MaxAnisotropy:8]]
[2023.02.24-16.13.23:515][  0]LogConfig: Setting CVar [[r.Streaming.LimitPoolSizeToVRAM:0]]
[2023.02.24-16.13.23:515][  0]LogConfig: Setting CVar [[r.Streaming.PoolSize:1000]]
[2023.02.24-16.13.23:515][  0]LogConfig: Setting CVar [[r.Streaming.MaxEffectiveScreenSize:0]]
[2023.02.24-16.13.23:515][  0]LogConfig: Applying CVar settings from Section [EffectsQuality@3] File [D:/UnrealProject/SchoolProject/InventoryProjectC++/MyInventory/MyInventory/Myinventory/Saved/Config/Windows/Scalability.ini]
[2023.02.24-16.13.23:515][  0]LogConfig: Setting CVar [[r.TranslucencyLightingVolumeDim:64]]
[2023.02.24-16.13.23:515][  0]LogConfig: Setting CVar [[r.RefractionQuality:2]]
[2023.02.24-16.13.23:515][  0]LogConfig: Setting CVar [[r.SSR.Quality:3]]
[2023.02.24-16.13.23:515][  0]LogConfig: Setting CVar [[r.SSR.HalfResSceneColor:0]]
[2023.02.24-16.13.23:515][  0]LogConfig: Setting CVar [[r.SceneColorFormat:4]]
[2023.02.24-16.13.23:515][  0]LogConfig: Setting CVar [[r.DetailMode:2]]
[2023.02.24-16.13.23:515][  0]LogConfig: Setting CVar [[r.TranslucencyVolumeBlur:1]]
[2023.02.24-16.13.23:515][  0]LogConfig: Setting CVar [[r.MaterialQualityLevel:1 ; High quality]]
[2023.02.24-16.13.23:516][  0]LogConfig: Setting CVar [[r.AnisotropicMaterials:1]]
[2023.02.24-16.13.23:516][  0]LogConfig: Setting CVar [[r.SSS.Scale:1]]
[2023.02.24-16.13.23:516][  0]LogConfig: Setting CVar [[r.SSS.SampleSet:2]]
[2023.02.24-16.13.23:516][  0]LogConfig: Setting CVar [[r.SSS.Quality:1]]
[2023.02.24-16.13.23:516][  0]LogConfig: Setting CVar [[r.SSS.HalfRes:0]]
[2023.02.24-16.13.23:516][  0]LogConfig: Setting CVar [[r.SSGI.Quality:3]]
[2023.02.24-16.13.23:516][  0]LogConfig: Setting CVar [[r.EmitterSpawnRateScale:1.0]]
[2023.02.24-16.13.23:516][  0]LogConfig: Setting CVar [[r.ParticleLightQuality:2]]
[2023.02.24-16.13.23:516][  0]LogConfig: Setting CVar [[r.SkyAtmosphere.AerialPerspectiveLUT.FastApplyOnOpaque:1 ; Always have FastSkyLUT 1 in this case to avoid wrong sky]]
[2023.02.24-16.13.23:516][  0]LogConfig: Setting CVar [[r.SkyAtmosphere.AerialPerspectiveLUT.SampleCountMaxPerSlice:4]]
[2023.02.24-16.13.23:516][  0]LogConfig: Setting CVar [[r.SkyAtmosphere.AerialPerspectiveLUT.DepthResolution:16.0]]
[2023.02.24-16.13.23:516][  0]LogConfig: Setting CVar [[r.SkyAtmosphere.FastSkyLUT:1]]
[2023.02.24-16.13.23:516][  0]LogConfig: Setting CVar [[r.SkyAtmosphere.FastSkyLUT.SampleCountMin:4.0]]
[2023.02.24-16.13.23:516][  0]LogConfig: Setting CVar [[r.SkyAtmosphere.FastSkyLUT.SampleCountMax:128.0]]
[2023.02.24-16.13.23:516][  0]LogConfig: Setting CVar [[r.SkyAtmosphere.SampleCountMin:4.0]]
[2023.02.24-16.13.23:516][  0]LogConfig: Setting CVar [[r.SkyAtmosphere.SampleCountMax:128.0]]
[2023.02.24-16.13.23:516][  0]LogConfig: Setting CVar [[r.SkyAtmosphere.TransmittanceLUT.UseSmallFormat:0]]
[2023.02.24-16.13.23:516][  0]LogConfig: Setting CVar [[r.SkyAtmosphere.TransmittanceLUT.SampleCount:10.0]]
[2023.02.24-16.13.23:516][  0]LogConfig: Setting CVar [[r.SkyAtmosphere.MultiScatteringLUT.SampleCount:15.0]]
[2023.02.24-16.13.23:516][  0]LogConfig: Setting CVar [[r.SkyLight.RealTimeReflectionCapture:1]]
[2023.02.24-16.13.23:516][  0]LogConfig: Applying CVar settings from Section [FoliageQuality@3] File [D:/UnrealProject/SchoolProject/InventoryProjectC++/MyInventory/MyInventory/Myinventory/Saved/Config/Windows/Scalability.ini]
[2023.02.24-16.13.23:516][  0]LogConfig: Setting CVar [[foliage.DensityScale:1.0]]
[2023.02.24-16.13.23:516][  0]LogConfig: Setting CVar [[grass.DensityScale:1.0]]
[2023.02.24-16.13.23:516][  0]LogConfig: Applying CVar settings from Section [ShadingQuality@3] File [D:/UnrealProject/SchoolProject/InventoryProjectC++/MyInventory/MyInventory/Myinventory/Saved/Config/Windows/Scalability.ini]
[2023.02.24-16.13.23:516][  0]LogConfig: Setting CVar [[r.HairStrands.SkyLighting.IntegrationType:2]]
[2023.02.24-16.13.23:516][  0]LogConfig: Setting CVar [[r.HairStrands.SkyAO.SampleCount:4]]
[2023.02.24-16.13.23:516][  0]LogConfig: Setting CVar [[r.HairStrands.Visibility.MSAA.SamplePerPixel:4]]
[2023.02.24-16.13.23:524][  0]LogInit: Selected Device Profile: [Windows]
[2023.02.24-16.13.23:529][  0]LogInit: Applying CVar settings loaded from the selected device profile: [Windows]
[2023.02.24-16.13.23:541][  0]LogHAL: Display: Platform has ~ 16 GB [17019686912 / 17179869184 / 16], which maps to Larger [LargestMinGB=32, LargerMinGB=12, DefaultMinGB=8, SmallerMinGB=6, SmallestMinGB=0)
[2023.02.24-16.13.23:541][  0]LogInit: Going up to parent DeviceProfile []
[2023.02.24-16.13.23:547][  0]LogConfig: Applying CVar settings from Section [ViewDistanceQuality@3] File [D:/UnrealProject/SchoolProject/InventoryProjectC++/MyInventory/MyInventory/Myinventory/Saved/Config/Windows/Scalability.ini]
[2023.02.24-16.13.23:547][  0]LogConfig: Setting CVar [[r.SkeletalMeshLODBias:0]]
[2023.02.24-16.13.23:547][  0]LogConfig: Setting CVar [[r.ViewDistanceScale:1.0]]
[2023.02.24-16.13.23:547][  0]LogConfig: Applying CVar settings from Section [AntiAliasingQuality@3] File [D:/UnrealProject/SchoolProject/InventoryProjectC++/MyInventory/MyInventory/Myinventory/Saved/Config/Windows/Scalability.ini]
[2023.02.24-16.13.23:547][  0]LogConfig: Setting CVar [[r.PostProcessAAQuality:4]]
[2023.02.24-16.13.23:547][  0]LogConfig: Applying CVar settings from Section [ShadowQuality@3] File [D:/UnrealProject/SchoolProject/InventoryProjectC++/MyInventory/MyInventory/Myinventory/Saved/Config/Windows/Scalability.ini]
[2023.02.24-16.13.23:547][  0]LogConfig: Setting CVar [[r.LightFunctionQuality:1]]
[2023.02.24-16.13.23:547][  0]LogConfig: Setting CVar [[r.ShadowQuality:5]]
[2023.02.24-16.13.23:547][  0]LogConfig: Setting CVar [[r.Shadow.CSM.MaxCascades:10]]
[2023.02.24-16.13.23:547][  0]LogConfig: Setting CVar [[r.Shadow.MaxResolution:2048]]
[2023.02.24-16.13.23:547][  0]LogConfig: Setting CVar [[r.Shadow.MaxCSMResolution:2048]]
[2023.02.24-16.13.23:547][  0]LogConfig: Setting CVar [[r.Shadow.RadiusThreshold:0.01]]
[2023.02.24-16.13.23:547][  0]LogConfig: Setting CVar [[r.Shadow.DistanceScale:1.0]]
[2023.02.24-16.13.23:547][  0]LogConfig: Setting CVar [[r.Shadow.CSM.TransitionScale:1.0]]
[2023.02.24-16.13.23:547][  0]LogConfig: Setting CVar [[r.Shadow.PreShadowResolutionFactor:1.0]]
[2023.02.24-16.13.23:547][  0]LogConfig: Setting CVar [[r.DistanceFieldShadowing:1]]
[2023.02.24-16.13.23:547][  0]LogConfig: Setting CVar [[r.DistanceFieldAO:1]]
[2023.02.24-16.13.23:547][  0]LogConfig: Setting CVar [[r.AOQuality:2]]
[2023.02.24-16.13.23:547][  0]LogConfig: Setting CVar [[r.VolumetricFog:1]]
[2023.02.24-16.13.23:547][  0]LogConfig: Setting CVar [[r.VolumetricFog.GridPixelSize:8]]
[2023.02.24-16.13.23:547][  0]LogConfig: Setting CVar [[r.VolumetricFog.GridSizeZ:128]]
[2023.02.24-16.13.23:547][  0]LogConfig: Setting CVar [[r.VolumetricFog.HistoryMissSupersampleCount:4]]
[2023.02.24-16.13.23:547][  0]LogConfig: Setting CVar [[r.LightMaxDrawDistanceScale:1]]
[2023.02.24-16.13.23:547][  0]LogConfig: Setting CVar [[r.CapsuleShadows:1]]
[2023.02.24-16.13.23:547][  0]LogConfig: Applying CVar settings from Section [PostProcessQuality@3] File [D:/UnrealProject/SchoolProject/InventoryProjectC++/MyInventory/MyInventory/Myinventory/Saved/Config/Windows/Scalability.ini]
[2023.02.24-16.13.23:547][  0]LogConfig: Setting CVar [[r.MotionBlurQuality:4]]
[2023.02.24-16.13.23:547][  0]LogConfig: Setting CVar [[r.AmbientOcclusionMipLevelFactor:0.4]]
[2023.02.24-16.13.23:547][  0]LogConfig: Setting CVar [[r.AmbientOcclusionMaxQuality:100]]
[2023.02.24-16.13.23:547][  0]LogConfig: Setting CVar [[r.AmbientOcclusionLevels:-1]]
[2023.02.24-16.13.23:547][  0]LogConfig: Setting CVar [[r.AmbientOcclusionRadiusScale:1.0]]
[2023.02.24-16.13.23:547][  0]LogConfig: Setting CVar [[r.DepthOfFieldQuality:2]]
[2023.02.24-16.13.23:547][  0]LogConfig: Setting CVar [[r.RenderTargetPoolMin:400]]
[2023.02.24-16.13.23:547][  0]LogConfig: Setting CVar [[r.LensFlareQuality:2]]
[2023.02.24-16.13.23:547][  0]LogConfig: Setting CVar [[r.SceneColorFringeQuality:1]]
[2023.02.24-16.13.23:547][  0]LogConfig: Setting CVar [[r.EyeAdaptationQuality:2]]
[2023.02.24-16.13.23:547][  0]LogConfig: Setting CVar [[r.BloomQuality:5]]
[2023.02.24-16.13.23:547][  0]LogConfig: Setting CVar [[r.FastBlurThreshold:100]]
[2023.02.24-16.13.23:547][  0]LogConfig: Setting CVar [[r.Upscale.Quality:3]]
[2023.02.24-16.13.23:547][  0]LogConfig: Setting CVar [[r.Tonemapper.GrainQuantization:1]]
[2023.02.24-16.13.23:547][  0]LogConfig: Setting CVar [[r.LightShaftQuality:1]]
[2023.02.24-16.13.23:547][  0]LogConfig: Setting CVar [[r.Filter.SizeScale:1]]
[2023.02.24-16.13.23:547][  0]LogConfig: Setting CVar [[r.Tonemapper.Quality:5]]
[2023.02.24-16.13.23:547][  0]LogConfig: Setting CVar [[r.DOF.Gather.AccumulatorQuality:1        ; higher gathering accumulator quality]]
[2023.02.24-16.13.23:547][  0]LogConfig: Setting CVar [[r.DOF.Gather.PostfilterMethod:1          ; Median3x3 postfilering method]]
[2023.02.24-16.13.23:547][  0]LogConfig: Setting CVar [[r.DOF.Gather.EnableBokehSettings:0       ; no bokeh simulation when gathering]]
[2023.02.24-16.13.23:547][  0]LogConfig: Setting CVar [[r.DOF.Gather.RingCount:4                 ; medium number of samples when gathering]]
[2023.02.24-16.13.23:548][  0]LogConfig: Setting CVar [[r.DOF.Scatter.ForegroundCompositing:1    ; additive foreground scattering]]
[2023.02.24-16.13.23:548][  0]LogConfig: Setting CVar [[r.DOF.Scatter.BackgroundCompositing:2    ; additive background scattering]]
[2023.02.24-16.13.23:548][  0]LogConfig: Setting CVar [[r.DOF.Scatter.EnableBokehSettings:1      ; bokeh simulation when scattering]]
[2023.02.24-16.13.23:548][  0]LogConfig: Setting CVar [[r.DOF.Scatter.MaxSpriteRatio:0.1         ; only a maximum of 10% of scattered bokeh]]
[2023.02.24-16.13.23:548][  0]LogConfig: Setting CVar [[r.DOF.Recombine.Quality:1                ; cheap slight out of focus]]
[2023.02.24-16.13.23:548][  0]LogConfig: Setting CVar [[r.DOF.Recombine.EnableBokehSettings:0    ; no bokeh simulation on slight out of focus]]
[2023.02.24-16.13.23:548][  0]LogConfig: Setting CVar [[r.DOF.TemporalAAQuality:1                ; more stable temporal accumulation]]
[2023.02.24-16.13.23:548][  0]LogConfig: Setting CVar [[r.DOF.Kernel.MaxForegroundRadius:0.025]]
[2023.02.24-16.13.23:548][  0]LogConfig: Setting CVar [[r.DOF.Kernel.MaxBackgroundRadius:0.025]]
[2023.02.24-16.13.23:548][  0]LogConfig: Applying CVar settings from Section [TextureQuality@3] File [D:/UnrealProject/SchoolProject/InventoryProjectC++/MyInventory/MyInventory/Myinventory/Saved/Config/Windows/Scalability.ini]
[2023.02.24-16.13.23:548][  0]LogConfig: Setting CVar [[r.Streaming.MipBias:0]]
[2023.02.24-16.13.23:548][  0]LogConfig: Setting CVar [[r.Streaming.AmortizeCPUToGPUCopy:0]]
[2023.02.24-16.13.23:548][  0]LogConfig: Setting CVar [[r.Streaming.MaxNumTexturesToStreamPerFrame:0]]
[2023.02.24-16.13.23:548][  0]LogConfig: Setting CVar [[r.Streaming.Boost:1]]
[2023.02.24-16.13.23:548][  0]LogConfig: Setting CVar [[r.MaxAnisotropy:8]]
[2023.02.24-16.13.23:548][  0]LogConfig: Setting CVar [[r.VT.MaxAnisotropy:8]]
[2023.02.24-16.13.23:548][  0]LogConfig: Setting CVar [[r.Streaming.LimitPoolSizeToVRAM:0]]
[2023.02.24-16.13.23:548][  0]LogConfig: Setting CVar [[r.Streaming.PoolSize:1000]]
[2023.02.24-16.13.23:548][  0]LogConfig: Setting CVar [[r.Streaming.MaxEffectiveScreenSize:0]]
[2023.02.24-16.13.23:548][  0]LogConfig: Applying CVar settings from Section [EffectsQuality@3] File [D:/UnrealProject/SchoolProject/InventoryProjectC++/MyInventory/MyInventory/Myinventory/Saved/Config/Windows/Scalability.ini]
[2023.02.24-16.13.23:548][  0]LogConfig: Setting CVar [[r.TranslucencyLightingVolumeDim:64]]
[2023.02.24-16.13.23:548][  0]LogConfig: Setting CVar [[r.RefractionQuality:2]]
[2023.02.24-16.13.23:548][  0]LogConfig: Setting CVar [[r.SSR.Quality:3]]
[2023.02.24-16.13.23:548][  0]LogConfig: Setting CVar [[r.SSR.HalfResSceneColor:0]]
[2023.02.24-16.13.23:548][  0]LogConfig: Setting CVar [[r.SceneColorFormat:4]]
[2023.02.24-16.13.23:548][  0]LogConfig: Setting CVar [[r.DetailMode:2]]
[2023.02.24-16.13.23:548][  0]LogConfig: Setting CVar [[r.TranslucencyVolumeBlur:1]]
[2023.02.24-16.13.23:548][  0]LogConfig: Setting CVar [[r.MaterialQualityLevel:1 ; High quality]]
[2023.02.24-16.13.23:548][  0]LogConfig: Setting CVar [[r.AnisotropicMaterials:1]]
[2023.02.24-16.13.23:548][  0]LogConfig: Setting CVar [[r.SSS.Scale:1]]
[2023.02.24-16.13.23:548][  0]LogConfig: Setting CVar [[r.SSS.SampleSet:2]]
[2023.02.24-16.13.23:548][  0]LogConfig: Setting CVar [[r.SSS.Quality:1]]
[2023.02.24-16.13.23:548][  0]LogConfig: Setting CVar [[r.SSS.HalfRes:0]]
[2023.02.24-16.13.23:548][  0]LogConfig: Setting CVar [[r.SSGI.Quality:3]]
[2023.02.24-16.13.23:548][  0]LogConfig: Setting CVar [[r.EmitterSpawnRateScale:1.0]]
[2023.02.24-16.13.23:548][  0]LogConfig: Setting CVar [[r.ParticleLightQuality:2]]
[2023.02.24-16.13.23:548][  0]LogConfig: Setting CVar [[r.SkyAtmosphere.AerialPerspectiveLUT.FastApplyOnOpaque:1 ; Always have FastSkyLUT 1 in this case to avoid wrong sky]]
[2023.02.24-16.13.23:548][  0]LogConfig: Setting CVar [[r.SkyAtmosphere.AerialPerspectiveLUT.SampleCountMaxPerSlice:4]]
[2023.02.24-16.13.23:548][  0]LogConfig: Setting CVar [[r.SkyAtmosphere.AerialPerspectiveLUT.DepthResolution:16.0]]
[2023.02.24-16.13.23:548][  0]LogConfig: Setting CVar [[r.SkyAtmosphere.FastSkyLUT:1]]
[2023.02.24-16.13.23:548][  0]LogConfig: Setting CVar [[r.SkyAtmosphere.FastSkyLUT.SampleCountMin:4.0]]
[2023.02.24-16.13.23:548][  0]LogConfig: Setting CVar [[r.SkyAtmosphere.FastSkyLUT.SampleCountMax:128.0]]
[2023.02.24-16.13.23:548][  0]LogConfig: Setting CVar [[r.SkyAtmosphere.SampleCountMin:4.0]]
[2023.02.24-16.13.23:548][  0]LogConfig: Setting CVar [[r.SkyAtmosphere.SampleCountMax:128.0]]
[2023.02.24-16.13.23:548][  0]LogConfig: Setting CVar [[r.SkyAtmosphere.TransmittanceLUT.UseSmallFormat:0]]
[2023.02.24-16.13.23:548][  0]LogConfig: Setting CVar [[r.SkyAtmosphere.TransmittanceLUT.SampleCount:10.0]]
[2023.02.24-16.13.23:548][  0]LogConfig: Setting CVar [[r.SkyAtmosphere.MultiScatteringLUT.SampleCount:15.0]]
[2023.02.24-16.13.23:548][  0]LogConfig: Setting CVar [[r.SkyLight.RealTimeReflectionCapture:1]]
[2023.02.24-16.13.23:548][  0]LogConfig: Applying CVar settings from Section [FoliageQuality@3] File [D:/UnrealProject/SchoolProject/InventoryProjectC++/MyInventory/MyInventory/Myinventory/Saved/Config/Windows/Scalability.ini]
[2023.02.24-16.13.23:548][  0]LogConfig: Setting CVar [[foliage.DensityScale:1.0]]
[2023.02.24-16.13.23:548][  0]LogConfig: Setting CVar [[grass.DensityScale:1.0]]
[2023.02.24-16.13.23:548][  0]LogConfig: Applying CVar settings from Section [ShadingQuality@3] File [D:/UnrealProject/SchoolProject/InventoryProjectC++/MyInventory/MyInventory/Myinventory/Saved/Config/Windows/Scalability.ini]
[2023.02.24-16.13.23:548][  0]LogConfig: Setting CVar [[r.HairStrands.SkyLighting.IntegrationType:2]]
[2023.02.24-16.13.23:548][  0]LogConfig: Setting CVar [[r.HairStrands.SkyAO.SampleCount:4]]
[2023.02.24-16.13.23:548][  0]LogConfig: Setting CVar [[r.HairStrands.Visibility.MSAA.SamplePerPixel:4]]
[2023.02.24-16.13.23:548][  0]LogConfig: Applying CVar settings from Section [Startup] File [../../../Engine/Config/ConsoleVariables.ini]
[2023.02.24-16.13.23:548][  0]LogConfig: Setting CVar [[net.UseAdaptiveNetUpdateFrequency:0]]
[2023.02.24-16.13.23:548][  0]LogConfig: Setting CVar [[p.chaos.AllowCreatePhysxBodies:1]]
[2023.02.24-16.13.23:548][  0]LogConfig: Setting CVar [[fx.SkipVectorVMBackendOptimizations:1]]
[2023.02.24-16.13.23:548][  0]LogConfig: Applying CVar settings from Section [ConsoleVariables] File [D:/UnrealProject/SchoolProject/InventoryProjectC++/MyInventory/MyInventory/Myinventory/Saved/Config/Windows/Engine.ini]
[2023.02.24-16.13.23:548][  0]LogConfig: Applying CVar settings from Section [ConsoleVariables] File [D:/UnrealProject/SchoolProject/InventoryProjectC++/MyInventory/MyInventory/Myinventory/Saved/Config/Windows/Editor.ini]
[2023.02.24-16.13.23:550][  0]LogInit: Computer: LAPTOP-EQMPUEL2
[2023.02.24-16.13.23:550][  0]LogInit: User: acer
[2023.02.24-16.13.23:550][  0]LogInit: CPU Page size=4096, Cores=6
[2023.02.24-16.13.23:550][  0]LogInit: High frequency timer resolution =10.000000 MHz
[2023.02.24-16.13.23:550][  0]LogMemory: Memory total: Physical=15.9GB (16GB approx)
[2023.02.24-16.13.23:550][  0]LogMemory: Platform Memory Stats for Windows
[2023.02.24-16.13.23:550][  0]LogMemory: Process Physical Memory: 149.92 MB used, 149.92 MB peak
[2023.02.24-16.13.23:550][  0]LogMemory: Process Virtual Memory: 127.93 MB used, 127.93 MB peak
[2023.02.24-16.13.23:550][  0]LogMemory: Physical Memory: 13298.24 MB used,  2933.00 MB free, 16231.24 MB total
[2023.02.24-16.13.23:550][  0]LogMemory: Virtual Memory: 134209216.00 MB used,  8511.70 MB free, 134217728.00 MB total
[2023.02.24-16.13.23:559][  0]LogWindows: WindowsPlatformFeatures enabled
[2023.02.24-16.13.24:533][  0]LogInit: Physics initialised using underlying interface: PhysX
[2023.02.24-16.13.24:554][  0]LogInit: Using OS detected language (en-US).
[2023.02.24-16.13.24:554][  0]LogInit: Using OS detected locale (en-US).
[2023.02.24-16.13.24:620][  0]LogTextLocalizationManager: No specific localization for 'en-US' exists, so the 'en' localization will be used.
[2023.02.24-16.13.25:369][  0]LogInit: Setting process to per monitor DPI aware
[2023.02.24-16.13.25:565][  0]LogWindowsTextInputMethodSystem: Display: IME system deactivated.
[2023.02.24-16.13.25:734][  0]LogSlate: New Slate User Created.  User Index 0, Is Virtual User: 0
[2023.02.24-16.13.25:734][  0]LogSlate: Slate User Registered.  User Index 0, Is Virtual User: 0
[2023.02.24-16.13.30:290][  0]LogD3D11RHI: Loaded GFSDK_Aftermath_Lib.x64.dll
[2023.02.24-16.13.30:421][  0]LogHMD: Failed to enumerate extensions. Please check that you have a valid OpenXR runtime installed.
[2023.02.24-16.13.30:421][  0]LogD3D11RHI: D3D11 min allowed feature level: 11_0
[2023.02.24-16.13.30:421][  0]LogD3D11RHI: D3D11 max allowed feature level: 11_0
[2023.02.24-16.13.30:421][  0]LogD3D11RHI: D3D11 adapters:
[2023.02.24-16.13.30:553][  0]LogD3D11RHI:    0. 'NVIDIA GeForce RTX 2060' (Feature Level 11_0)
[2023.02.24-16.13.30:553][  0]LogD3D11RHI:       5968/0/8115 MB DedicatedVideo/DedicatedSystem/SharedSystem, Outputs:1, VendorId:0x10de
[2023.02.24-16.13.30:585][  0]LogD3D11RHI:    1. 'Intel(R) UHD Graphics 630' (Feature Level 11_0)
[2023.02.24-16.13.30:586][  0]LogD3D11RHI:       128/0/8115 MB DedicatedVideo/DedicatedSystem/SharedSystem, Outputs:0, VendorId:0x8086
[2023.02.24-16.13.30:591][  0]LogD3D11RHI:    2. 'Microsoft Basic Render Driver' (Feature Level 11_0)
[2023.02.24-16.13.30:591][  0]LogD3D11RHI:       0/0/8115 MB DedicatedVideo/DedicatedSystem/SharedSystem, Outputs:0, VendorId:0x1414
[2023.02.24-16.13.30:591][  0]LogD3D11RHI: Chosen D3D11 Adapter:
[2023.02.24-16.13.30:591][  0]LogD3D11RHI:     Description : NVIDIA GeForce RTX 2060
[2023.02.24-16.13.30:591][  0]LogD3D11RHI:     VendorId    : 10de
[2023.02.24-16.13.30:591][  0]LogD3D11RHI:     DeviceId    : 1f11
[2023.02.24-16.13.30:591][  0]LogD3D11RHI:     SubSysId    : 13431025
[2023.02.24-16.13.30:591][  0]LogD3D11RHI:     Revision    : 00a1
[2023.02.24-16.13.30:591][  0]LogD3D11RHI:     DedicatedVideoMemory : 6257901568 bytes
[2023.02.24-16.13.30:591][  0]LogD3D11RHI:     DedicatedSystemMemory : 0 bytes
[2023.02.24-16.13.30:591][  0]LogD3D11RHI:     SharedSystemMemory : 8509843456 bytes
[2023.02.24-16.13.30:591][  0]LogD3D11RHI:     AdapterLuid : 0 76182
[2023.02.24-16.13.30:599][  0]LogD3D11RHI: Creating new Direct3DDevice
[2023.02.24-16.13.30:599][  0]LogD3D11RHI:     GPU DeviceId: 0x1f11 (for the marketing name, search the web for "GPU Device Id")
[2023.02.24-16.13.30:599][  0]LogWindows: EnumDisplayDevices:
[2023.02.24-16.13.30:599][  0]LogWindows:    0. 'Intel(R) UHD Graphics 630' (P:0 D:0)
[2023.02.24-16.13.30:599][  0]LogWindows:    1. 'Intel(R) UHD Graphics 630' (P:0 D:0)
[2023.02.24-16.13.30:599][  0]LogWindows:    2. 'Intel(R) UHD Graphics 630' (P:0 D:0)
[2023.02.24-16.13.30:600][  0]LogWindows:    3. 'NVIDIA GeForce RTX 2060' (P:1 D:1)
[2023.02.24-16.13.30:600][  0]LogWindows:    4. 'NVIDIA GeForce RTX 2060' (P:0 D:0)
[2023.02.24-16.13.30:600][  0]LogWindows:    5. 'NVIDIA GeForce RTX 2060' (P:0 D:0)
[2023.02.24-16.13.30:600][  0]LogWindows:    6. 'NVIDIA GeForce RTX 2060' (P:0 D:0)
[2023.02.24-16.13.30:600][  0]LogWindows: DebugString: PrimaryIsNotTheChoosenAdapter PrimaryIsNotTheChoosenAdapter PrimaryIsNotTheChoosenAdapter FoundDriverCount:4 
[2023.02.24-16.13.30:601][  0]LogD3D11RHI:     Adapter Name: NVIDIA GeForce RTX 2060
[2023.02.24-16.13.30:601][  0]LogD3D11RHI:   Driver Version: 528.24 (internal:31.0.15.2824, unified:528.24)
[2023.02.24-16.13.30:601][  0]LogD3D11RHI:      Driver Date: 1-15-2023
[2023.02.24-16.13.30:601][  0]LogRHI: Texture pool is 4177 MB (70% of 5968 MB)
[2023.02.24-16.13.30:601][  0]LogD3D11RHI: Creating D3DDevice using adapter:
[2023.02.24-16.13.30:601][  0]LogD3D11RHI:     Description : NVIDIA GeForce RTX 2060
[2023.02.24-16.13.30:601][  0]LogD3D11RHI:     VendorId    : 10de
[2023.02.24-16.13.30:601][  0]LogD3D11RHI:     DeviceId    : 1f11
[2023.02.24-16.13.30:601][  0]LogD3D11RHI:     SubSysId    : 13431025
[2023.02.24-16.13.30:601][  0]LogD3D11RHI:     Revision    : 00a1
[2023.02.24-16.13.30:601][  0]LogD3D11RHI:     DedicatedVideoMemory : 6257901568 bytes
[2023.02.24-16.13.30:601][  0]LogD3D11RHI:     DedicatedSystemMemory : 0 bytes
[2023.02.24-16.13.30:601][  0]LogD3D11RHI:     SharedSystemMemory : 8509843456 bytes
[2023.02.24-16.13.30:601][  0]LogD3D11RHI:     AdapterLuid : 0 76182
[2023.02.24-16.13.30:688][  0]LogD3D11RHI: RHI has support for 64 bit atomics
[2023.02.24-16.13.30:709][  0]LogD3D11RHI: Async texture creation enabled
[2023.02.24-16.13.30:709][  0]LogD3D11RHI: Array index from any shader is supported
[2023.02.24-16.13.31:021][  0]LogD3D11RHI: GPU Timing Frequency: 1000.000000 (Debug: 2 2)
[2023.02.24-16.13.31:162][  0]LogRHI: GeForceNow SDK initialized: 1
[2023.02.24-16.13.31:500][  0]LogTargetPlatformManager: Display: Loaded TargetPlatform 'AllDesktop'
[2023.02.24-16.13.31:578][  0]LogTargetPlatformManager: Display: Loaded TargetPlatform 'Android'
[2023.02.24-16.13.31:578][  0]LogTargetPlatformManager: Display: Loaded TargetPlatform 'Android_ASTC'
[2023.02.24-16.13.31:578][  0]LogTargetPlatformManager: Display: Loaded TargetPlatform 'Android_DXT'
[2023.02.24-16.13.31:578][  0]LogTargetPlatformManager: Display: Loaded TargetPlatform 'Android_ETC2'
[2023.02.24-16.13.31:578][  0]LogTargetPlatformManager: Display: Loaded TargetPlatform 'AndroidClient'
[2023.02.24-16.13.31:578][  0]LogTargetPlatformManager: Display: Loaded TargetPlatform 'Android_ASTCClient'
[2023.02.24-16.13.31:578][  0]LogTargetPlatformManager: Display: Loaded TargetPlatform 'Android_DXTClient'
[2023.02.24-16.13.31:578][  0]LogTargetPlatformManager: Display: Loaded TargetPlatform 'Android_ETC2Client'
[2023.02.24-16.13.31:578][  0]LogTargetPlatformManager: Display: Loaded TargetPlatform 'Android_Multi'
[2023.02.24-16.13.31:578][  0]LogTargetPlatformManager: Display: Loaded TargetPlatform 'Android_MultiClient'
[2023.02.24-16.13.31:669][  0]LogTargetPlatformManager: Display: Loaded TargetPlatform 'IOSClient'
[2023.02.24-16.13.31:669][  0]LogTargetPlatformManager: Display: Loaded TargetPlatform 'IOS'
[2023.02.24-16.13.31:720][  0]LogTargetPlatformManager: Display: Loaded TargetPlatform 'Linux'
[2023.02.24-16.13.31:750][  0]LogTargetPlatformManager: Display: Loaded TargetPlatform 'LinuxNoEditor'
[2023.02.24-16.13.31:806][  0]LogTargetPlatformManager: Display: Loaded TargetPlatform 'LinuxClient'
[2023.02.24-16.13.31:828][  0]LogTargetPlatformManager: Display: Loaded TargetPlatform 'LinuxServer'
[2023.02.24-16.13.31:866][  0]LogTargetPlatformManager: Display: Loaded TargetPlatform 'LinuxAArch64NoEditor'
[2023.02.24-16.13.31:910][  0]LogTargetPlatformManager: Display: Loaded TargetPlatform 'LinuxAArch64Client'
[2023.02.24-16.13.31:931][  0]LogTargetPlatformManager: Display: Loaded TargetPlatform 'LinuxAArch64Server'
[2023.02.24-16.13.32:017][  0]LogTargetPlatformManager: Display: Loaded TargetPlatform 'Lumin'
[2023.02.24-16.13.32:017][  0]LogTargetPlatformManager: Display: Loaded TargetPlatform 'LuminClient'
[2023.02.24-16.13.32:064][  0]LogTargetPlatformManager: Display: Loaded TargetPlatform 'MacNoEditor'
[2023.02.24-16.13.32:088][  0]LogTargetPlatformManager: Display: Loaded TargetPlatform 'Mac'
[2023.02.24-16.13.32:118][  0]LogTargetPlatformManager: Display: Loaded TargetPlatform 'MacClient'
[2023.02.24-16.13.32:142][  0]LogTargetPlatformManager: Display: Loaded TargetPlatform 'MacServer'
[2023.02.24-16.13.32:177][  0]LogTargetPlatformManager: Display: Loaded TargetPlatform 'TVOSClient'
[2023.02.24-16.13.32:177][  0]LogTargetPlatformManager: Display: Loaded TargetPlatform 'TVOS'
[2023.02.24-16.13.32:263][  0]LogTargetPlatformManager: Display: Loaded TargetPlatform 'WindowsNoEditor'
[2023.02.24-16.13.32:288][  0]LogTargetPlatformManager: Display: Loaded TargetPlatform 'Windows'
[2023.02.24-16.13.32:320][  0]LogTargetPlatformManager: Display: Loaded TargetPlatform 'WindowsClient'
[2023.02.24-16.13.32:344][  0]LogTargetPlatformManager: Display: Loaded TargetPlatform 'WindowsServer'
[2023.02.24-16.13.32:344][  0]LogTargetPlatformManager: Display: Building Assets For Windows
[2023.02.24-16.13.32:495][  0]LogAudioDebug: Display: Lib vorbis DLL was dynamically loaded.
[2023.02.24-16.13.32:892][  0]LogTextureFormatOodle: Display: Oodle Texture 2.9.0 init RDO Off
[2023.02.24-16.13.33:969][  0]LogRendererCore: Ray tracing is disabled. Reason: r.RayTracing=0.
[2023.02.24-16.13.33:995][  0]LogShaderCompilers: Guid format shader working directory is -54 characters bigger than the processId version (../../../../../UnrealProject/SchoolProject/InventoryProjectC++/MyInventory/MyInventory/Myinventory/Intermediate/Shaders/WorkingDirectory/27436/).
[2023.02.24-16.13.33:995][  0]LogShaderCompilers: Cleaned the shader compiler working directory 'C:/Users/acer/AppData/Local/Temp/UnrealShaderWorkingDir/5A230BA64176B196B981B78104281C94/'.
[2023.02.24-16.13.34:003][  0]LogXGEController: Cannot use XGE Controller as Incredibuild is not installed on this machine.
[2023.02.24-16.13.34:003][  0]LogShaderCompilers: Cannot use XGE Shader Compiler as Incredibuild is not installed on this machine.
[2023.02.24-16.13.34:003][  0]LogShaderCompilers: Display: Using Local Shader Compiler.
[2023.02.24-16.13.40:776][  0]LogDerivedDataCache: Display: Max Cache Size: 512 MB
[2023.02.24-16.13.40:923][  0]LogDerivedDataCache: Loaded boot cache 0.13s 103MB C:/Users/acer/AppData/Local/UnrealEngine/4.27/DerivedDataCache/Boot.ddc.
[2023.02.24-16.13.40:923][  0]LogDerivedDataCache: Display: Loaded Boot cache: C:/Users/acer/AppData/Local/UnrealEngine/4.27/DerivedDataCache/Boot.ddc
[2023.02.24-16.13.40:924][  0]LogDerivedDataCache: FDerivedDataBackendGraph:  Pak pak cache file ../../../../../UnrealProject/SchoolProject/InventoryProjectC++/MyInventory/MyInventory/Myinventory/DerivedDataCache/DDC.ddp not found, will not use a pak cache.
[2023.02.24-16.13.40:924][  0]LogDerivedDataCache: Unable to find inner node Pak for hierarchical cache Hierarchy.
[2023.02.24-16.13.40:924][  0]LogDerivedDataCache: FDerivedDataBackendGraph:  CompressedPak pak cache file ../../../../../UnrealProject/SchoolProject/InventoryProjectC++/MyInventory/MyInventory/Myinventory/DerivedDataCache/Compressed.ddp not found, will not use a pak cache.
[2023.02.24-16.13.40:924][  0]LogDerivedDataCache: Unable to find inner node CompressedPak for hierarchical cache Hierarchy.
[2023.02.24-16.13.40:958][  0]LogDerivedDataCache: Display: Pak cache opened for reading ../../../Engine/DerivedDataCache/Compressed.ddp.
[2023.02.24-16.13.40:958][  0]LogDerivedDataCache: FDerivedDataBackendGraph:  EnterprisePak pak cache file ../../../Enterprise/DerivedDataCache/Compressed.ddp not found, will not use a pak cache.
[2023.02.24-16.13.40:958][  0]LogDerivedDataCache: Unable to find inner node EnterprisePak for hierarchical cache Hierarchy.
[2023.02.24-16.13.41:014][  0]LogDerivedDataCache: Speed tests for C:/Users/acer/AppData/Local/UnrealEngine/Common/DerivedDataCache took 0.06 seconds
[2023.02.24-16.13.41:014][  0]LogDerivedDataCache: Display: Performance to C:/Users/acer/AppData/Local/UnrealEngine/Common/DerivedDataCache: Latency=0.19ms. RandomReadSpeed=20.32MBs, RandomWriteSpeed=122.79MBs. Assigned SpeedClass 'Local'
[2023.02.24-16.13.41:016][  0]LogDerivedDataCache: Using Local data cache path C:/Users/acer/AppData/Local/UnrealEngine/Common/DerivedDataCache: Writable
[2023.02.24-16.13.41:016][  0]LogDerivedDataCache: Shared data cache path not found in *engine.ini, will not use an Shared cache.
[2023.02.24-16.13.41:016][  0]LogDerivedDataCache: Unable to find inner node Shared for hierarchical cache Hierarchy.
[2023.02.24-16.13.41:090][  0]LogSlate: Using FreeType 2.10.0
[2023.02.24-16.13.41:165][  0]LogSlate: SlateFontServices - WITH_FREETYPE: 1, WITH_HARFBUZZ: 1
[2023.02.24-16.13.41:166][  0]LogHMD: Failed to enumerate extensions. Please check that you have a valid OpenXR runtime installed.
[2023.02.24-16.13.42:392][  0]LogAssetRegistry: FAssetRegistry took 0.0029 seconds to start up
[2023.02.24-16.13.46:750][  0]LogInit: Selected Device Profile: [Windows]
[2023.02.24-16.13.46:750][  0]LogInit: Active device profile: [0000024C627C1300][0000024C57D0AD00 49] Windows
[2023.02.24-16.13.46:750][  0]LogInit: Profiles: [0000024C627C1300][0000024C57D0AD00 49] Windows, [0000024C627AB400][0000024C5FB4CFC0 49] WindowsNoEditor, [0000024C627C2200][0000024C5FB51280 49] WindowsServer, [0000024C627AA200][0000024C5FB55540 49] WindowsClient, [0000024C627C3000][0000024C5FD25800 49] IOS, [0000024C627A9500][0000024C5FD29AC0 49] iPadAir, [0000024C627C3D00][0000024C5FD2C200 49] iPadAir2, [0000024C62756400][0000024C5FD40740 49] IPadPro, [0000024C62756500][0000024C5FD30780 49] iPadAir3, [0000024C627AA100][0000024C5FD38A40 49] iPadAir4, [0000024C62757300][0000024C5FB48CC0 49] iPadMini2, [0000024C627AB900][0000024C5FD34F40 49] iPadMini3, [0000024C62756300][0000024C5FD45200 49] iPadMini4, [0000024C627AA800][0000024C5FD494C0 49] iPadMini5, [0000024C62769D00][0000024C621E5A00 49] iPhone6, [0000024C62769E00][0000024C5FD4DA40 49] iPodTouch6, [0000024C627C2D00][0000024C621EC400 49] iPhone7, [0000024C627C2E00][0000024C5FD54440 49] iPodTouch7, [0000024C62755C00][0000024C621E0700 49] iPhone5S, [0000024C627C3900][0000024C5FD509C0 49] iPhone6Plus, [0000024C62755400][0000024C621E8C80 49] iPhone6S, [0000024C627C0700][0000024C5FD3CF00 49] iPhone6SPlus, [0000024C62754D00][0000024C621F1180 49] iPhone7Plus, [0000024C627C0D00][0000024C621F9440 49] iPhoneSE, [0000024C62754500][0000024C621FD700 49] iPhone8, [0000024C627C2B00][0000024C622019C0 49] iPhone8Plus, [0000024C62754900][0000024C62204100 49] iPhoneX, [0000024C62754F00][0000024C622083C0 49] iPhoneXS, [0000024C62768B00][0000024C6220C680 49] iPhoneXSMax, [0000024C62756200][0000024C62210940 49] iPhoneXR, [0000024C62769400][0000024C62214C00 49] iPhone11, [0000024C62756000][0000024C62218EC0 49] iPhone11Pro, [0000024C62769A00][0000024C621F5140 49] iPhone11ProMax, [0000024C62754A00][0000024C6221D3C0 49] iPhoneSE2, [0000024C6276BD00][0000024C62225680 49] iPhone12Mini, [0000024C62754E00][0000024C62229940 49] iPhone12, [0000024C6276A100][0000024C6222DC00 49] iPhone12Pro, [0000024C62769C00][0000024C63240340 49] iPhone12ProMax, [0000024C627C0B00][0000024C63244600 49] iPadPro105, [0000024C6276B800][0000024C632488C0 49] iPadPro129, [0000024C627C0800][0000024C6324CB80 49] iPadPro97, [0000024C62769800][0000024C63250E40 49] iPadPro2_129, [0000024C62755F00][0000024C63255100 49] iPad5, [0000024C62768E00][0000024C62221380 49] iPad6, [0000024C62755B00][0000024C6325D640 49] iPad7, [0000024C62768F00][0000024C63261900 49] iPad8, [0000024C62757D00][0000024C63265BC0 49] iPadPro11, [0000024C6276AF00][0000024C63268300 49] iPadPro2_11, [0000024C62756900][0000024C6326C5C0 49] iPadPro3_129, [0000024C62768800][0000024C63270880 49] iPadPro4_129, [0000024C62755500][0000024C63274B40 49] AppleTV, [0000024C6276AE00][0000024C63278E00 49] AppleTV4K, [0000024C62755E00][0000024C6327D0C0 49] TVOS, [0000024C62768300][0000024C63259340 49] Mac, [0000024C62755D00][0000024C632815C0 49] MacClient, [0000024C6276A600][0000024C63289880 49] MacNoEditor, [0000024C62757100][0000024C6328DB40 49] MacServer, [0000024C6276B700][0000024C63290280 49] Linux, [0000024C62754100][0000024C63294540 49] LinuxAArch64, [0000024C62769900][0000024C63298800 49] LinuxNoEditor, [0000024C62757C00][0000024C6329CAC0 49] LinuxAArch64NoEditor, [0000024C6276BB00][0000024C632A0D80 49] LinuxClient, [0000024C62757000][0000024C632A5040 49] LinuxAArch64Client, [0000024C6276BE00][0000024C632A9300 49] LinuxServer, [0000024C62754700][0000024C63285580 49] LinuxAArch64Server, [0000024C62769F00][0000024C632AD800 49] Android, [0000024C62754B00][0000024C632B5AC0 49] Android_Low, [0000024C6276A900][0000024C632B8200 49] Android_Mid, [0000024C62757800][0000024C632BC4C0 49] Android_High, [0000024C6276A500][0000024C632C0780 49] Android_Default, [0000024C62757700][0000024C632C4A40 49] Android_Adreno4xx, [0000024C6276A200][0000024C632C8D00 49] Android_Adreno5xx_Low, [0000024C62754C00][0000024C632CCFC0 49] Android_Adreno5xx, [0000024C6276B300][0000024C632D1280 49] Android_Adreno6xx, [0000024C62754300][0000024C632D5540 49] Android_Adreno6xx_Vulkan, [0000024C62769500][0000024C632B17C0 49] Android_Mali_T6xx, [0000024C62755800][0000024C632D9A40 49] Android_Mali_T7xx, [0000024C6276B500][0000024C632E0180 49] Android_Mali_T8xx, [0000024C62756D00][0000024C632E4440 49] Android_Mali_G71, [0000024C6276A800][0000024C632E8700 49] Android_Mali_G72, [0000024C62755200][0000024C632EC9C0 49] Android_Mali_G72_Vulkan, [0000024C62768D00][0000024C632F0C80 49] Android_Mali_G76, [0000024C62755700][0000024C632F4F40 49] Android_Mali_G76_Vulkan, [0000024C6276A700][0000024C632F9200 49] Android_Mali_G77, [0000024C62754200][0000024C632FD4C0 49] Android_Mali_G77_Vulkan, [0000024C627AA900][0000024C63301780 49] Android_Mali_G78, [0000024C627C0500][0000024C632DDA00 49] Android_Mali_G78_Vulkan, [0000024C627A8B00][0000024C63304100 49] Android_Mali_G710, [0000024C627C1D00][0000024C6330C3C0 49] Android_Mali_G710_Vulkan, [0000024C627A8900][0000024C63310680 49] Android_Vulkan_SM5, [0000024C627C3C00][0000024C63314940 49] Android_PowerVR_G6xxx, [0000024C627A8D00][0000024C63318C00 49] Android_PowerVR_GT7xxx, [0000024C627C3500][0000024C6331CEC0 49] Android_PowerVR_GE8xxx, [0000024C627A8200][0000024C63321180 49] Android_PowerVR_GM9xxx, [0000024C627C0300][0000024C63325440 49] Android_PowerVR_GM9xxx_Vulkan, [0000024C627AB500][0000024C63329700 49] Android_TegraK1, [0000024C627C3400][0000024C6332D9C0 49] Android_Unknown_Vulkan, [0000024C627A8F00][0000024C633080C0 49] Lumin, [0000024C627C3600][0000024C63330340 49] Lumin_Desktop, [0000024C627A9800][0000024C63338600 49] HoloLens, 
[2023.02.24-16.13.49:832][  0]LogMeshReduction: Using QuadricMeshReduction for automatic static mesh reduction
[2023.02.24-16.13.49:832][  0]LogMeshReduction: Using SimplygonMeshReduction for automatic skeletal mesh reduction
[2023.02.24-16.13.49:832][  0]LogMeshReduction: Using ProxyLODMeshReduction for automatic mesh merging
[2023.02.24-16.13.49:832][  0]LogMeshReduction: No distributed automatic mesh merging module available
[2023.02.24-16.13.49:892][  0]LogMeshMerging: No distributed automatic mesh merging module available
[2023.02.24-16.13.50:446][  0]LogNetVersion: Myinventory 1.0.0, NetCL: 17155196, EngineNetVer: 17, GameNetVer: 0 (Checksum: 3355418598)
[2023.02.24-16.14.04:065][  0]LogTexture: Default maximum texture size for cubemaps generated from long-lat sources has been changed from 512 to unlimited. In order to preserve old behaiour for '/Engine/MapTemplates/Sky/DaylightAmbientCubemap.DaylightAmbientCubemap', its maximum texture size has been explicitly set to 512.
[2023.02.24-16.14.04:549][  0]LogHMD: PokeAHoleMaterial loaded successfully
[2023.02.24-16.14.04:613][  0]LogUObjectArray: 17075 objects as part of root set at end of initial load.
[2023.02.24-16.14.04:613][  0]LogUObjectAllocator: 4275792 out of 0 bytes used by permanent object pool.
[2023.02.24-16.14.04:613][  0]LogUObjectArray: CloseDisregardForGC: 0/0 objects in disregard for GC pool
[2023.02.24-16.14.09:493][  0]LogPython: Using Python 3.7.7
[2023.02.24-16.14.10:796][  0]LogNiagaraDebuggerClient: Niagara Debugger Client Initialized | Session: F3BB9D4B43D8BE549C8D2494FFC2B3CD | Instance: DA66208B4561C73E787883A08504D55F (LAPTOP-EQMPUEL2-27436).
[2023.02.24-16.14.13:168][  0]LogTcpMessaging: Initializing TcpMessaging bridge
[2023.02.24-16.14.13:255][  0]LogUdpMessaging: Initializing bridge on interface 0.0.0.0:0 to multicast group 230.0.0.1:6666.
[2023.02.24-16.14.18:189][  0]SourceControl: Source control is disabled
[2023.02.24-16.14.18:189][  0]SourceControl: Source control is disabled
[2023.02.24-16.14.18:341][  0]SourceControl: Source control is disabled
[2023.02.24-16.14.18:428][  0]SourceControl: Source control is disabled
[2023.02.24-16.14.20:363][  0]SourceControl: Source control is disabled
[2023.02.24-16.14.20:413][  0]LogUProjectInfo: Found projects:
[2023.02.24-16.14.22:452][  0]LogOpenImageDenoise: OIDN starting up
[2023.02.24-16.14.23:342][  0]LogAndroidPermission: UAndroidPermissionCallbackProxy::GetInstance
[2023.02.24-16.14.23:612][  0]LogAudioCaptureCore: Display: No Audio Capture implementations found. Audio input will be silent.
[2023.02.24-16.14.23:612][  0]LogAudioCaptureCore: Display: No Audio Capture implementations found. Audio input will be silent.
[2023.02.24-16.14.24:829][  0]LogCollectionManager: Loaded 0 collections in 0.003025 seconds
[2023.02.24-16.14.25:067][  0]LogFileCache: Scanning file cache for directory 'D:/UnrealProject/SchoolProject/InventoryProjectC++/MyInventory/MyInventory/Myinventory/Saved/Collections/' took 0.01s
[2023.02.24-16.14.25:067][  0]LogFileCache: Scanning file cache for directory 'D:/UnrealProject/SchoolProject/InventoryProjectC++/MyInventory/MyInventory/Myinventory/Content/Developers/acer/Collections/' took 0.00s
[2023.02.24-16.14.25:067][  0]LogFileCache: Scanning file cache for directory 'D:/UnrealProject/SchoolProject/InventoryProjectC++/MyInventory/MyInventory/Myinventory/Content/Collections/' took 0.00s
[2023.02.24-16.14.25:067][  0]LogOcInput: OculusInput pre-init called
[2023.02.24-16.14.26:517][  0]LogEngine: Initializing Engine...
[2023.02.24-16.14.26:695][  0]LogHMD: Failed to enumerate extensions. Please check that you have a valid OpenXR runtime installed.
[2023.02.24-16.14.26:702][  0]LogMagicLeap: Warning: VR disabled because ZI is not enabled.  To enable, in the editor, Edit -> Project Settings -> Plugins -> Magic Leap Plugin -> Enable Zero Iteration
[2023.02.24-16.14.26:779][  0]LogStats: UGameplayTagsManager::InitializeManager -  0.001 s
[2023.02.24-16.14.27:444][  0]LogInit: Initializing FReadOnlyCVARCache
[2023.02.24-16.14.28:439][  0]LogAIModule: Creating AISystem for world Untitled
[2023.02.24-16.14.28:755][  0]LogAudio: Display: Initializing Audio Device Manager...
[2023.02.24-16.14.28:839][  0]LogAudio: Display: Loading Default Audio Settings Objects...
[2023.02.24-16.14.28:861][  0]LogAudio: Display: No default SoundConcurrencyObject specified (or failed to load).
[2023.02.24-16.14.28:890][  0]LogAudio: Display: Audio Device Manager Initialized
[2023.02.24-16.14.28:890][  0]LogAudio: Display: Creating Audio Device:                 Id: 1, Scope: Shared, Realtime: True
[2023.02.24-16.14.28:913][  0]LogAudioMixer: Display: Audio Mixer Platform Settings:
[2023.02.24-16.14.28:913][  0]LogAudioMixer: Display: 	Sample Rate:						  48000
[2023.02.24-16.14.28:913][  0]LogAudioMixer: Display: 	Callback Buffer Frame Size Requested: 1024
[2023.02.24-16.14.28:913][  0]LogAudioMixer: Display: 	Callback Buffer Frame Size To Use:	  1024
[2023.02.24-16.14.28:913][  0]LogAudioMixer: Display: 	Number of buffers to queue:			  2
[2023.02.24-16.14.28:913][  0]LogAudioMixer: Display: 	Max Channels (voices):				  32
[2023.02.24-16.14.28:913][  0]LogAudioMixer: Display: 	Number of Async Source Workers:		  0
[2023.02.24-16.14.28:922][  0]LogAudio: Display: AudioDevice MaxSources: 32
[2023.02.24-16.14.28:940][  0]LogAudio: Display: Audio Spatialization Plugin: None (built-in).
[2023.02.24-16.14.28:940][  0]LogAudio: Display: Audio Reverb Plugin: None (built-in).
[2023.02.24-16.14.28:940][  0]LogAudio: Display: Audio Occlusion Plugin: None (built-in).
[2023.02.24-16.14.28:940][  0]LogAudioMixer: Display: Initializing audio mixer.
[2023.02.24-16.14.29:075][  0]LogAudioMixer: Display: 0: FrontLeft
[2023.02.24-16.14.29:075][  0]LogAudioMixer: Display: 1: FrontRight
[2023.02.24-16.14.29:573][  0]LogAudioMixer: Display: Using Audio Device Hörlurar (Galaxy Buds (A71C))
[2023.02.24-16.14.29:622][  0]LogAudioMixer: Display: Initializing Sound Submixes...
[2023.02.24-16.14.29:685][  0]LogAudioMixer: Display: Creating Master Submix 'MasterSubmixDefault'
[2023.02.24-16.14.29:685][  0]LogAudioMixer: Display: Creating Master Submix 'MasterReverbSubmixDefault'
[2023.02.24-16.14.29:695][  0]LogAudioMixer: Display: Creating Master Submix 'MasterEQSubmixDefault'
[2023.02.24-16.14.29:695][  0]LogAudioMixer: FMixerPlatformXAudio2::StartAudioStream() called
[2023.02.24-16.14.29:695][  0]LogAudioMixer: Display: Output buffers initialized: Frames=1024, Channels=2, Samples=2048
[2023.02.24-16.14.29:696][  0]LogAudioMixer: Display: Starting AudioMixerPlatformInterface::RunInternal()
[2023.02.24-16.14.29:696][  0]LogAudioMixer: Display: FMixerPlatformXAudio2::SubmitBuffer() called for the first time
[2023.02.24-16.14.29:696][  0]LogInit: FAudioDevice initialized.
[2023.02.24-16.14.29:756][  0]LogAudio: Display: Audio Device (ID: 1) registered with world 'Untitled'.
[2023.02.24-16.14.29:783][  0]LogNetVersion: Set ProjectVersion to 1.0.0.0. Version Checksum will be recalculated on next use.
[2023.02.24-16.14.29:857][  0]LogDerivedDataCache: Saved boot cache 0.06s 103MB C:/Users/acer/AppData/Local/UnrealEngine/4.27/DerivedDataCache/Boot.ddc.
[2023.02.24-16.14.29:857][  0]LogInit: Texture streaming: Enabled
[2023.02.24-16.14.30:060][  0]LogAnalytics: Display: [UEEditor.Rocket.Release] APIServer = https://datarouter.ol.epicgames.com/. AppVersion = 4.27.2-18319896+++UE4+Release-4.27
[2023.02.24-16.14.30:165][  0]LogEngineSessionManager: EngineSessionManager initialized
[2023.02.24-16.14.30:165][  0]LogEditorSessionSummary: Verbose: Initializing EditorSessionSummaryWriter for editor session tracking
[2023.02.24-16.14.30:222][  0]LogEditorSessionSummary: EditorSessionSummaryWriter initialized
[2023.02.24-16.14.30:795][  0]LogInit: Transaction tracking system initialized
[2023.02.24-16.14.31:480][  0]BlueprintLog: New page: Editor Load
[2023.02.24-16.14.33:053][  0]LocalizationService: Localization service is disabled
[2023.02.24-16.14.33:662][  0]TimingProfiler: Initialize
[2023.02.24-16.14.33:665][  0]TimingProfiler: OnSessionChanged
[2023.02.24-16.14.33:665][  0]LoadingProfiler: Initialize
[2023.02.24-16.14.33:665][  0]LoadingProfiler: OnSessionChanged
[2023.02.24-16.14.33:665][  0]NetworkingProfiler: Initialize
[2023.02.24-16.14.33:667][  0]NetworkingProfiler: OnSessionChanged
[2023.02.24-16.14.33:667][  0]MemoryProfiler: Initialize
[2023.02.24-16.14.33:667][  0]MemoryProfiler: OnSessionChanged
[2023.02.24-16.14.36:160][  0]LogFileCache: Scanning file cache for directory 'D:/UnrealProject/SchoolProject/InventoryProjectC++/MyInventory/MyInventory/Myinventory/Content/' took 0.03s
[2023.02.24-16.14.36:160][  0]LogCook: Display: CookSettings for Memory: MemoryMaxUsedVirtual 0MiB, MemoryMaxUsedPhysical 16384MiB, MemoryMinFreeVirtual 0MiB, MemoryMinFreePhysical 1024MiB
[2023.02.24-16.14.36:160][  0]LogCook: Display: Mobile HDR setting 1
[2023.02.24-16.14.40:061][  0]LogInit: Display: Engine is initialized. Leaving FEngineLoop::Init()
[2023.02.24-16.14.40:201][  0]SourceControl: Source control is disabled
[2023.02.24-16.14.40:217][  0]LogUnrealEdMisc: Loading editor; pre map load, took 86.565
[2023.02.24-16.14.40:318][  0]LightingResults: New page: Lighting Build
[2023.02.24-16.14.40:533][  0]LogWorld: UWorld::CleanupWorld for Untitled, bSessionEnded=true, bCleanupResources=true
[2023.02.24-16.14.40:604][  0]LogSlate: InvalidateAllWidgets triggered.  All widgets were invalidated
[2023.02.24-16.14.40:683][  0]MapCheck: New page: Map Check
[2023.02.24-16.14.40:683][  0]LightingResults: New page: Lighting Build
[2023.02.24-16.14.41:191][  0]LogAudio: Display: Audio Device unregistered from world 'None'.
[2023.02.24-16.14.41:530][  0]LogUObjectHash: Compacting FUObjectHashTables data took   2.77ms
[2023.02.24-16.14.42:414][  0]LogAudio: Display: Audio Device (ID: 1) registered with world 'ThirdPersonExampleMap'.
[2023.02.24-16.14.42:415][  0]LogAIModule: Creating AISystem for world ThirdPersonExampleMap
[2023.02.24-16.14.43:575][  0]LogEditorServer: Finished looking for orphan Actors (0.000 secs)
[2023.02.24-16.14.43:986][  0]LogUObjectHash: Compacting FUObjectHashTables data took   0.88ms
[2023.02.24-16.14.44:018][  0]Cmd: MAP CHECKDEP NOCLEARLOG
[2023.02.24-16.14.44:031][  0]MapCheck: Map check complete: 0 Error(s), 0 Warning(s), took 12.744ms to complete.
[2023.02.24-16.14.44:031][  0]LogFileHelpers: Loading map 'ThirdPersonExampleMap' took 3.800
[2023.02.24-16.14.45:175][  0]LogUnrealEdMisc: Total Editor Startup Time, took 91.526
[2023.02.24-16.14.46:505][  0]LogSlate: Updating window title bar state: overlay mode, drag disabled, window buttons hidden, title bar hidden
[2023.02.24-16.14.46:525][  0]LogSlate: Updating window title bar state: overlay mode, drag disabled, window buttons hidden, title bar hidden
[2023.02.24-16.14.46:531][  0]LogSlate: Updating window title bar state: overlay mode, drag disabled, window buttons hidden, title bar hidden
[2023.02.24-16.14.46:537][  0]LogSlate: Updating window title bar state: overlay mode, drag disabled, window buttons hidden, title bar hidden
[2023.02.24-16.14.47:007][  0]LogNativeClassHierarchy: Verbose: Native class hierarchy populated in 0.0154 seconds. Added 3816 classes and 923 folders.
[2023.02.24-16.14.47:218][  0]LogNativeClassHierarchy: Verbose: Native class hierarchy updated for 'WidgetCarousel' in 0.0003 seconds. Added 0 classes and 0 folders.
[2023.02.24-16.14.47:288][  0]LogPakFile: PakFile PrimaryIndexSize=191
[2023.02.24-16.14.47:288][  0]LogPakFile: PakFile PathHashIndexSize=101
[2023.02.24-16.14.47:288][  0]LogPakFile: PakFile FullDirectoryIndexSize=160
[2023.02.24-16.14.47:337][  0]LogShaderLibrary: Display: ShaderCodeLibraryPakFileMountedCallback: PakFile 'D:/Unreal Eninge/UE_4.27/FeaturePacks/MobileStarterContent.upack' (chunk index -1, root 'root:/') mounted
[2023.02.24-16.14.47:337][  0]LogShaderLibrary: Display: ShaderCodeLibraryPakFileMountedCallback: pending pak file info (ChunkID:-1 Root:root:/ File:D:/Unreal Eninge/UE_4.27/FeaturePacks/MobileStarterContent.upack)
[2023.02.24-16.14.47:337][  0]LogPakFile: OnPakFileMounted2Time == 0.047993
[2023.02.24-16.14.47:383][  0]LogPakFile: PakFile PrimaryIndexSize=185
[2023.02.24-16.14.47:383][  0]LogPakFile: PakFile PathHashIndexSize=101
[2023.02.24-16.14.47:383][  0]LogPakFile: PakFile FullDirectoryIndexSize=148
[2023.02.24-16.14.47:383][  0]LogShaderLibrary: Display: ShaderCodeLibraryPakFileMountedCallback: PakFile 'D:/Unreal Eninge/UE_4.27/FeaturePacks/StarterContent.upack' (chunk index -1, root 'root:/') mounted
[2023.02.24-16.14.47:383][  0]LogShaderLibrary: Display: ShaderCodeLibraryPakFileMountedCallback: pending pak file info (ChunkID:-1 Root:root:/ File:D:/Unreal Eninge/UE_4.27/FeaturePacks/StarterContent.upack)
[2023.02.24-16.14.47:383][  0]LogPakFile: OnPakFileMounted2Time == 0.000116
[2023.02.24-16.14.47:411][  0]LogPakFile: PakFile PrimaryIndexSize=187
[2023.02.24-16.14.47:411][  0]LogPakFile: PakFile PathHashIndexSize=101
[2023.02.24-16.14.47:411][  0]LogPakFile: PakFile FullDirectoryIndexSize=148
[2023.02.24-16.14.47:411][  0]LogShaderLibrary: Display: ShaderCodeLibraryPakFileMountedCallback: PakFile 'D:/Unreal Eninge/UE_4.27/FeaturePacks/FP_FirstPerson.upack' (chunk index -1, root 'root:/') mounted
[2023.02.24-16.14.47:411][  0]LogShaderLibrary: Display: ShaderCodeLibraryPakFileMountedCallback: pending pak file info (ChunkID:-1 Root:root:/ File:D:/Unreal Eninge/UE_4.27/FeaturePacks/FP_FirstPerson.upack)
[2023.02.24-16.14.47:411][  0]LogPakFile: OnPakFileMounted2Time == 0.000115
[2023.02.24-16.14.47:434][  0]LogPakFile: PakFile PrimaryIndexSize=189
[2023.02.24-16.14.47:434][  0]LogPakFile: PakFile PathHashIndexSize=101
[2023.02.24-16.14.47:434][  0]LogPakFile: PakFile FullDirectoryIndexSize=152
[2023.02.24-16.14.47:435][  0]LogShaderLibrary: Display: ShaderCodeLibraryPakFileMountedCallback: PakFile 'D:/Unreal Eninge/UE_4.27/FeaturePacks/FP_FirstPersonBP.upack' (chunk index -1, root 'root:/') mounted
[2023.02.24-16.14.47:435][  0]LogShaderLibrary: Display: ShaderCodeLibraryPakFileMountedCallback: pending pak file info (ChunkID:-1 Root:root:/ File:D:/Unreal Eninge/UE_4.27/FeaturePacks/FP_FirstPersonBP.upack)
[2023.02.24-16.14.47:435][  0]LogPakFile: OnPakFileMounted2Time == 0.000075
[2023.02.24-16.14.47:443][  0]LogPakFile: PakFile PrimaryIndexSize=190
[2023.02.24-16.14.47:443][  0]LogPakFile: PakFile PathHashIndexSize=101
[2023.02.24-16.14.47:443][  0]LogPakFile: PakFile FullDirectoryIndexSize=154
[2023.02.24-16.14.47:443][  0]LogShaderLibrary: Display: ShaderCodeLibraryPakFileMountedCallback: PakFile 'D:/Unreal Eninge/UE_4.27/FeaturePacks/TP_2DSideScroller.upack' (chunk index -1, root 'root:/') mounted
[2023.02.24-16.14.47:443][  0]LogShaderLibrary: Display: ShaderCodeLibraryPakFileMountedCallback: pending pak file info (ChunkID:-1 Root:root:/ File:D:/Unreal Eninge/UE_4.27/FeaturePacks/TP_2DSideScroller.upack)
[2023.02.24-16.14.47:443][  0]LogPakFile: OnPakFileMounted2Time == 0.000055
[2023.02.24-16.14.47:450][  0]LogPakFile: PakFile PrimaryIndexSize=192
[2023.02.24-16.14.47:450][  0]LogPakFile: PakFile PathHashIndexSize=101
[2023.02.24-16.14.47:450][  0]LogPakFile: PakFile FullDirectoryIndexSize=158
[2023.02.24-16.14.47:450][  0]LogShaderLibrary: Display: ShaderCodeLibraryPakFileMountedCallback: PakFile 'D:/Unreal Eninge/UE_4.27/FeaturePacks/TP_2DSideScrollerBP.upack' (chunk index -1, root 'root:/') mounted
[2023.02.24-16.14.47:450][  0]LogShaderLibrary: Display: ShaderCodeLibraryPakFileMountedCallback: pending pak file info (ChunkID:-1 Root:root:/ File:D:/Unreal Eninge/UE_4.27/FeaturePacks/TP_2DSideScrollerBP.upack)
[2023.02.24-16.14.47:450][  0]LogPakFile: OnPakFileMounted2Time == 0.000043
[2023.02.24-16.14.47:455][  0]LogPakFile: PakFile PrimaryIndexSize=182
[2023.02.24-16.14.47:455][  0]LogPakFile: PakFile PathHashIndexSize=101
[2023.02.24-16.14.47:455][  0]LogPakFile: PakFile FullDirectoryIndexSize=138
[2023.02.24-16.14.47:455][  0]LogShaderLibrary: Display: ShaderCodeLibraryPakFileMountedCallback: PakFile 'D:/Unreal Eninge/UE_4.27/FeaturePacks/TP_Flying.upack' (chunk index -1, root 'root:/') mounted
[2023.02.24-16.14.47:455][  0]LogShaderLibrary: Display: ShaderCodeLibraryPakFileMountedCallback: pending pak file info (ChunkID:-1 Root:root:/ File:D:/Unreal Eninge/UE_4.27/FeaturePacks/TP_Flying.upack)
[2023.02.24-16.14.47:455][  0]LogPakFile: OnPakFileMounted2Time == 0.000041
[2023.02.24-16.14.47:463][  0]LogPakFile: PakFile PrimaryIndexSize=184
[2023.02.24-16.14.47:463][  0]LogPakFile: PakFile PathHashIndexSize=101
[2023.02.24-16.14.47:463][  0]LogPakFile: PakFile FullDirectoryIndexSize=142
[2023.02.24-16.14.47:463][  0]LogShaderLibrary: Display: ShaderCodeLibraryPakFileMountedCallback: PakFile 'D:/Unreal Eninge/UE_4.27/FeaturePacks/TP_FlyingBP.upack' (chunk index -1, root 'root:/') mounted
[2023.02.24-16.14.47:463][  0]LogShaderLibrary: Display: ShaderCodeLibraryPakFileMountedCallback: pending pak file info (ChunkID:-1 Root:root:/ File:D:/Unreal Eninge/UE_4.27/FeaturePacks/TP_FlyingBP.upack)
[2023.02.24-16.14.47:463][  0]LogPakFile: OnPakFileMounted2Time == 0.000041
[2023.02.24-16.14.47:478][  0]LogPakFile: PakFile PrimaryIndexSize=188
[2023.02.24-16.14.47:478][  0]LogPakFile: PakFile PathHashIndexSize=101
[2023.02.24-16.14.47:478][  0]LogPakFile: PakFile FullDirectoryIndexSize=150
[2023.02.24-16.14.47:478][  0]LogShaderLibrary: Display: ShaderCodeLibraryPakFileMountedCallback: PakFile 'D:/Unreal Eninge/UE_4.27/FeaturePacks/TP_HandheldARBP.upack' (chunk index -1, root 'root:/') mounted
[2023.02.24-16.14.47:478][  0]LogShaderLibrary: Display: ShaderCodeLibraryPakFileMountedCallback: pending pak file info (ChunkID:-1 Root:root:/ File:D:/Unreal Eninge/UE_4.27/FeaturePacks/TP_HandheldARBP.upack)
[2023.02.24-16.14.47:478][  0]LogPakFile: OnPakFileMounted2Time == 0.000041
[2023.02.24-16.14.47:501][  0]LogPakFile: PakFile PrimaryIndexSize=182
[2023.02.24-16.14.47:501][  0]LogPakFile: PakFile PathHashIndexSize=101
[2023.02.24-16.14.47:501][  0]LogPakFile: PakFile FullDirectoryIndexSize=138
[2023.02.24-16.14.47:501][  0]LogShaderLibrary: Display: ShaderCodeLibraryPakFileMountedCallback: PakFile 'D:/Unreal Eninge/UE_4.27/FeaturePacks/TP_Puzzle.upack' (chunk index -1, root 'root:/') mounted
[2023.02.24-16.14.47:501][  0]LogShaderLibrary: Display: ShaderCodeLibraryPakFileMountedCallback: pending pak file info (ChunkID:-1 Root:root:/ File:D:/Unreal Eninge/UE_4.27/FeaturePacks/TP_Puzzle.upack)
[2023.02.24-16.14.47:501][  0]LogPakFile: OnPakFileMounted2Time == 0.000042
[2023.02.24-16.14.47:508][  0]LogPakFile: PakFile PrimaryIndexSize=184
[2023.02.24-16.14.47:508][  0]LogPakFile: PakFile PathHashIndexSize=101
[2023.02.24-16.14.47:508][  0]LogPakFile: PakFile FullDirectoryIndexSize=142
[2023.02.24-16.14.47:508][  0]LogShaderLibrary: Display: ShaderCodeLibraryPakFileMountedCallback: PakFile 'D:/Unreal Eninge/UE_4.27/FeaturePacks/TP_PuzzleBP.upack' (chunk index -1, root 'root:/') mounted
[2023.02.24-16.14.47:508][  0]LogShaderLibrary: Display: ShaderCodeLibraryPakFileMountedCallback: pending pak file info (ChunkID:-1 Root:root:/ File:D:/Unreal Eninge/UE_4.27/FeaturePacks/TP_PuzzleBP.upack)
[2023.02.24-16.14.47:508][  0]LogPakFile: OnPakFileMounted2Time == 0.000042
[2023.02.24-16.14.47:514][  0]LogPakFile: PakFile PrimaryIndexSize=183
[2023.02.24-16.14.47:514][  0]LogPakFile: PakFile PathHashIndexSize=101
[2023.02.24-16.14.47:514][  0]LogPakFile: PakFile FullDirectoryIndexSize=140
[2023.02.24-16.14.47:514][  0]LogShaderLibrary: Display: ShaderCodeLibraryPakFileMountedCallback: PakFile 'D:/Unreal Eninge/UE_4.27/FeaturePacks/TP_Rolling.upack' (chunk index -1, root 'root:/') mounted
[2023.02.24-16.14.47:514][  0]LogShaderLibrary: Display: ShaderCodeLibraryPakFileMountedCallback: pending pak file info (ChunkID:-1 Root:root:/ File:D:/Unreal Eninge/UE_4.27/FeaturePacks/TP_Rolling.upack)
[2023.02.24-16.14.47:514][  0]LogPakFile: OnPakFileMounted2Time == 0.000042
[2023.02.24-16.14.47:520][  0]LogPakFile: PakFile PrimaryIndexSize=185
[2023.02.24-16.14.47:520][  0]LogPakFile: PakFile PathHashIndexSize=101
[2023.02.24-16.14.47:520][  0]LogPakFile: PakFile FullDirectoryIndexSize=144
[2023.02.24-16.14.47:520][  0]LogShaderLibrary: Display: ShaderCodeLibraryPakFileMountedCallback: PakFile 'D:/Unreal Eninge/UE_4.27/FeaturePacks/TP_RollingBP.upack' (chunk index -1, root 'root:/') mounted
[2023.02.24-16.14.47:520][  0]LogShaderLibrary: Display: ShaderCodeLibraryPakFileMountedCallback: pending pak file info (ChunkID:-1 Root:root:/ File:D:/Unreal Eninge/UE_4.27/FeaturePacks/TP_RollingBP.upack)
[2023.02.24-16.14.47:520][  0]LogPakFile: OnPakFileMounted2Time == 0.000037
[2023.02.24-16.14.47:527][  0]LogPakFile: PakFile PrimaryIndexSize=188
[2023.02.24-16.14.47:527][  0]LogPakFile: PakFile PathHashIndexSize=101
[2023.02.24-16.14.47:527][  0]LogPakFile: PakFile FullDirectoryIndexSize=150
[2023.02.24-16.14.47:527][  0]LogShaderLibrary: Display: ShaderCodeLibraryPakFileMountedCallback: PakFile 'D:/Unreal Eninge/UE_4.27/FeaturePacks/TP_SideScroller.upack' (chunk index -1, root 'root:/') mounted
[2023.02.24-16.14.47:527][  0]LogShaderLibrary: Display: ShaderCodeLibraryPakFileMountedCallback: pending pak file info (ChunkID:-1 Root:root:/ File:D:/Unreal Eninge/UE_4.27/FeaturePacks/TP_SideScroller.upack)
[2023.02.24-16.14.47:527][  0]LogPakFile: OnPakFileMounted2Time == 0.000041
[2023.02.24-16.14.47:533][  0]LogPakFile: PakFile PrimaryIndexSize=190
[2023.02.24-16.14.47:533][  0]LogPakFile: PakFile PathHashIndexSize=101
[2023.02.24-16.14.47:533][  0]LogPakFile: PakFile FullDirectoryIndexSize=154
[2023.02.24-16.14.47:533][  0]LogShaderLibrary: Display: ShaderCodeLibraryPakFileMountedCallback: PakFile 'D:/Unreal Eninge/UE_4.27/FeaturePacks/TP_SideScrollerBP.upack' (chunk index -1, root 'root:/') mounted
[2023.02.24-16.14.47:533][  0]LogShaderLibrary: Display: ShaderCodeLibraryPakFileMountedCallback: pending pak file info (ChunkID:-1 Root:root:/ File:D:/Unreal Eninge/UE_4.27/FeaturePacks/TP_SideScrollerBP.upack)
[2023.02.24-16.14.47:533][  0]LogPakFile: OnPakFileMounted2Time == 0.000038
[2023.02.24-16.14.47:538][  0]LogPakFile: PakFile PrimaryIndexSize=187
[2023.02.24-16.14.47:538][  0]LogPakFile: PakFile PathHashIndexSize=101
[2023.02.24-16.14.47:538][  0]LogPakFile: PakFile FullDirectoryIndexSize=148
[2023.02.24-16.14.47:538][  0]LogShaderLibrary: Display: ShaderCodeLibraryPakFileMountedCallback: PakFile 'D:/Unreal Eninge/UE_4.27/FeaturePacks/TP_ThirdPerson.upack' (chunk index -1, root 'root:/') mounted
[2023.02.24-16.14.47:538][  0]LogShaderLibrary: Display: ShaderCodeLibraryPakFileMountedCallback: pending pak file info (ChunkID:-1 Root:root:/ File:D:/Unreal Eninge/UE_4.27/FeaturePacks/TP_ThirdPerson.upack)
[2023.02.24-16.14.47:538][  0]LogPakFile: OnPakFileMounted2Time == 0.000038
[2023.02.24-16.14.47:555][  0]LogPakFile: PakFile PrimaryIndexSize=189
[2023.02.24-16.14.47:555][  0]LogPakFile: PakFile PathHashIndexSize=101
[2023.02.24-16.14.47:555][  0]LogPakFile: PakFile FullDirectoryIndexSize=152
[2023.02.24-16.14.47:555][  0]LogShaderLibrary: Display: ShaderCodeLibraryPakFileMountedCallback: PakFile 'D:/Unreal Eninge/UE_4.27/FeaturePacks/TP_ThirdPersonBP.upack' (chunk index -1, root 'root:/') mounted
[2023.02.24-16.14.47:555][  0]LogShaderLibrary: Display: ShaderCodeLibraryPakFileMountedCallback: pending pak file info (ChunkID:-1 Root:root:/ File:D:/Unreal Eninge/UE_4.27/FeaturePacks/TP_ThirdPersonBP.upack)
[2023.02.24-16.14.47:555][  0]LogPakFile: OnPakFileMounted2Time == 0.000049
[2023.02.24-16.14.47:561][  0]LogPakFile: PakFile PrimaryIndexSize=183
[2023.02.24-16.14.47:561][  0]LogPakFile: PakFile PathHashIndexSize=101
[2023.02.24-16.14.47:561][  0]LogPakFile: PakFile FullDirectoryIndexSize=140
[2023.02.24-16.14.47:561][  0]LogShaderLibrary: Display: ShaderCodeLibraryPakFileMountedCallback: PakFile 'D:/Unreal Eninge/UE_4.27/FeaturePacks/TP_TopDown.upack' (chunk index -1, root 'root:/') mounted
[2023.02.24-16.14.47:561][  0]LogShaderLibrary: Display: ShaderCodeLibraryPakFileMountedCallback: pending pak file info (ChunkID:-1 Root:root:/ File:D:/Unreal Eninge/UE_4.27/FeaturePacks/TP_TopDown.upack)
[2023.02.24-16.14.47:561][  0]LogPakFile: OnPakFileMounted2Time == 0.000047
[2023.02.24-16.14.47:568][  0]LogPakFile: PakFile PrimaryIndexSize=185
[2023.02.24-16.14.47:568][  0]LogPakFile: PakFile PathHashIndexSize=101
[2023.02.24-16.14.47:568][  0]LogPakFile: PakFile FullDirectoryIndexSize=144
[2023.02.24-16.14.47:568][  0]LogShaderLibrary: Display: ShaderCodeLibraryPakFileMountedCallback: PakFile 'D:/Unreal Eninge/UE_4.27/FeaturePacks/TP_TopDownBP.upack' (chunk index -1, root 'root:/') mounted
[2023.02.24-16.14.47:568][  0]LogShaderLibrary: Display: ShaderCodeLibraryPakFileMountedCallback: pending pak file info (ChunkID:-1 Root:root:/ File:D:/Unreal Eninge/UE_4.27/FeaturePacks/TP_TopDownBP.upack)
[2023.02.24-16.14.47:568][  0]LogPakFile: OnPakFileMounted2Time == 0.000038
[2023.02.24-16.14.47:577][  0]LogPakFile: PakFile PrimaryIndexSize=185
[2023.02.24-16.14.47:577][  0]LogPakFile: PakFile PathHashIndexSize=101
[2023.02.24-16.14.47:577][  0]LogPakFile: PakFile FullDirectoryIndexSize=144
[2023.02.24-16.14.47:577][  0]LogShaderLibrary: Display: ShaderCodeLibraryPakFileMountedCallback: PakFile 'D:/Unreal Eninge/UE_4.27/FeaturePacks/TP_TwinStick.upack' (chunk index -1, root 'root:/') mounted
[2023.02.24-16.14.47:578][  0]LogShaderLibrary: Display: ShaderCodeLibraryPakFileMountedCallback: pending pak file info (ChunkID:-1 Root:root:/ File:D:/Unreal Eninge/UE_4.27/FeaturePacks/TP_TwinStick.upack)
[2023.02.24-16.14.47:578][  0]LogPakFile: OnPakFileMounted2Time == 0.000045
[2023.02.24-16.14.47:583][  0]LogPakFile: PakFile PrimaryIndexSize=187
[2023.02.24-16.14.47:583][  0]LogPakFile: PakFile PathHashIndexSize=101
[2023.02.24-16.14.47:583][  0]LogPakFile: PakFile FullDirectoryIndexSize=148
[2023.02.24-16.14.47:583][  0]LogShaderLibrary: Display: ShaderCodeLibraryPakFileMountedCallback: PakFile 'D:/Unreal Eninge/UE_4.27/FeaturePacks/TP_TwinStickBP.upack' (chunk index -1, root 'root:/') mounted
[2023.02.24-16.14.47:583][  0]LogShaderLibrary: Display: ShaderCodeLibraryPakFileMountedCallback: pending pak file info (ChunkID:-1 Root:root:/ File:D:/Unreal Eninge/UE_4.27/FeaturePacks/TP_TwinStickBP.upack)
[2023.02.24-16.14.47:583][  0]LogPakFile: OnPakFileMounted2Time == 0.000040
[2023.02.24-16.14.47:589][  0]LogPakFile: PakFile PrimaryIndexSize=183
[2023.02.24-16.14.47:589][  0]LogPakFile: PakFile PathHashIndexSize=101
[2023.02.24-16.14.47:589][  0]LogPakFile: PakFile FullDirectoryIndexSize=140
[2023.02.24-16.14.47:589][  0]LogShaderLibrary: Display: ShaderCodeLibraryPakFileMountedCallback: PakFile 'D:/Unreal Eninge/UE_4.27/FeaturePacks/TP_Vehicle.upack' (chunk index -1, root 'root:/') mounted
[2023.02.24-16.14.47:589][  0]LogShaderLibrary: Display: ShaderCodeLibraryPakFileMountedCallback: pending pak file info (ChunkID:-1 Root:root:/ File:D:/Unreal Eninge/UE_4.27/FeaturePacks/TP_Vehicle.upack)
[2023.02.24-16.14.47:589][  0]LogPakFile: OnPakFileMounted2Time == 0.000039
[2023.02.24-16.14.47:595][  0]LogPakFile: PakFile PrimaryIndexSize=186
[2023.02.24-16.14.47:595][  0]LogPakFile: PakFile PathHashIndexSize=101
[2023.02.24-16.14.47:595][  0]LogPakFile: PakFile FullDirectoryIndexSize=146
[2023.02.24-16.14.47:595][  0]LogShaderLibrary: Display: ShaderCodeLibraryPakFileMountedCallback: PakFile 'D:/Unreal Eninge/UE_4.27/FeaturePacks/TP_VehicleAdv.upack' (chunk index -1, root 'root:/') mounted
[2023.02.24-16.14.47:595][  0]LogShaderLibrary: Display: ShaderCodeLibraryPakFileMountedCallback: pending pak file info (ChunkID:-1 Root:root:/ File:D:/Unreal Eninge/UE_4.27/FeaturePacks/TP_VehicleAdv.upack)
[2023.02.24-16.14.47:595][  0]LogPakFile: OnPakFileMounted2Time == 0.000042
[2023.02.24-16.14.47:601][  0]LogPakFile: PakFile PrimaryIndexSize=188
[2023.02.24-16.14.47:601][  0]LogPakFile: PakFile PathHashIndexSize=101
[2023.02.24-16.14.47:601][  0]LogPakFile: PakFile FullDirectoryIndexSize=150
[2023.02.24-16.14.47:601][  0]LogShaderLibrary: Display: ShaderCodeLibraryPakFileMountedCallback: PakFile 'D:/Unreal Eninge/UE_4.27/FeaturePacks/TP_VehicleAdvBP.upack' (chunk index -1, root 'root:/') mounted
[2023.02.24-16.14.47:601][  0]LogShaderLibrary: Display: ShaderCodeLibraryPakFileMountedCallback: pending pak file info (ChunkID:-1 Root:root:/ File:D:/Unreal Eninge/UE_4.27/FeaturePacks/TP_VehicleAdvBP.upack)
[2023.02.24-16.14.47:601][  0]LogPakFile: OnPakFileMounted2Time == 0.000037
[2023.02.24-16.14.47:607][  0]LogPakFile: PakFile PrimaryIndexSize=185
[2023.02.24-16.14.47:607][  0]LogPakFile: PakFile PathHashIndexSize=101
[2023.02.24-16.14.47:607][  0]LogPakFile: PakFile FullDirectoryIndexSize=144
[2023.02.24-16.14.47:607][  0]LogShaderLibrary: Display: ShaderCodeLibraryPakFileMountedCallback: PakFile 'D:/Unreal Eninge/UE_4.27/FeaturePacks/TP_VehicleBP.upack' (chunk index -1, root 'root:/') mounted
[2023.02.24-16.14.47:607][  0]LogShaderLibrary: Display: ShaderCodeLibraryPakFileMountedCallback: pending pak file info (ChunkID:-1 Root:root:/ File:D:/Unreal Eninge/UE_4.27/FeaturePacks/TP_VehicleBP.upack)
[2023.02.24-16.14.47:607][  0]LogPakFile: OnPakFileMounted2Time == 0.000038
[2023.02.24-16.14.47:613][  0]LogPakFile: PakFile PrimaryIndexSize=192
[2023.02.24-16.14.47:613][  0]LogPakFile: PakFile PathHashIndexSize=101
[2023.02.24-16.14.47:613][  0]LogPakFile: PakFile FullDirectoryIndexSize=158
[2023.02.24-16.14.47:613][  0]LogShaderLibrary: Display: ShaderCodeLibraryPakFileMountedCallback: PakFile 'D:/Unreal Eninge/UE_4.27/FeaturePacks/TP_VirtualRealityBP.upack' (chunk index -1, root 'root:/') mounted
[2023.02.24-16.14.47:613][  0]LogShaderLibrary: Display: ShaderCodeLibraryPakFileMountedCallback: pending pak file info (ChunkID:-1 Root:root:/ File:D:/Unreal Eninge/UE_4.27/FeaturePacks/TP_VirtualRealityBP.upack)
[2023.02.24-16.14.47:613][  0]LogPakFile: OnPakFileMounted2Time == 0.000045
[2023.02.24-16.14.52:217][  0]LogNativeClassHierarchy: Verbose: Native class hierarchy updated for 'AddContentDialog' in 0.0003 seconds. Added 0 classes and 0 folders.
[2023.02.24-16.14.52:339][  0]LogNativeClassHierarchy: Verbose: Native class hierarchy updated for 'SceneOutliner' in 0.0003 seconds. Added 2 classes and 0 folders.
[2023.02.24-16.14.53:173][  0]LogSlate: Took 0.015644 seconds to synchronously load lazily loaded font '../../../Engine/Content/Slate/Fonts/Roboto-Regular.ttf' (155K)
[2023.02.24-16.14.53:195][  0]LogSlate: Took 0.019754 seconds to synchronously load lazily loaded font '../../../Engine/Content/Editor/Slate/Fonts/FontAwesome.ttf' (139K)
[2023.02.24-16.14.53:218][  0]LogSlate: Took 0.021417 seconds to synchronously load lazily loaded font '../../../Engine/Content/Slate/Fonts/Roboto-Bold.ttf' (160K)
[2023.02.24-16.14.54:303][  0]LogRenderer: Reallocating scene render targets to support 1208x568 Format 10 NumSamples 1 (Frame:1).
[2023.02.24-16.14.56:454][  0]LogNativeClassHierarchy: Verbose: Native class hierarchy updated for 'HierarchicalLODOutliner' in 0.0003 seconds. Added 0 classes and 0 folders.
[2023.02.24-16.14.56:467][  0]LogInput: Warning: Action Jump uses invalid key OculusGo_Left_Trigger_Click.
[2023.02.24-16.14.56:467][  0]LogInput: Warning: Action ResetVR uses invalid key OculusGo_Left_Trackpad_Click.
[2023.02.24-16.14.56:467][  0]LogInput: Warning: Use -RemoveInvalidKeys to remove instances of these keys from the action mapping.
[2023.02.24-16.14.56:467][  0]LogLoad: (Engine Initialization) Total time: 102.82 seconds
[2023.02.24-16.14.56:467][  0]LogLoad: (Engine Initialization) Total Blueprint compile time: 0.00 seconds
[2023.02.24-16.14.57:133][  0]LogContentStreaming: Texture pool size now 1000 MB
[2023.02.24-16.14.57:673][  1]LogAssetRegistry: Asset discovery search completed in 75.2821 seconds
[2023.02.24-16.14.57:870][  1]LogCollectionManager: Fixed up redirectors for 0 collections in 0.003764 seconds (updated 0 objects)
[2023.02.24-16.14.58:597][  2]LogSlate: Took 0.016069 seconds to synchronously load lazily loaded font '../../../Engine/Content/Slate/Fonts/Roboto-Light.ttf' (167K)
