Log file open, 02/24/23 16:38:10
LogWindows: Failed to load 'aqProf.dll' (GetLastError=126)
LogWindows: File 'aqProf.dll' does not exist
LogWindows: Failed to load 'VtuneApi.dll' (GetLastError=126)
LogWindows: File 'VtuneApi.dll' does not exist
LogWindows: Failed to load 'VtuneApi32e.dll' (GetLastError=126)
LogWindows: File 'VtuneApi32e.dll' does not exist
LogConsoleResponse: Display: Failed to find resolution value strings in scalability ini. Falling back to default.
LogConsoleResponse: Display: Failed to find resolution value strings in scalability ini. Falling back to default.
LogInit: Display: Running engine for game: Myinventory
LogPlatformFile: Not using cached read wrapper
LogTaskGraph: Started task graph with 5 named threads and 35 total threads with 3 sets of task threads.
LogStats: Stats thread started at 0.306163
LogICUInternationalization: ICU TimeZone Detection - Raw Offset: +1:00, Platform Override: ''
LogInit: Display: Loading text-based GConfig....
LogPluginManager: Mounting plugin MeshPainting
LogPluginManager: Mounting plugin XGEController
LogPluginManager: Mounting plugin Paper2D
LogPluginManager: Mounting plugin AISupport
LogPluginManager: Mounting plugin EnvironmentQueryEditor
LogPluginManager: Mounting plugin LiveLink
LogPluginManager: Mounting plugin LightPropagationVolume
LogPluginManager: Mounting plugin CameraShakePreviewer
LogPluginManager: Mounting plugin GameplayCameras
LogPluginManager: Mounting plugin OodleData
LogPluginManager: Mounting plugin OodleNetwork
LogPluginManager: Mounting plugin DatasmithContent
LogPluginManager: Mounting plugin VariantManagerContent
LogPluginManager: Mounting plugin Niagara
LogPluginManager: Mounting plugin AssetManagerEditor
LogPluginManager: Mounting plugin CryptoKeys
LogPluginManager: Mounting plugin CurveEditorTools
LogPluginManager: Mounting plugin DataValidation
LogPluginManager: Mounting plugin FacialAnimation
LogPluginManager: Mounting plugin AlembicImporter
LogPluginManager: Mounting plugin GameplayTagsEditor
LogPluginManager: Mounting plugin GeometryMode
LogPluginManager: Mounting plugin AutomationUtils
LogPluginManager: Mounting plugin BackChannel
LogPluginManager: Mounting plugin MacGraphicsSwitching
LogPluginManager: Mounting plugin ChaosCloth
LogPluginManager: Mounting plugin ChaosEditor
LogPluginManager: Mounting plugin ChaosClothEditor
LogPluginManager: Mounting plugin MaterialAnalyzer
LogPluginManager: Mounting plugin ChaosNiagara
LogPluginManager: Mounting plugin ChaosSolverPlugin
LogPluginManager: Mounting plugin CharacterAI
LogPluginManager: Mounting plugin MobileLauncherProfileWizard
LogPluginManager: Mounting plugin PluginBrowser
LogPluginManager: Mounting plugin SpeedTreeImporter
LogPluginManager: Mounting plugin GeometryCache
LogPluginManager: Mounting plugin GeometryCollectionPlugin
LogPluginManager: Mounting plugin AnimationSharing
LogPluginManager: Mounting plugin CLionSourceCodeAccess
LogPluginManager: Mounting plugin CodeLiteSourceCodeAccess
LogPluginManager: Mounting plugin GitSourceControl
LogPluginManager: Mounting plugin KDevelopSourceCodeAccess
LogPluginManager: Mounting plugin NullSourceCodeAccess
LogPluginManager: Mounting plugin PerforceSourceControl
LogPluginManager: Mounting plugin PixWinPlugin
LogPluginManager: Mounting plugin PlasticSourceControl
LogPluginManager: Mounting plugin PropertyAccessNode
LogPluginManager: Mounting plugin PluginUtils
LogPluginManager: Mounting plugin RiderSourceCodeAccess
LogPluginManager: Mounting plugin SubversionSourceControl
LogPluginManager: Mounting plugin TextureFormatOodle
LogPluginManager: Mounting plugin UObjectPlugin
LogPluginManager: Mounting plugin VisualStudioCodeSourceCodeAccess
LogPluginManager: Mounting plugin VisualStudioSourceCodeAccess
LogPluginManager: Mounting plugin XCodeSourceCodeAccess
LogPluginManager: Mounting plugin GeometryProcessing
LogPluginManager: Mounting plugin MotoSynth
LogPluginManager: Mounting plugin OpenImageDenoise
LogPluginManager: Mounting plugin PlanarCut
LogPluginManager: Mounting plugin PlatformCrypto
LogPluginManager: Mounting plugin ProxyLODPlugin
LogPluginManager: Mounting plugin PythonScriptPlugin
LogPluginManager: Mounting plugin LuminPlatformFeatures
LogPluginManager: Mounting plugin MagicLeap
LogPluginManager: Mounting plugin MagicLeapLightEstimation
LogPluginManager: Mounting plugin MagicLeapMedia
LogPluginManager: Mounting plugin MagicLeapPassableWorld
LogPluginManager: Mounting plugin MLSDK
LogPluginManager: Mounting plugin SkeletalReduction
LogPluginManager: Mounting plugin AndroidMedia
LogPluginManager: Mounting plugin AvfMedia
LogPluginManager: Mounting plugin ImgMedia
LogPluginManager: Mounting plugin MediaCompositing
LogPluginManager: Mounting plugin MediaPlayerEditor
LogPluginManager: Mounting plugin WebMMedia
LogPluginManager: Mounting plugin WmfMedia
LogPluginManager: Mounting plugin TcpMessaging
LogPluginManager: Mounting plugin UdpMessaging
LogPluginManager: Mounting plugin OnlineSubsystem
LogPluginManager: Mounting plugin OnlineSubsystemNull
LogPluginManager: Mounting plugin OnlineSubsystemUtils
LogPluginManager: Mounting plugin ActorSequence
LogPluginManager: Mounting plugin LevelSequenceEditor
LogPluginManager: Mounting plugin MatineeToLevelSequence
LogPluginManager: Mounting plugin TemplateSequence
LogPluginManager: Mounting plugin LauncherChunkInstaller
LogPluginManager: Mounting plugin ActorLayerUtilities
LogPluginManager: Mounting plugin AndroidDeviceProfileSelector
LogPluginManager: Mounting plugin AndroidMoviePlayer
LogPluginManager: Mounting plugin AndroidPermission
LogPluginManager: Mounting plugin AppleImageUtils
LogPluginManager: Mounting plugin AppleMoviePlayer
LogPluginManager: Mounting plugin ArchVisCharacter
LogPluginManager: Mounting plugin AssetTags
LogPluginManager: Mounting plugin AudioCapture
LogPluginManager: Mounting plugin AudioSynesthesia
LogPluginManager: Mounting plugin CableComponent
LogPluginManager: Mounting plugin ChunkDownloader
LogPluginManager: Mounting plugin CustomMeshComponent
LogPluginManager: Mounting plugin EditableMesh
LogPluginManager: Mounting plugin ExampleDeviceProfileSelector
LogPluginManager: Mounting plugin GoogleCloudMessaging
LogPluginManager: Mounting plugin GooglePAD
LogPluginManager: Mounting plugin IOSDeviceProfileSelector
LogPluginManager: Mounting plugin LinuxDeviceProfileSelector
LogPluginManager: Mounting plugin LocationServicesBPLibrary
LogPluginManager: Mounting plugin MobilePatchingUtils
LogPluginManager: Mounting plugin OpenXR
LogPluginManager: Mounting plugin OpenXREyeTracker
LogPluginManager: Mounting plugin OpenXRHandTracking
LogPluginManager: Mounting plugin PhysXVehicles
LogPluginManager: Mounting plugin PostSplashScreen
LogPluginManager: Mounting plugin ProceduralMeshComponent
LogPluginManager: Mounting plugin PropertyAccessEditor
LogPluginManager: Mounting plugin RuntimePhysXCooking
LogPluginManager: Mounting plugin SignificanceManager
LogPluginManager: Mounting plugin SoundFields
LogPluginManager: Mounting plugin Synthesis
LogPluginManager: Mounting plugin WebMMoviePlayer
LogPluginManager: Mounting plugin WindowsMoviePlayer
LogPluginManager: Mounting plugin ScreenshotTools
LogPluginManager: Mounting plugin Takes
LogPluginManager: Mounting plugin ContentBrowserAssetDataSource
LogPluginManager: Mounting plugin ContentBrowserClassDataSource
LogPluginManager: Mounting plugin ContentBrowserFileDataSource
LogPluginManager: Mounting plugin OnlineSubsystemGooglePlay
LogPluginManager: Mounting plugin OnlineSubsystemIOS
LogPluginManager: Mounting plugin OculusVR
PixWinPlugin: PIX capture plugin failed to initialize! Check that the process is launched from PIX.
LogInit: Using libcurl 7.55.1-DEV
LogInit:  - built for x86_64-pc-win32
LogInit:  - supports SSL with OpenSSL/1.1.1
LogInit:  - supports HTTP deflate (compression) using libz 1.2.8
LogInit:  - other features:
LogInit:      CURL_VERSION_SSL
LogInit:      CURL_VERSION_LIBZ
LogInit:      CURL_VERSION_IPV6
LogInit:      CURL_VERSION_ASYNCHDNS
LogInit:      CURL_VERSION_LARGEFILE
LogInit:      CURL_VERSION_IDN
LogInit:  CurlRequestOptions (configurable via config and command line):
LogInit:  - bVerifyPeer = true  - Libcurl will verify peer certificate
LogInit:  - bUseHttpProxy = false  - Libcurl will NOT use HTTP proxy
LogInit:  - bDontReuseConnections = false  - Libcurl will reuse connections
LogInit:  - MaxHostConnections = 16  - Libcurl will limit the number of connections to a host
LogInit:  - LocalHostAddr = Default
LogInit:  - BufferSize = 65536
LogOnline: OSS: Creating online subsystem instance for: NULL
LogInit: WinSock: version 1.1 (2.2), MaxSocks=32767, MaxUdp=65467
LogOnline: OSS: TryLoadSubsystemAndSetDefault: Loaded subsystem for module [NULL]
LogOculusPluginWrapper: OculusPlugin initialized successfully
LogHMD: Failed initializing OVRPlugin 1.59.0
LogInit: Build: ++UE4+Release-4.27-CL-18319896
LogInit: Engine Version: 4.27.2-18319896+++UE4+Release-4.27
LogInit: Compatible Engine Version: 4.27.0-17155196+++UE4+Release-4.27
LogInit: Net CL: 17155196
LogInit: OS: Windows 10 (Release 2009) (), CPU: Intel(R) Core(TM) i7-9750H CPU @ 2.60GHz, GPU: NVIDIA GeForce RTX 2060
LogInit: Compiled (64-bit): Nov 30 2021 07:12:08
LogInit: Compiled with Visual C++: 19.24.28315.00
LogInit: Build Configuration: Development
LogInit: Branch Name: ++UE4+Release-4.27
LogInit: Command Line:  -EpicPortal -epicusername=emir143 -epicuserid=c0707e7dbb5046d892ce9e20fd31b3bf -epiclocale=en -epicsandboxid=ue
LogInit: Base Directory: D:/Unreal Eninge/UE_4.27/Engine/Binaries/Win64/
LogInit: Allocator: TBB
LogInit: Installed Engine Build: 1
LogDevObjectVersion: Number of dev versions registered: 29
LogDevObjectVersion:   Dev-Blueprints (B0D832E4-1F89-4F0D-ACCF-7EB736FD4AA2): 10
LogDevObjectVersion:   Dev-Build (E1C64328-A22C-4D53-A36C-8E866417BD8C): 0
LogDevObjectVersion:   Dev-Core (375EC13C-06E4-48FB-B500-84F0262A717E): 4
LogDevObjectVersion:   Dev-Editor (E4B068ED-F494-42E9-A231-DA0B2E46BB41): 40
LogDevObjectVersion:   Dev-Framework (CFFC743F-43B0-4480-9391-14DF171D2073): 37
LogDevObjectVersion:   Dev-Mobile (B02B49B5-BB20-44E9-A304-32B752E40360): 3
LogDevObjectVersion:   Dev-Networking (A4E4105C-59A1-49B5-A7C5-40C4547EDFEE): 0
LogDevObjectVersion:   Dev-Online (39C831C9-5AE6-47DC-9A44-9C173E1C8E7C): 0
LogDevObjectVersion:   Dev-Physics (78F01B33-EBEA-4F98-B9B4-84EACCB95AA2): 14
LogDevObjectVersion:   Dev-Platform (6631380F-2D4D-43E0-8009-CF276956A95A): 0
LogDevObjectVersion:   Dev-Rendering (12F88B9F-8875-4AFC-A67C-D90C383ABD29): 45
LogDevObjectVersion:   Dev-Sequencer (7B5AE74C-D270-4C10-A958-57980B212A5A): 13
LogDevObjectVersion:   Dev-VR (D7296918-1DD6-4BDD-9DE2-64A83CC13884): 3
LogDevObjectVersion:   Dev-LoadTimes (C2A15278-BFE7-4AFE-6C17-90FF531DF755): 1
LogDevObjectVersion:   Private-Geometry (6EACA3D4-40EC-4CC1-B786-8BED09428FC5): 3
LogDevObjectVersion:   Dev-AnimPhys (29E575DD-E0A3-4627-9D10-D276232CDCEA): 17
LogDevObjectVersion:   Dev-Anim (AF43A65D-7FD3-4947-9873-3E8ED9C1BB05): 15
LogDevObjectVersion:   Dev-ReflectionCapture (6B266CEC-1EC7-4B8F-A30B-E4D90942FC07): 1
LogDevObjectVersion:   Dev-Automation (0DF73D61-A23F-47EA-B727-89E90C41499A): 1
LogDevObjectVersion:   FortniteMain (601D1886-AC64-4F84-AA16-D3DE0DEAC7D6): 47
LogDevObjectVersion:   FortniteRelease (E7086368-6B23-4C58-8439-1B7016265E91): 1
LogDevObjectVersion:   Dev-Enterprise (9DFFBCD6-494F-0158-E221-12823C92A888): 10
LogDevObjectVersion:   Dev-Niagara (F2AED0AC-9AFE-416F-8664-AA7FFA26D6FC): 1
LogDevObjectVersion:   Dev-Destruction (174F1F0B-B4C6-45A5-B13F-2EE8D0FB917D): 10
LogDevObjectVersion:   Dev-Physics-Ext (35F94A83-E258-406C-A318-09F59610247C): 41
LogDevObjectVersion:   Dev-PhysicsMaterial-Chaos (B68FC16E-8B1B-42E2-B453-215C058844FE): 1
LogDevObjectVersion:   Dev-CineCamera (B2E18506-4273-CFC2-A54E-F4BB758BBA07): 1
LogDevObjectVersion:   Dev-VirtualProduction (64F58936-FD1B-42BA-BA96-7289D5D0FA4E): 1
LogDevObjectVersion:   Dev-MediaFramework (6F0ED827-A609-4895-9C91-998D90180EA4): 2
LogInit: Presizing for max 25165824 objects, including 0 objects not considered by GC, pre-allocating 0 bytes for permanent pool.
LogConfig: Applying CVar settings from Section [/Script/Engine.StreamingSettings] File [D:/UnrealProject/SchoolProject/InventoryProjectC++/MyInventory/MyInventory/Myinventory/Saved/Config/Windows/Engine.ini]
LogConfig: Setting CVar [[s.MinBulkDataSizeForAsyncLoading:131072]]
LogConfig: Setting CVar [[s.AsyncLoadingThreadEnabled:0]]
LogConfig: Setting CVar [[s.EventDrivenLoaderEnabled:1]]
LogConfig: Setting CVar [[s.WarnIfTimeLimitExceeded:0]]
LogConfig: Setting CVar [[s.TimeLimitExceededMultiplier:1.5]]
LogConfig: Setting CVar [[s.TimeLimitExceededMinTime:0.005]]
LogConfig: Setting CVar [[s.UseBackgroundLevelStreaming:1]]
LogConfig: Setting CVar [[s.PriorityAsyncLoadingExtraTime:15.0]]
LogConfig: Setting CVar [[s.LevelStreamingActorsUpdateTimeLimit:5.0]]
LogConfig: Setting CVar [[s.PriorityLevelStreamingActorsUpdateExtraTime:5.0]]
LogConfig: Setting CVar [[s.LevelStreamingComponentsRegistrationGranularity:10]]
LogConfig: Setting CVar [[s.UnregisterComponentsTimeLimit:1.0]]
LogConfig: Setting CVar [[s.LevelStreamingComponentsUnregistrationGranularity:5]]
LogConfig: Setting CVar [[s.FlushStreamingOnExit:1]]
LogInit: Object subsystem initialized
LogConfig: Setting CVar [[con.DebugEarlyDefault:1]]
LogConfig: Setting CVar [[r.setres:1280x720]]
[2023.02.24-15.38.10:894][  0]LogConfig: Setting CVar [[r.VSync:0]]
[2023.02.24-15.38.10:894][  0]LogConfig: Setting CVar [[r.RHICmdBypass:0]]
[2023.02.24-15.38.10:894][  0]LogConfig: Applying CVar settings from Section [/Script/Engine.RendererSettings] File [D:/UnrealProject/SchoolProject/InventoryProjectC++/MyInventory/MyInventory/Myinventory/Saved/Config/Windows/Engine.ini]
[2023.02.24-15.38.10:894][  0]LogConfig: Setting CVar [[r.GPUCrashDebugging:0]]
[2023.02.24-15.38.10:894][  0]LogConfig: Applying CVar settings from Section [/Script/Engine.RendererOverrideSettings] File [D:/UnrealProject/SchoolProject/InventoryProjectC++/MyInventory/MyInventory/Myinventory/Saved/Config/Windows/Engine.ini]
[2023.02.24-15.38.10:894][  0]LogConfig: Applying CVar settings from Section [/Script/Engine.StreamingSettings] File [D:/UnrealProject/SchoolProject/InventoryProjectC++/MyInventory/MyInventory/Myinventory/Saved/Config/Windows/Engine.ini]
[2023.02.24-15.38.10:894][  0]LogConfig: Setting CVar [[s.MinBulkDataSizeForAsyncLoading:131072]]
[2023.02.24-15.38.10:894][  0]LogConfig: Setting CVar [[s.AsyncLoadingThreadEnabled:0]]
[2023.02.24-15.38.10:894][  0]LogConfig: Setting CVar [[s.EventDrivenLoaderEnabled:1]]
[2023.02.24-15.38.10:894][  0]LogConfig: Setting CVar [[s.WarnIfTimeLimitExceeded:0]]
[2023.02.24-15.38.10:894][  0]LogConfig: Setting CVar [[s.TimeLimitExceededMultiplier:1.5]]
[2023.02.24-15.38.10:894][  0]LogConfig: Setting CVar [[s.TimeLimitExceededMinTime:0.005]]
[2023.02.24-15.38.10:895][  0]LogConfig: Setting CVar [[s.UseBackgroundLevelStreaming:1]]
[2023.02.24-15.38.10:895][  0]LogConfig: Setting CVar [[s.PriorityAsyncLoadingExtraTime:15.0]]
[2023.02.24-15.38.10:895][  0]LogConfig: Setting CVar [[s.LevelStreamingActorsUpdateTimeLimit:5.0]]
[2023.02.24-15.38.10:895][  0]LogConfig: Setting CVar [[s.PriorityLevelStreamingActorsUpdateExtraTime:5.0]]
[2023.02.24-15.38.10:895][  0]LogConfig: Setting CVar [[s.LevelStreamingComponentsRegistrationGranularity:10]]
[2023.02.24-15.38.10:895][  0]LogConfig: Setting CVar [[s.UnregisterComponentsTimeLimit:1.0]]
[2023.02.24-15.38.10:895][  0]LogConfig: Setting CVar [[s.LevelStreamingComponentsUnregistrationGranularity:5]]
[2023.02.24-15.38.10:895][  0]LogConfig: Setting CVar [[s.FlushStreamingOnExit:1]]
[2023.02.24-15.38.10:895][  0]LogConfig: Applying CVar settings from Section [/Script/Engine.GarbageCollectionSettings] File [D:/UnrealProject/SchoolProject/InventoryProjectC++/MyInventory/MyInventory/Myinventory/Saved/Config/Windows/Engine.ini]
[2023.02.24-15.38.10:895][  0]LogConfig: Setting CVar [[gc.MaxObjectsNotConsideredByGC:1]]
[2023.02.24-15.38.10:895][  0]LogConfig: Setting CVar [[gc.SizeOfPermanentObjectPool:0]]
[2023.02.24-15.38.10:895][  0]LogConfig: Setting CVar [[gc.FlushStreamingOnGC:0]]
[2023.02.24-15.38.10:895][  0]LogConfig: Setting CVar [[gc.NumRetriesBeforeForcingGC:10]]
[2023.02.24-15.38.10:895][  0]LogConfig: Setting CVar [[gc.AllowParallelGC:1]]
[2023.02.24-15.38.10:895][  0]LogConfig: Setting CVar [[gc.TimeBetweenPurgingPendingKillObjects:61.1]]
[2023.02.24-15.38.10:895][  0]LogConfig: Setting CVar [[gc.MaxObjectsInEditor:25165824]]
[2023.02.24-15.38.10:895][  0]LogConfig: Setting CVar [[gc.IncrementalBeginDestroyEnabled:1]]
[2023.02.24-15.38.10:895][  0]LogConfig: Setting CVar [[gc.CreateGCClusters:1]]
[2023.02.24-15.38.10:895][  0]LogConfig: Setting CVar [[gc.MinGCClusterSize:5]]
[2023.02.24-15.38.10:895][  0]LogConfig: Setting CVar [[gc.ActorClusteringEnabled:0]]
[2023.02.24-15.38.10:895][  0]LogConfig: Setting CVar [[gc.BlueprintClusteringEnabled:0]]
[2023.02.24-15.38.10:895][  0]LogConfig: Setting CVar [[gc.UseDisregardForGCOnDedicatedServers:0]]
[2023.02.24-15.38.10:895][  0]LogConfig: Setting CVar [[gc.MultithreadedDestructionEnabled:1]]
[2023.02.24-15.38.10:895][  0]LogConfig: Applying CVar settings from Section [/Script/Engine.NetworkSettings] File [D:/UnrealProject/SchoolProject/InventoryProjectC++/MyInventory/MyInventory/Myinventory/Saved/Config/Windows/Engine.ini]
[2023.02.24-15.38.10:895][  0]LogConfig: Applying CVar settings from Section [/Script/UnrealEd.CookerSettings] File [D:/UnrealProject/SchoolProject/InventoryProjectC++/MyInventory/MyInventory/Myinventory/Saved/Config/Windows/Engine.ini]
[2023.02.24-15.38.10:904][  0]LogConfig: Applying CVar settings from Section [ViewDistanceQuality@3] File [D:/UnrealProject/SchoolProject/InventoryProjectC++/MyInventory/MyInventory/Myinventory/Saved/Config/Windows/Scalability.ini]
[2023.02.24-15.38.10:904][  0]LogConfig: Setting CVar [[r.SkeletalMeshLODBias:0]]
[2023.02.24-15.38.10:904][  0]LogConfig: Setting CVar [[r.ViewDistanceScale:1.0]]
[2023.02.24-15.38.10:904][  0]LogConfig: Applying CVar settings from Section [AntiAliasingQuality@3] File [D:/UnrealProject/SchoolProject/InventoryProjectC++/MyInventory/MyInventory/Myinventory/Saved/Config/Windows/Scalability.ini]
[2023.02.24-15.38.10:904][  0]LogConfig: Setting CVar [[r.PostProcessAAQuality:4]]
[2023.02.24-15.38.10:904][  0]LogConfig: Applying CVar settings from Section [ShadowQuality@3] File [D:/UnrealProject/SchoolProject/InventoryProjectC++/MyInventory/MyInventory/Myinventory/Saved/Config/Windows/Scalability.ini]
[2023.02.24-15.38.10:904][  0]LogConfig: Setting CVar [[r.LightFunctionQuality:1]]
[2023.02.24-15.38.10:904][  0]LogConfig: Setting CVar [[r.ShadowQuality:5]]
[2023.02.24-15.38.10:904][  0]LogConfig: Setting CVar [[r.Shadow.CSM.MaxCascades:10]]
[2023.02.24-15.38.10:904][  0]LogConfig: Setting CVar [[r.Shadow.MaxResolution:2048]]
[2023.02.24-15.38.10:904][  0]LogConfig: Setting CVar [[r.Shadow.MaxCSMResolution:2048]]
[2023.02.24-15.38.10:904][  0]LogConfig: Setting CVar [[r.Shadow.RadiusThreshold:0.01]]
[2023.02.24-15.38.10:904][  0]LogConfig: Setting CVar [[r.Shadow.DistanceScale:1.0]]
[2023.02.24-15.38.10:904][  0]LogConfig: Setting CVar [[r.Shadow.CSM.TransitionScale:1.0]]
[2023.02.24-15.38.10:904][  0]LogConfig: Setting CVar [[r.Shadow.PreShadowResolutionFactor:1.0]]
[2023.02.24-15.38.10:904][  0]LogConfig: Setting CVar [[r.DistanceFieldShadowing:1]]
[2023.02.24-15.38.10:904][  0]LogConfig: Setting CVar [[r.DistanceFieldAO:1]]
[2023.02.24-15.38.10:904][  0]LogConfig: Setting CVar [[r.AOQuality:2]]
[2023.02.24-15.38.10:904][  0]LogConfig: Setting CVar [[r.VolumetricFog:1]]
[2023.02.24-15.38.10:904][  0]LogConfig: Setting CVar [[r.VolumetricFog.GridPixelSize:8]]
[2023.02.24-15.38.10:904][  0]LogConfig: Setting CVar [[r.VolumetricFog.GridSizeZ:128]]
[2023.02.24-15.38.10:904][  0]LogConfig: Setting CVar [[r.VolumetricFog.HistoryMissSupersampleCount:4]]
[2023.02.24-15.38.10:904][  0]LogConfig: Setting CVar [[r.LightMaxDrawDistanceScale:1]]
[2023.02.24-15.38.10:904][  0]LogConfig: Setting CVar [[r.CapsuleShadows:1]]
[2023.02.24-15.38.10:904][  0]LogConfig: Applying CVar settings from Section [PostProcessQuality@3] File [D:/UnrealProject/SchoolProject/InventoryProjectC++/MyInventory/MyInventory/Myinventory/Saved/Config/Windows/Scalability.ini]
[2023.02.24-15.38.10:904][  0]LogConfig: Setting CVar [[r.MotionBlurQuality:4]]
[2023.02.24-15.38.10:904][  0]LogConfig: Setting CVar [[r.AmbientOcclusionMipLevelFactor:0.4]]
[2023.02.24-15.38.10:904][  0]LogConfig: Setting CVar [[r.AmbientOcclusionMaxQuality:100]]
[2023.02.24-15.38.10:904][  0]LogConfig: Setting CVar [[r.AmbientOcclusionLevels:-1]]
[2023.02.24-15.38.10:904][  0]LogConfig: Setting CVar [[r.AmbientOcclusionRadiusScale:1.0]]
[2023.02.24-15.38.10:904][  0]LogConfig: Setting CVar [[r.DepthOfFieldQuality:2]]
[2023.02.24-15.38.10:904][  0]LogConfig: Setting CVar [[r.RenderTargetPoolMin:400]]
[2023.02.24-15.38.10:904][  0]LogConfig: Setting CVar [[r.LensFlareQuality:2]]
[2023.02.24-15.38.10:904][  0]LogConfig: Setting CVar [[r.SceneColorFringeQuality:1]]
[2023.02.24-15.38.10:904][  0]LogConfig: Setting CVar [[r.EyeAdaptationQuality:2]]
[2023.02.24-15.38.10:904][  0]LogConfig: Setting CVar [[r.BloomQuality:5]]
[2023.02.24-15.38.10:904][  0]LogConfig: Setting CVar [[r.FastBlurThreshold:100]]
[2023.02.24-15.38.10:904][  0]LogConfig: Setting CVar [[r.Upscale.Quality:3]]
[2023.02.24-15.38.10:904][  0]LogConfig: Setting CVar [[r.Tonemapper.GrainQuantization:1]]
[2023.02.24-15.38.10:904][  0]LogConfig: Setting CVar [[r.LightShaftQuality:1]]
[2023.02.24-15.38.10:904][  0]LogConfig: Setting CVar [[r.Filter.SizeScale:1]]
[2023.02.24-15.38.10:904][  0]LogConfig: Setting CVar [[r.Tonemapper.Quality:5]]
[2023.02.24-15.38.10:904][  0]LogConfig: Setting CVar [[r.DOF.Gather.AccumulatorQuality:1        ; higher gathering accumulator quality]]
[2023.02.24-15.38.10:904][  0]LogConfig: Setting CVar [[r.DOF.Gather.PostfilterMethod:1          ; Median3x3 postfilering method]]
[2023.02.24-15.38.10:904][  0]LogConfig: Setting CVar [[r.DOF.Gather.EnableBokehSettings:0       ; no bokeh simulation when gathering]]
[2023.02.24-15.38.10:904][  0]LogConfig: Setting CVar [[r.DOF.Gather.RingCount:4                 ; medium number of samples when gathering]]
[2023.02.24-15.38.10:904][  0]LogConfig: Setting CVar [[r.DOF.Scatter.ForegroundCompositing:1    ; additive foreground scattering]]
[2023.02.24-15.38.10:904][  0]LogConfig: Setting CVar [[r.DOF.Scatter.BackgroundCompositing:2    ; additive background scattering]]
[2023.02.24-15.38.10:904][  0]LogConfig: Setting CVar [[r.DOF.Scatter.EnableBokehSettings:1      ; bokeh simulation when scattering]]
[2023.02.24-15.38.10:904][  0]LogConfig: Setting CVar [[r.DOF.Scatter.MaxSpriteRatio:0.1         ; only a maximum of 10% of scattered bokeh]]
[2023.02.24-15.38.10:904][  0]LogConfig: Setting CVar [[r.DOF.Recombine.Quality:1                ; cheap slight out of focus]]
[2023.02.24-15.38.10:904][  0]LogConfig: Setting CVar [[r.DOF.Recombine.EnableBokehSettings:0    ; no bokeh simulation on slight out of focus]]
[2023.02.24-15.38.10:904][  0]LogConfig: Setting CVar [[r.DOF.TemporalAAQuality:1                ; more stable temporal accumulation]]
[2023.02.24-15.38.10:904][  0]LogConfig: Setting CVar [[r.DOF.Kernel.MaxForegroundRadius:0.025]]
[2023.02.24-15.38.10:904][  0]LogConfig: Setting CVar [[r.DOF.Kernel.MaxBackgroundRadius:0.025]]
[2023.02.24-15.38.10:904][  0]LogConfig: Applying CVar settings from Section [TextureQuality@3] File [D:/UnrealProject/SchoolProject/InventoryProjectC++/MyInventory/MyInventory/Myinventory/Saved/Config/Windows/Scalability.ini]
[2023.02.24-15.38.10:904][  0]LogConfig: Setting CVar [[r.Streaming.MipBias:0]]
[2023.02.24-15.38.10:904][  0]LogConfig: Setting CVar [[r.Streaming.AmortizeCPUToGPUCopy:0]]
[2023.02.24-15.38.10:904][  0]LogConfig: Setting CVar [[r.Streaming.MaxNumTexturesToStreamPerFrame:0]]
[2023.02.24-15.38.10:904][  0]LogConfig: Setting CVar [[r.Streaming.Boost:1]]
[2023.02.24-15.38.10:904][  0]LogConfig: Setting CVar [[r.MaxAnisotropy:8]]
[2023.02.24-15.38.10:904][  0]LogConfig: Setting CVar [[r.VT.MaxAnisotropy:8]]
[2023.02.24-15.38.10:904][  0]LogConfig: Setting CVar [[r.Streaming.LimitPoolSizeToVRAM:0]]
[2023.02.24-15.38.10:905][  0]LogConfig: Setting CVar [[r.Streaming.PoolSize:1000]]
[2023.02.24-15.38.10:905][  0]LogConfig: Setting CVar [[r.Streaming.MaxEffectiveScreenSize:0]]
[2023.02.24-15.38.10:905][  0]LogConfig: Applying CVar settings from Section [EffectsQuality@3] File [D:/UnrealProject/SchoolProject/InventoryProjectC++/MyInventory/MyInventory/Myinventory/Saved/Config/Windows/Scalability.ini]
[2023.02.24-15.38.10:905][  0]LogConfig: Setting CVar [[r.TranslucencyLightingVolumeDim:64]]
[2023.02.24-15.38.10:905][  0]LogConfig: Setting CVar [[r.RefractionQuality:2]]
[2023.02.24-15.38.10:905][  0]LogConfig: Setting CVar [[r.SSR.Quality:3]]
[2023.02.24-15.38.10:905][  0]LogConfig: Setting CVar [[r.SSR.HalfResSceneColor:0]]
[2023.02.24-15.38.10:905][  0]LogConfig: Setting CVar [[r.SceneColorFormat:4]]
[2023.02.24-15.38.10:905][  0]LogConfig: Setting CVar [[r.DetailMode:2]]
[2023.02.24-15.38.10:905][  0]LogConfig: Setting CVar [[r.TranslucencyVolumeBlur:1]]
[2023.02.24-15.38.10:905][  0]LogConfig: Setting CVar [[r.MaterialQualityLevel:1 ; High quality]]
[2023.02.24-15.38.10:905][  0]LogConfig: Setting CVar [[r.AnisotropicMaterials:1]]
[2023.02.24-15.38.10:905][  0]LogConfig: Setting CVar [[r.SSS.Scale:1]]
[2023.02.24-15.38.10:905][  0]LogConfig: Setting CVar [[r.SSS.SampleSet:2]]
[2023.02.24-15.38.10:905][  0]LogConfig: Setting CVar [[r.SSS.Quality:1]]
[2023.02.24-15.38.10:905][  0]LogConfig: Setting CVar [[r.SSS.HalfRes:0]]
[2023.02.24-15.38.10:905][  0]LogConfig: Setting CVar [[r.SSGI.Quality:3]]
[2023.02.24-15.38.10:905][  0]LogConfig: Setting CVar [[r.EmitterSpawnRateScale:1.0]]
[2023.02.24-15.38.10:905][  0]LogConfig: Setting CVar [[r.ParticleLightQuality:2]]
[2023.02.24-15.38.10:905][  0]LogConfig: Setting CVar [[r.SkyAtmosphere.AerialPerspectiveLUT.FastApplyOnOpaque:1 ; Always have FastSkyLUT 1 in this case to avoid wrong sky]]
[2023.02.24-15.38.10:905][  0]LogConfig: Setting CVar [[r.SkyAtmosphere.AerialPerspectiveLUT.SampleCountMaxPerSlice:4]]
[2023.02.24-15.38.10:905][  0]LogConfig: Setting CVar [[r.SkyAtmosphere.AerialPerspectiveLUT.DepthResolution:16.0]]
[2023.02.24-15.38.10:905][  0]LogConfig: Setting CVar [[r.SkyAtmosphere.FastSkyLUT:1]]
[2023.02.24-15.38.10:905][  0]LogConfig: Setting CVar [[r.SkyAtmosphere.FastSkyLUT.SampleCountMin:4.0]]
[2023.02.24-15.38.10:905][  0]LogConfig: Setting CVar [[r.SkyAtmosphere.FastSkyLUT.SampleCountMax:128.0]]
[2023.02.24-15.38.10:905][  0]LogConfig: Setting CVar [[r.SkyAtmosphere.SampleCountMin:4.0]]
[2023.02.24-15.38.10:905][  0]LogConfig: Setting CVar [[r.SkyAtmosphere.SampleCountMax:128.0]]
[2023.02.24-15.38.10:905][  0]LogConfig: Setting CVar [[r.SkyAtmosphere.TransmittanceLUT.UseSmallFormat:0]]
[2023.02.24-15.38.10:905][  0]LogConfig: Setting CVar [[r.SkyAtmosphere.TransmittanceLUT.SampleCount:10.0]]
[2023.02.24-15.38.10:905][  0]LogConfig: Setting CVar [[r.SkyAtmosphere.MultiScatteringLUT.SampleCount:15.0]]
[2023.02.24-15.38.10:905][  0]LogConfig: Setting CVar [[r.SkyLight.RealTimeReflectionCapture:1]]
[2023.02.24-15.38.10:905][  0]LogConfig: Applying CVar settings from Section [FoliageQuality@3] File [D:/UnrealProject/SchoolProject/InventoryProjectC++/MyInventory/MyInventory/Myinventory/Saved/Config/Windows/Scalability.ini]
[2023.02.24-15.38.10:905][  0]LogConfig: Setting CVar [[foliage.DensityScale:1.0]]
[2023.02.24-15.38.10:905][  0]LogConfig: Setting CVar [[grass.DensityScale:1.0]]
[2023.02.24-15.38.10:905][  0]LogConfig: Applying CVar settings from Section [ShadingQuality@3] File [D:/UnrealProject/SchoolProject/InventoryProjectC++/MyInventory/MyInventory/Myinventory/Saved/Config/Windows/Scalability.ini]
[2023.02.24-15.38.10:905][  0]LogConfig: Setting CVar [[r.HairStrands.SkyLighting.IntegrationType:2]]
[2023.02.24-15.38.10:905][  0]LogConfig: Setting CVar [[r.HairStrands.SkyAO.SampleCount:4]]
[2023.02.24-15.38.10:905][  0]LogConfig: Setting CVar [[r.HairStrands.Visibility.MSAA.SamplePerPixel:4]]
[2023.02.24-15.38.10:905][  0]LogInit: Selected Device Profile: [Windows]
[2023.02.24-15.38.10:905][  0]LogInit: Applying CVar settings loaded from the selected device profile: [Windows]
[2023.02.24-15.38.10:905][  0]LogHAL: Display: Platform has ~ 16 GB [17019686912 / 17179869184 / 16], which maps to Larger [LargestMinGB=32, LargerMinGB=12, DefaultMinGB=8, SmallerMinGB=6, SmallestMinGB=0)
[2023.02.24-15.38.10:905][  0]LogInit: Going up to parent DeviceProfile []
[2023.02.24-15.38.10:905][  0]LogConfig: Applying CVar settings from Section [ViewDistanceQuality@3] File [D:/UnrealProject/SchoolProject/InventoryProjectC++/MyInventory/MyInventory/Myinventory/Saved/Config/Windows/Scalability.ini]
[2023.02.24-15.38.10:905][  0]LogConfig: Setting CVar [[r.SkeletalMeshLODBias:0]]
[2023.02.24-15.38.10:905][  0]LogConfig: Setting CVar [[r.ViewDistanceScale:1.0]]
[2023.02.24-15.38.10:905][  0]LogConfig: Applying CVar settings from Section [AntiAliasingQuality@3] File [D:/UnrealProject/SchoolProject/InventoryProjectC++/MyInventory/MyInventory/Myinventory/Saved/Config/Windows/Scalability.ini]
[2023.02.24-15.38.10:905][  0]LogConfig: Setting CVar [[r.PostProcessAAQuality:4]]
[2023.02.24-15.38.10:905][  0]LogConfig: Applying CVar settings from Section [ShadowQuality@3] File [D:/UnrealProject/SchoolProject/InventoryProjectC++/MyInventory/MyInventory/Myinventory/Saved/Config/Windows/Scalability.ini]
[2023.02.24-15.38.10:905][  0]LogConfig: Setting CVar [[r.LightFunctionQuality:1]]
[2023.02.24-15.38.10:905][  0]LogConfig: Setting CVar [[r.ShadowQuality:5]]
[2023.02.24-15.38.10:905][  0]LogConfig: Setting CVar [[r.Shadow.CSM.MaxCascades:10]]
[2023.02.24-15.38.10:905][  0]LogConfig: Setting CVar [[r.Shadow.MaxResolution:2048]]
[2023.02.24-15.38.10:905][  0]LogConfig: Setting CVar [[r.Shadow.MaxCSMResolution:2048]]
[2023.02.24-15.38.10:905][  0]LogConfig: Setting CVar [[r.Shadow.RadiusThreshold:0.01]]
[2023.02.24-15.38.10:905][  0]LogConfig: Setting CVar [[r.Shadow.DistanceScale:1.0]]
[2023.02.24-15.38.10:905][  0]LogConfig: Setting CVar [[r.Shadow.CSM.TransitionScale:1.0]]
[2023.02.24-15.38.10:905][  0]LogConfig: Setting CVar [[r.Shadow.PreShadowResolutionFactor:1.0]]
[2023.02.24-15.38.10:905][  0]LogConfig: Setting CVar [[r.DistanceFieldShadowing:1]]
[2023.02.24-15.38.10:905][  0]LogConfig: Setting CVar [[r.DistanceFieldAO:1]]
[2023.02.24-15.38.10:905][  0]LogConfig: Setting CVar [[r.AOQuality:2]]
[2023.02.24-15.38.10:905][  0]LogConfig: Setting CVar [[r.VolumetricFog:1]]
[2023.02.24-15.38.10:905][  0]LogConfig: Setting CVar [[r.VolumetricFog.GridPixelSize:8]]
[2023.02.24-15.38.10:905][  0]LogConfig: Setting CVar [[r.VolumetricFog.GridSizeZ:128]]
[2023.02.24-15.38.10:905][  0]LogConfig: Setting CVar [[r.VolumetricFog.HistoryMissSupersampleCount:4]]
[2023.02.24-15.38.10:905][  0]LogConfig: Setting CVar [[r.LightMaxDrawDistanceScale:1]]
[2023.02.24-15.38.10:905][  0]LogConfig: Setting CVar [[r.CapsuleShadows:1]]
[2023.02.24-15.38.10:905][  0]LogConfig: Applying CVar settings from Section [PostProcessQuality@3] File [D:/UnrealProject/SchoolProject/InventoryProjectC++/MyInventory/MyInventory/Myinventory/Saved/Config/Windows/Scalability.ini]
[2023.02.24-15.38.10:905][  0]LogConfig: Setting CVar [[r.MotionBlurQuality:4]]
[2023.02.24-15.38.10:905][  0]LogConfig: Setting CVar [[r.AmbientOcclusionMipLevelFactor:0.4]]
[2023.02.24-15.38.10:905][  0]LogConfig: Setting CVar [[r.AmbientOcclusionMaxQuality:100]]
[2023.02.24-15.38.10:905][  0]LogConfig: Setting CVar [[r.AmbientOcclusionLevels:-1]]
[2023.02.24-15.38.10:905][  0]LogConfig: Setting CVar [[r.AmbientOcclusionRadiusScale:1.0]]
[2023.02.24-15.38.10:905][  0]LogConfig: Setting CVar [[r.DepthOfFieldQuality:2]]
[2023.02.24-15.38.10:905][  0]LogConfig: Setting CVar [[r.RenderTargetPoolMin:400]]
[2023.02.24-15.38.10:905][  0]LogConfig: Setting CVar [[r.LensFlareQuality:2]]
[2023.02.24-15.38.10:905][  0]LogConfig: Setting CVar [[r.SceneColorFringeQuality:1]]
[2023.02.24-15.38.10:905][  0]LogConfig: Setting CVar [[r.EyeAdaptationQuality:2]]
[2023.02.24-15.38.10:905][  0]LogConfig: Setting CVar [[r.BloomQuality:5]]
[2023.02.24-15.38.10:905][  0]LogConfig: Setting CVar [[r.FastBlurThreshold:100]]
[2023.02.24-15.38.10:905][  0]LogConfig: Setting CVar [[r.Upscale.Quality:3]]
[2023.02.24-15.38.10:905][  0]LogConfig: Setting CVar [[r.Tonemapper.GrainQuantization:1]]
[2023.02.24-15.38.10:906][  0]LogConfig: Setting CVar [[r.LightShaftQuality:1]]
[2023.02.24-15.38.10:906][  0]LogConfig: Setting CVar [[r.Filter.SizeScale:1]]
[2023.02.24-15.38.10:906][  0]LogConfig: Setting CVar [[r.Tonemapper.Quality:5]]
[2023.02.24-15.38.10:906][  0]LogConfig: Setting CVar [[r.DOF.Gather.AccumulatorQuality:1        ; higher gathering accumulator quality]]
[2023.02.24-15.38.10:906][  0]LogConfig: Setting CVar [[r.DOF.Gather.PostfilterMethod:1          ; Median3x3 postfilering method]]
[2023.02.24-15.38.10:906][  0]LogConfig: Setting CVar [[r.DOF.Gather.EnableBokehSettings:0       ; no bokeh simulation when gathering]]
[2023.02.24-15.38.10:906][  0]LogConfig: Setting CVar [[r.DOF.Gather.RingCount:4                 ; medium number of samples when gathering]]
[2023.02.24-15.38.10:906][  0]LogConfig: Setting CVar [[r.DOF.Scatter.ForegroundCompositing:1    ; additive foreground scattering]]
[2023.02.24-15.38.10:906][  0]LogConfig: Setting CVar [[r.DOF.Scatter.BackgroundCompositing:2    ; additive background scattering]]
[2023.02.24-15.38.10:906][  0]LogConfig: Setting CVar [[r.DOF.Scatter.EnableBokehSettings:1      ; bokeh simulation when scattering]]
[2023.02.24-15.38.10:906][  0]LogConfig: Setting CVar [[r.DOF.Scatter.MaxSpriteRatio:0.1         ; only a maximum of 10% of scattered bokeh]]
[2023.02.24-15.38.10:906][  0]LogConfig: Setting CVar [[r.DOF.Recombine.Quality:1                ; cheap slight out of focus]]
[2023.02.24-15.38.10:906][  0]LogConfig: Setting CVar [[r.DOF.Recombine.EnableBokehSettings:0    ; no bokeh simulation on slight out of focus]]
[2023.02.24-15.38.10:906][  0]LogConfig: Setting CVar [[r.DOF.TemporalAAQuality:1                ; more stable temporal accumulation]]
[2023.02.24-15.38.10:906][  0]LogConfig: Setting CVar [[r.DOF.Kernel.MaxForegroundRadius:0.025]]
[2023.02.24-15.38.10:906][  0]LogConfig: Setting CVar [[r.DOF.Kernel.MaxBackgroundRadius:0.025]]
[2023.02.24-15.38.10:906][  0]LogConfig: Applying CVar settings from Section [TextureQuality@3] File [D:/UnrealProject/SchoolProject/InventoryProjectC++/MyInventory/MyInventory/Myinventory/Saved/Config/Windows/Scalability.ini]
[2023.02.24-15.38.10:906][  0]LogConfig: Setting CVar [[r.Streaming.MipBias:0]]
[2023.02.24-15.38.10:906][  0]LogConfig: Setting CVar [[r.Streaming.AmortizeCPUToGPUCopy:0]]
[2023.02.24-15.38.10:906][  0]LogConfig: Setting CVar [[r.Streaming.MaxNumTexturesToStreamPerFrame:0]]
[2023.02.24-15.38.10:906][  0]LogConfig: Setting CVar [[r.Streaming.Boost:1]]
[2023.02.24-15.38.10:906][  0]LogConfig: Setting CVar [[r.MaxAnisotropy:8]]
[2023.02.24-15.38.10:906][  0]LogConfig: Setting CVar [[r.VT.MaxAnisotropy:8]]
[2023.02.24-15.38.10:906][  0]LogConfig: Setting CVar [[r.Streaming.LimitPoolSizeToVRAM:0]]
[2023.02.24-15.38.10:906][  0]LogConfig: Setting CVar [[r.Streaming.PoolSize:1000]]
[2023.02.24-15.38.10:906][  0]LogConfig: Setting CVar [[r.Streaming.MaxEffectiveScreenSize:0]]
[2023.02.24-15.38.10:906][  0]LogConfig: Applying CVar settings from Section [EffectsQuality@3] File [D:/UnrealProject/SchoolProject/InventoryProjectC++/MyInventory/MyInventory/Myinventory/Saved/Config/Windows/Scalability.ini]
[2023.02.24-15.38.10:906][  0]LogConfig: Setting CVar [[r.TranslucencyLightingVolumeDim:64]]
[2023.02.24-15.38.10:906][  0]LogConfig: Setting CVar [[r.RefractionQuality:2]]
[2023.02.24-15.38.10:906][  0]LogConfig: Setting CVar [[r.SSR.Quality:3]]
[2023.02.24-15.38.10:906][  0]LogConfig: Setting CVar [[r.SSR.HalfResSceneColor:0]]
[2023.02.24-15.38.10:906][  0]LogConfig: Setting CVar [[r.SceneColorFormat:4]]
[2023.02.24-15.38.10:906][  0]LogConfig: Setting CVar [[r.DetailMode:2]]
[2023.02.24-15.38.10:906][  0]LogConfig: Setting CVar [[r.TranslucencyVolumeBlur:1]]
[2023.02.24-15.38.10:906][  0]LogConfig: Setting CVar [[r.MaterialQualityLevel:1 ; High quality]]
[2023.02.24-15.38.10:906][  0]LogConfig: Setting CVar [[r.AnisotropicMaterials:1]]
[2023.02.24-15.38.10:906][  0]LogConfig: Setting CVar [[r.SSS.Scale:1]]
[2023.02.24-15.38.10:906][  0]LogConfig: Setting CVar [[r.SSS.SampleSet:2]]
[2023.02.24-15.38.10:906][  0]LogConfig: Setting CVar [[r.SSS.Quality:1]]
[2023.02.24-15.38.10:906][  0]LogConfig: Setting CVar [[r.SSS.HalfRes:0]]
[2023.02.24-15.38.10:906][  0]LogConfig: Setting CVar [[r.SSGI.Quality:3]]
[2023.02.24-15.38.10:906][  0]LogConfig: Setting CVar [[r.EmitterSpawnRateScale:1.0]]
[2023.02.24-15.38.10:906][  0]LogConfig: Setting CVar [[r.ParticleLightQuality:2]]
[2023.02.24-15.38.10:906][  0]LogConfig: Setting CVar [[r.SkyAtmosphere.AerialPerspectiveLUT.FastApplyOnOpaque:1 ; Always have FastSkyLUT 1 in this case to avoid wrong sky]]
[2023.02.24-15.38.10:906][  0]LogConfig: Setting CVar [[r.SkyAtmosphere.AerialPerspectiveLUT.SampleCountMaxPerSlice:4]]
[2023.02.24-15.38.10:906][  0]LogConfig: Setting CVar [[r.SkyAtmosphere.AerialPerspectiveLUT.DepthResolution:16.0]]
[2023.02.24-15.38.10:906][  0]LogConfig: Setting CVar [[r.SkyAtmosphere.FastSkyLUT:1]]
[2023.02.24-15.38.10:906][  0]LogConfig: Setting CVar [[r.SkyAtmosphere.FastSkyLUT.SampleCountMin:4.0]]
[2023.02.24-15.38.10:906][  0]LogConfig: Setting CVar [[r.SkyAtmosphere.FastSkyLUT.SampleCountMax:128.0]]
[2023.02.24-15.38.10:906][  0]LogConfig: Setting CVar [[r.SkyAtmosphere.SampleCountMin:4.0]]
[2023.02.24-15.38.10:906][  0]LogConfig: Setting CVar [[r.SkyAtmosphere.SampleCountMax:128.0]]
[2023.02.24-15.38.10:906][  0]LogConfig: Setting CVar [[r.SkyAtmosphere.TransmittanceLUT.UseSmallFormat:0]]
[2023.02.24-15.38.10:906][  0]LogConfig: Setting CVar [[r.SkyAtmosphere.TransmittanceLUT.SampleCount:10.0]]
[2023.02.24-15.38.10:906][  0]LogConfig: Setting CVar [[r.SkyAtmosphere.MultiScatteringLUT.SampleCount:15.0]]
[2023.02.24-15.38.10:906][  0]LogConfig: Setting CVar [[r.SkyLight.RealTimeReflectionCapture:1]]
[2023.02.24-15.38.10:906][  0]LogConfig: Applying CVar settings from Section [FoliageQuality@3] File [D:/UnrealProject/SchoolProject/InventoryProjectC++/MyInventory/MyInventory/Myinventory/Saved/Config/Windows/Scalability.ini]
[2023.02.24-15.38.10:906][  0]LogConfig: Setting CVar [[foliage.DensityScale:1.0]]
[2023.02.24-15.38.10:906][  0]LogConfig: Setting CVar [[grass.DensityScale:1.0]]
[2023.02.24-15.38.10:906][  0]LogConfig: Applying CVar settings from Section [ShadingQuality@3] File [D:/UnrealProject/SchoolProject/InventoryProjectC++/MyInventory/MyInventory/Myinventory/Saved/Config/Windows/Scalability.ini]
[2023.02.24-15.38.10:906][  0]LogConfig: Setting CVar [[r.HairStrands.SkyLighting.IntegrationType:2]]
[2023.02.24-15.38.10:906][  0]LogConfig: Setting CVar [[r.HairStrands.SkyAO.SampleCount:4]]
[2023.02.24-15.38.10:906][  0]LogConfig: Setting CVar [[r.HairStrands.Visibility.MSAA.SamplePerPixel:4]]
[2023.02.24-15.38.10:906][  0]LogConfig: Applying CVar settings from Section [Startup] File [../../../Engine/Config/ConsoleVariables.ini]
[2023.02.24-15.38.10:906][  0]LogConfig: Setting CVar [[net.UseAdaptiveNetUpdateFrequency:0]]
[2023.02.24-15.38.10:906][  0]LogConfig: Setting CVar [[p.chaos.AllowCreatePhysxBodies:1]]
[2023.02.24-15.38.10:906][  0]LogConfig: Setting CVar [[fx.SkipVectorVMBackendOptimizations:1]]
[2023.02.24-15.38.10:906][  0]LogConfig: Applying CVar settings from Section [ConsoleVariables] File [D:/UnrealProject/SchoolProject/InventoryProjectC++/MyInventory/MyInventory/Myinventory/Saved/Config/Windows/Engine.ini]
[2023.02.24-15.38.10:906][  0]LogConfig: Applying CVar settings from Section [ConsoleVariables] File [D:/UnrealProject/SchoolProject/InventoryProjectC++/MyInventory/MyInventory/Myinventory/Saved/Config/Windows/Editor.ini]
[2023.02.24-15.38.10:907][  0]LogInit: Computer: LAPTOP-EQMPUEL2
[2023.02.24-15.38.10:907][  0]LogInit: User: acer
[2023.02.24-15.38.10:907][  0]LogInit: CPU Page size=4096, Cores=6
[2023.02.24-15.38.10:907][  0]LogInit: High frequency timer resolution =10.000000 MHz
[2023.02.24-15.38.10:907][  0]LogMemory: Memory total: Physical=15.9GB (16GB approx)
[2023.02.24-15.38.10:907][  0]LogMemory: Platform Memory Stats for Windows
[2023.02.24-15.38.10:907][  0]LogMemory: Process Physical Memory: 149.67 MB used, 149.67 MB peak
[2023.02.24-15.38.10:907][  0]LogMemory: Process Virtual Memory: 122.96 MB used, 122.96 MB peak
[2023.02.24-15.38.10:907][  0]LogMemory: Physical Memory: 11343.79 MB used,  4887.45 MB free, 16231.24 MB total
[2023.02.24-15.38.10:907][  0]LogMemory: Virtual Memory: 134207032.00 MB used,  10693.56 MB free, 134217728.00 MB total
[2023.02.24-15.38.10:909][  0]LogWindows: WindowsPlatformFeatures enabled
[2023.02.24-15.38.10:973][  0]LogInit: Physics initialised using underlying interface: PhysX
[2023.02.24-15.38.10:974][  0]LogInit: Using OS detected language (en-US).
[2023.02.24-15.38.10:974][  0]LogInit: Using OS detected locale (en-US).
[2023.02.24-15.38.10:977][  0]LogTextLocalizationManager: No specific localization for 'en-US' exists, so the 'en' localization will be used.
[2023.02.24-15.38.11:157][  0]LogInit: Setting process to per monitor DPI aware
[2023.02.24-15.38.11:177][  0]LogWindowsTextInputMethodSystem: Display: IME system deactivated.
[2023.02.24-15.38.11:205][  0]LogSlate: New Slate User Created.  User Index 0, Is Virtual User: 0
[2023.02.24-15.38.11:205][  0]LogSlate: Slate User Registered.  User Index 0, Is Virtual User: 0
[2023.02.24-15.38.11:411][  0]LogD3D11RHI: Loaded GFSDK_Aftermath_Lib.x64.dll
[2023.02.24-15.38.11:419][  0]LogHMD: Failed to enumerate extensions. Please check that you have a valid OpenXR runtime installed.
[2023.02.24-15.38.11:419][  0]LogD3D11RHI: D3D11 min allowed feature level: 11_0
[2023.02.24-15.38.11:419][  0]LogD3D11RHI: D3D11 max allowed feature level: 11_0
[2023.02.24-15.38.11:419][  0]LogD3D11RHI: D3D11 adapters:
[2023.02.24-15.38.11:569][  0]LogD3D11RHI:    0. 'NVIDIA GeForce RTX 2060' (Feature Level 11_0)
[2023.02.24-15.38.11:569][  0]LogD3D11RHI:       5968/0/8115 MB DedicatedVideo/DedicatedSystem/SharedSystem, Outputs:1, VendorId:0x10de
[2023.02.24-15.38.11:586][  0]LogD3D11RHI:    1. 'Intel(R) UHD Graphics 630' (Feature Level 11_0)
[2023.02.24-15.38.11:586][  0]LogD3D11RHI:       128/0/8115 MB DedicatedVideo/DedicatedSystem/SharedSystem, Outputs:0, VendorId:0x8086
[2023.02.24-15.38.11:589][  0]LogD3D11RHI:    2. 'Microsoft Basic Render Driver' (Feature Level 11_0)
[2023.02.24-15.38.11:589][  0]LogD3D11RHI:       0/0/8115 MB DedicatedVideo/DedicatedSystem/SharedSystem, Outputs:0, VendorId:0x1414
[2023.02.24-15.38.11:589][  0]LogD3D11RHI: Chosen D3D11 Adapter:
[2023.02.24-15.38.11:589][  0]LogD3D11RHI:     Description : NVIDIA GeForce RTX 2060
[2023.02.24-15.38.11:589][  0]LogD3D11RHI:     VendorId    : 10de
[2023.02.24-15.38.11:589][  0]LogD3D11RHI:     DeviceId    : 1f11
[2023.02.24-15.38.11:589][  0]LogD3D11RHI:     SubSysId    : 13431025
[2023.02.24-15.38.11:590][  0]LogD3D11RHI:     Revision    : 00a1
[2023.02.24-15.38.11:590][  0]LogD3D11RHI:     DedicatedVideoMemory : 6257901568 bytes
[2023.02.24-15.38.11:590][  0]LogD3D11RHI:     DedicatedSystemMemory : 0 bytes
[2023.02.24-15.38.11:590][  0]LogD3D11RHI:     SharedSystemMemory : 8509843456 bytes
[2023.02.24-15.38.11:590][  0]LogD3D11RHI:     AdapterLuid : 0 76182
[2023.02.24-15.38.11:597][  0]LogD3D11RHI: Creating new Direct3DDevice
[2023.02.24-15.38.11:597][  0]LogD3D11RHI:     GPU DeviceId: 0x1f11 (for the marketing name, search the web for "GPU Device Id")
[2023.02.24-15.38.11:597][  0]LogWindows: EnumDisplayDevices:
[2023.02.24-15.38.11:598][  0]LogWindows:    0. 'Intel(R) UHD Graphics 630' (P:0 D:0)
[2023.02.24-15.38.11:598][  0]LogWindows:    1. 'Intel(R) UHD Graphics 630' (P:0 D:0)
[2023.02.24-15.38.11:598][  0]LogWindows:    2. 'Intel(R) UHD Graphics 630' (P:0 D:0)
[2023.02.24-15.38.11:598][  0]LogWindows:    3. 'NVIDIA GeForce RTX 2060' (P:1 D:1)
[2023.02.24-15.38.11:599][  0]LogWindows:    4. 'NVIDIA GeForce RTX 2060' (P:0 D:0)
[2023.02.24-15.38.11:599][  0]LogWindows:    5. 'NVIDIA GeForce RTX 2060' (P:0 D:0)
[2023.02.24-15.38.11:599][  0]LogWindows:    6. 'NVIDIA GeForce RTX 2060' (P:0 D:0)
[2023.02.24-15.38.11:599][  0]LogWindows: DebugString: PrimaryIsNotTheChoosenAdapter PrimaryIsNotTheChoosenAdapter PrimaryIsNotTheChoosenAdapter FoundDriverCount:4 
[2023.02.24-15.38.11:599][  0]LogD3D11RHI:     Adapter Name: NVIDIA GeForce RTX 2060
[2023.02.24-15.38.11:599][  0]LogD3D11RHI:   Driver Version: 528.24 (internal:31.0.15.2824, unified:528.24)
[2023.02.24-15.38.11:599][  0]LogD3D11RHI:      Driver Date: 1-15-2023
[2023.02.24-15.38.11:599][  0]LogRHI: Texture pool is 4177 MB (70% of 5968 MB)
[2023.02.24-15.38.11:599][  0]LogD3D11RHI: Creating D3DDevice using adapter:
[2023.02.24-15.38.11:599][  0]LogD3D11RHI:     Description : NVIDIA GeForce RTX 2060
[2023.02.24-15.38.11:599][  0]LogD3D11RHI:     VendorId    : 10de
[2023.02.24-15.38.11:599][  0]LogD3D11RHI:     DeviceId    : 1f11
[2023.02.24-15.38.11:599][  0]LogD3D11RHI:     SubSysId    : 13431025
[2023.02.24-15.38.11:599][  0]LogD3D11RHI:     Revision    : 00a1
[2023.02.24-15.38.11:599][  0]LogD3D11RHI:     DedicatedVideoMemory : 6257901568 bytes
[2023.02.24-15.38.11:599][  0]LogD3D11RHI:     DedicatedSystemMemory : 0 bytes
[2023.02.24-15.38.11:599][  0]LogD3D11RHI:     SharedSystemMemory : 8509843456 bytes
[2023.02.24-15.38.11:599][  0]LogD3D11RHI:     AdapterLuid : 0 76182
[2023.02.24-15.38.11:665][  0]LogD3D11RHI: RHI has support for 64 bit atomics
[2023.02.24-15.38.11:666][  0]LogD3D11RHI: Async texture creation enabled
[2023.02.24-15.38.11:666][  0]LogD3D11RHI: Array index from any shader is supported
[2023.02.24-15.38.11:692][  0]LogD3D11RHI: GPU Timing Frequency: 1000.000000 (Debug: 2 2)
[2023.02.24-15.38.11:736][  0]LogRHI: GeForceNow SDK initialized: 1
[2023.02.24-15.38.12:049][  0]LogTargetPlatformManager: Display: Loaded TargetPlatform 'AllDesktop'
[2023.02.24-15.38.12:071][  0]LogTargetPlatformManager: Display: Loaded TargetPlatform 'Android'
[2023.02.24-15.38.12:071][  0]LogTargetPlatformManager: Display: Loaded TargetPlatform 'Android_ASTC'
[2023.02.24-15.38.12:071][  0]LogTargetPlatformManager: Display: Loaded TargetPlatform 'Android_DXT'
[2023.02.24-15.38.12:071][  0]LogTargetPlatformManager: Display: Loaded TargetPlatform 'Android_ETC2'
[2023.02.24-15.38.12:071][  0]LogTargetPlatformManager: Display: Loaded TargetPlatform 'AndroidClient'
[2023.02.24-15.38.12:071][  0]LogTargetPlatformManager: Display: Loaded TargetPlatform 'Android_ASTCClient'
[2023.02.24-15.38.12:071][  0]LogTargetPlatformManager: Display: Loaded TargetPlatform 'Android_DXTClient'
[2023.02.24-15.38.12:071][  0]LogTargetPlatformManager: Display: Loaded TargetPlatform 'Android_ETC2Client'
[2023.02.24-15.38.12:071][  0]LogTargetPlatformManager: Display: Loaded TargetPlatform 'Android_Multi'
[2023.02.24-15.38.12:071][  0]LogTargetPlatformManager: Display: Loaded TargetPlatform 'Android_MultiClient'
[2023.02.24-15.38.12:096][  0]LogTargetPlatformManager: Display: Loaded TargetPlatform 'IOSClient'
[2023.02.24-15.38.12:096][  0]LogTargetPlatformManager: Display: Loaded TargetPlatform 'IOS'
[2023.02.24-15.38.12:106][  0]LogTargetPlatformManager: Display: Loaded TargetPlatform 'Linux'
[2023.02.24-15.38.12:113][  0]LogTargetPlatformManager: Display: Loaded TargetPlatform 'LinuxNoEditor'
[2023.02.24-15.38.12:118][  0]LogTargetPlatformManager: Display: Loaded TargetPlatform 'LinuxClient'
[2023.02.24-15.38.12:123][  0]LogTargetPlatformManager: Display: Loaded TargetPlatform 'LinuxServer'
[2023.02.24-15.38.12:133][  0]LogTargetPlatformManager: Display: Loaded TargetPlatform 'LinuxAArch64NoEditor'
[2023.02.24-15.38.12:138][  0]LogTargetPlatformManager: Display: Loaded TargetPlatform 'LinuxAArch64Client'
[2023.02.24-15.38.12:144][  0]LogTargetPlatformManager: Display: Loaded TargetPlatform 'LinuxAArch64Server'
[2023.02.24-15.38.12:167][  0]LogTargetPlatformManager: Display: Loaded TargetPlatform 'Lumin'
[2023.02.24-15.38.12:167][  0]LogTargetPlatformManager: Display: Loaded TargetPlatform 'LuminClient'
[2023.02.24-15.38.12:179][  0]LogTargetPlatformManager: Display: Loaded TargetPlatform 'MacNoEditor'
[2023.02.24-15.38.12:187][  0]LogTargetPlatformManager: Display: Loaded TargetPlatform 'Mac'
[2023.02.24-15.38.12:194][  0]LogTargetPlatformManager: Display: Loaded TargetPlatform 'MacClient'
[2023.02.24-15.38.12:202][  0]LogTargetPlatformManager: Display: Loaded TargetPlatform 'MacServer'
[2023.02.24-15.38.12:214][  0]LogTargetPlatformManager: Display: Loaded TargetPlatform 'TVOSClient'
[2023.02.24-15.38.12:214][  0]LogTargetPlatformManager: Display: Loaded TargetPlatform 'TVOS'
[2023.02.24-15.38.12:225][  0]LogTargetPlatformManager: Display: Loaded TargetPlatform 'WindowsNoEditor'
[2023.02.24-15.38.12:232][  0]LogTargetPlatformManager: Display: Loaded TargetPlatform 'Windows'
[2023.02.24-15.38.12:239][  0]LogTargetPlatformManager: Display: Loaded TargetPlatform 'WindowsClient'
[2023.02.24-15.38.12:247][  0]LogTargetPlatformManager: Display: Loaded TargetPlatform 'WindowsServer'
[2023.02.24-15.38.12:247][  0]LogTargetPlatformManager: Display: Building Assets For Windows
[2023.02.24-15.38.12:261][  0]LogAudioDebug: Display: Lib vorbis DLL was dynamically loaded.
[2023.02.24-15.38.12:323][  0]LogTextureFormatOodle: Display: Oodle Texture 2.9.0 init RDO Off
[2023.02.24-15.38.12:382][  0]LogRendererCore: Ray tracing is disabled. Reason: r.RayTracing=0.
[2023.02.24-15.38.12:382][  0]LogShaderCompilers: Guid format shader working directory is -54 characters bigger than the processId version (../../../../../UnrealProject/SchoolProject/InventoryProjectC++/MyInventory/MyInventory/Myinventory/Intermediate/Shaders/WorkingDirectory/17240/).
[2023.02.24-15.38.12:382][  0]LogShaderCompilers: Cleaned the shader compiler working directory 'C:/Users/acer/AppData/Local/Temp/UnrealShaderWorkingDir/3440B4654FD991ED7833CF9FC2AB72C2/'.
[2023.02.24-15.38.12:382][  0]LogXGEController: Cannot use XGE Controller as Incredibuild is not installed on this machine.
[2023.02.24-15.38.12:382][  0]LogShaderCompilers: Cannot use XGE Shader Compiler as Incredibuild is not installed on this machine.
[2023.02.24-15.38.12:382][  0]LogShaderCompilers: Display: Using Local Shader Compiler.
[2023.02.24-15.38.13:103][  0]LogDerivedDataCache: Display: Max Cache Size: 512 MB
[2023.02.24-15.38.13:161][  0]LogDerivedDataCache: Loaded boot cache 0.06s 103MB C:/Users/acer/AppData/Local/UnrealEngine/4.27/DerivedDataCache/Boot.ddc.
[2023.02.24-15.38.13:161][  0]LogDerivedDataCache: Display: Loaded Boot cache: C:/Users/acer/AppData/Local/UnrealEngine/4.27/DerivedDataCache/Boot.ddc
[2023.02.24-15.38.13:161][  0]LogDerivedDataCache: FDerivedDataBackendGraph:  Pak pak cache file ../../../../../UnrealProject/SchoolProject/InventoryProjectC++/MyInventory/MyInventory/Myinventory/DerivedDataCache/DDC.ddp not found, will not use a pak cache.
[2023.02.24-15.38.13:161][  0]LogDerivedDataCache: Unable to find inner node Pak for hierarchical cache Hierarchy.
[2023.02.24-15.38.13:161][  0]LogDerivedDataCache: FDerivedDataBackendGraph:  CompressedPak pak cache file ../../../../../UnrealProject/SchoolProject/InventoryProjectC++/MyInventory/MyInventory/Myinventory/DerivedDataCache/Compressed.ddp not found, will not use a pak cache.
[2023.02.24-15.38.13:161][  0]LogDerivedDataCache: Unable to find inner node CompressedPak for hierarchical cache Hierarchy.
[2023.02.24-15.38.13:177][  0]LogDerivedDataCache: Display: Pak cache opened for reading ../../../Engine/DerivedDataCache/Compressed.ddp.
[2023.02.24-15.38.13:177][  0]LogDerivedDataCache: FDerivedDataBackendGraph:  EnterprisePak pak cache file ../../../Enterprise/DerivedDataCache/Compressed.ddp not found, will not use a pak cache.
[2023.02.24-15.38.13:177][  0]LogDerivedDataCache: Unable to find inner node EnterprisePak for hierarchical cache Hierarchy.
[2023.02.24-15.38.13:186][  0]LogDerivedDataCache: Speed tests for C:/Users/acer/AppData/Local/UnrealEngine/Common/DerivedDataCache took 0.01 seconds
[2023.02.24-15.38.13:186][  0]LogDerivedDataCache: Display: Performance to C:/Users/acer/AppData/Local/UnrealEngine/Common/DerivedDataCache: Latency=0.03ms. RandomReadSpeed=1193.74MBs, RandomWriteSpeed=123.01MBs. Assigned SpeedClass 'Local'
[2023.02.24-15.38.13:187][  0]LogDerivedDataCache: Using Local data cache path C:/Users/acer/AppData/Local/UnrealEngine/Common/DerivedDataCache: Writable
[2023.02.24-15.38.13:187][  0]LogDerivedDataCache: Shared data cache path not found in *engine.ini, will not use an Shared cache.
[2023.02.24-15.38.13:187][  0]LogDerivedDataCache: Unable to find inner node Shared for hierarchical cache Hierarchy.
[2023.02.24-15.38.13:235][  0]LogSlate: Using FreeType 2.10.0
[2023.02.24-15.38.13:235][  0]LogSlate: SlateFontServices - WITH_FREETYPE: 1, WITH_HARFBUZZ: 1
[2023.02.24-15.38.13:261][  0]LogHMD: Failed to enumerate extensions. Please check that you have a valid OpenXR runtime installed.
[2023.02.24-15.38.13:293][  0]LogAssetRegistry: FAssetRegistry took 0.0026 seconds to start up
[2023.02.24-15.38.13:521][  0]LogInit: Selected Device Profile: [Windows]
[2023.02.24-15.38.13:521][  0]LogInit: Active device profile: [000001CB39EDD300][000001CB38F3D000 49] Windows
[2023.02.24-15.38.13:521][  0]LogInit: Profiles: [000001CB39EDD300][000001CB38F3D000 49] Windows, [000001CB39EC7400][000001CB38F412C0 49] WindowsNoEditor, [000001CB39EDE200][000001CB38F45580 49] WindowsServer, [000001CB39EC6200][000001CB38F49840 49] WindowsClient, [000001CB39EDF000][000001CB31E11B00 49] IOS, [000001CB39EC5500][000001CB31E50240 49] iPadAir, [000001CB39EDFD00][000001CB31E54500 49] iPadAir2, [000001CB39E36400][000001CB3A424A40 49] IPadPro, [000001CB39E36500][000001CB31E58A80 49] iPadAir3, [000001CB39EC6100][000001CB38F38D00 49] iPadAir4, [000001CB39E37300][000001CB3A41CF80 49] iPadMini2, [000001CB39EC7900][000001CB3A421240 49] iPadMini3, [000001CB39E36300][000001CB38C9F500 49] iPadMini4, [000001CB39EC6800][000001CB31E617C0 49] iPadMini5, [000001CB39E51D00][000001CB31E74180 49] iPhone6, [000001CB39E51E00][000001CB31E641C0 49] iPodTouch6, [000001CB39EDED00][000001CB31E7C700 49] iPhone7, [000001CB39EDEE00][000001CB31E6C740 49] iPodTouch7, [000001CB39E35C00][000001CB31E70A00 49] iPhone5S, [000001CB39EDF900][000001CB31E68CC0 49] iPhone6Plus, [000001CB39E35400][000001CB31E5CF40 49] iPhone6S, [000001CB39EDC700][000001CB31E791C0 49] iPhone6SPlus, [000001CB39E34D00][000001CB3A429480 49] iPhone7Plus, [000001CB39EDCD00][000001CB3A321740 49] iPhoneSE, [000001CB39E34500][000001CB31E89A00 49] iPhone8, [000001CB39EDEB00][000001CB3110C140 49] iPhone8Plus, [000001CB39E34900][000001CB31110400 49] iPhoneX, [000001CB39E34F00][000001CB38B606C0 49] iPhoneXS, [000001CB39E50B00][000001CB38B64980 49] iPhoneXSMax, [000001CB39E36200][000001CB38B68C40 49] iPhoneXR, [000001CB39E51400][000001CB38B6CF00 49] iPhone11, [000001CB39E36000][000001CB38C9B180 49] iPhone11Pro, [000001CB39E51A00][000001CB38B75440 49] iPhone11ProMax, [000001CB39E34A00][000001CB38B79700 49] iPhoneSE2, [000001CB39E53D00][000001CB38B7D9C0 49] iPhone12Mini, [000001CB39E34E00][000001CB38B80100 49] iPhone12, [000001CB39E52100][000001CB38B843C0 49] iPhone12Pro, [000001CB39E51C00][000001CB3A324680 49] iPhone12ProMax, [000001CB39EDCB00][000001CB3A328940 49] iPadPro105, [000001CB39E53800][000001CB3A32CC00 49] iPadPro129, [000001CB39EDC800][000001CB3A330EC0 49] iPadPro97, [000001CB39E51800][000001CB38B71140 49] iPadPro2_129, [000001CB39E35F00][000001CB3A3353C0 49] iPad5, [000001CB39E50E00][000001CB3A33D680 49] iPad6, [000001CB39E35B00][000001CB3A341940 49] iPad7, [000001CB39E50F00][000001CB3A345C00 49] iPad8, [000001CB39E37D00][000001CB3A348340 49] iPadPro11, [000001CB39E52F00][000001CB3A34C600 49] iPadPro2_11, [000001CB39E36900][000001CB3A3508C0 49] iPadPro3_129, [000001CB39E50800][000001CB3A354B80 49] iPadPro4_129, [000001CB39E35500][000001CB38D38E40 49] AppleTV, [000001CB39E52E00][000001CB38D3D100 49] AppleTV4K, [000001CB39E35E00][000001CB3A339380 49] TVOS, [000001CB39E50300][000001CB38D41600 49] Mac, [000001CB39E35D00][000001CB38D498C0 49] MacClient, [000001CB39E52600][000001CB38D4DB80 49] MacNoEditor, [000001CB39E37100][000001CB38D502C0 49] MacServer, [000001CB39E53700][000001CB38D54580 49] Linux, [000001CB39E34100][000001CB38D58840 49] LinuxAArch64, [000001CB39E51900][000001CB38D5CB00 49] LinuxNoEditor, [000001CB39E37C00][000001CB38D60DC0 49] LinuxAArch64NoEditor, [000001CB39E53B00][000001CB38D65080 49] LinuxClient, [000001CB39E37000][000001CB38D69340 49] LinuxAArch64Client, [000001CB39E53E00][000001CB38D455C0 49] LinuxServer, [000001CB39E34700][000001CB38D6D840 49] LinuxAArch64Server, [000001CB39E51F00][000001CB38D75B00 49] Android, [000001CB39E34B00][000001CB3A380240 49] Android_Low, [000001CB39E52900][000001CB3A384500 49] Android_Mid, [000001CB39E37800][000001CB3A3887C0 49] Android_High, [000001CB39E52500][000001CB3A38CA80 49] Android_Default, [000001CB39E37700][000001CB3A390D40 49] Android_Adreno4xx, [000001CB39E52200][000001CB3A395000 49] Android_Adreno5xx_Low, [000001CB39E34C00][000001CB3A3992C0 49] Android_Adreno5xx, [000001CB39E53300][000001CB3A39D580 49] Android_Adreno6xx, [000001CB39E34300][000001CB38D71800 49] Android_Adreno6xx_Vulkan, [000001CB39E51500][000001CB3A3A1A80 49] Android_Mali_T6xx, [000001CB39E35800][000001CB3A3A81C0 49] Android_Mali_T7xx, [000001CB39E53500][000001CB3A3AC480 49] Android_Mali_T8xx, [000001CB39E36D00][000001CB3A3B0740 49] Android_Mali_G71, [000001CB39E52800][000001CB3A3B4A00 49] Android_Mali_G72, [000001CB39E35200][000001CB3A3B8CC0 49] Android_Mali_G72_Vulkan, [000001CB39E50D00][000001CB3A3BCF80 49] Android_Mali_G76, [000001CB39E35700][000001CB3A3C1240 49] Android_Mali_G76_Vulkan, [000001CB39E52700][000001CB3A3C5500 49] Android_Mali_G77, [000001CB39E34200][000001CB3A3C97C0 49] Android_Mali_G77_Vulkan, [000001CB39EC6900][000001CB3A3A5A40 49] Android_Mali_G78, [000001CB39EDC500][000001CB3A3CC140 49] Android_Mali_G78_Vulkan, [000001CB39EC4B00][000001CB3A3D4400 49] Android_Mali_G710, [000001CB39EDDD00][000001CB3A3D86C0 49] Android_Mali_G710_Vulkan, [000001CB39EC4900][000001CB3A3DC980 49] Android_Vulkan_SM5, [000001CB39EDFC00][000001CB3A3E0C40 49] Android_PowerVR_G6xxx, [000001CB39EC4D00][000001CB3A3E4F00 49] Android_PowerVR_GT7xxx, [000001CB39EDF500][000001CB3A3E91C0 49] Android_PowerVR_GE8xxx, [000001CB39EC4200][000001CB3A3ED480 49] Android_PowerVR_GM9xxx, [000001CB39EDC300][000001CB3A1CB740 49] Android_PowerVR_GM9xxx_Vulkan, [000001CB39EC7500][000001CB3A1CFA00 49] Android_TegraK1, [000001CB39EDF400][000001CB3A3D0100 49] Android_Unknown_Vulkan, [000001CB39EC4F00][000001CB3A1D2380 49] Lumin, [000001CB39EDF600][000001CB3A1DA640 49] Lumin_Desktop, [000001CB39EC5800][000001CB3A1DE900 49] HoloLens, 
[2023.02.24-15.38.13:708][  0]LogMeshReduction: Using QuadricMeshReduction for automatic static mesh reduction
[2023.02.24-15.38.13:708][  0]LogMeshReduction: Using SimplygonMeshReduction for automatic skeletal mesh reduction
[2023.02.24-15.38.13:708][  0]LogMeshReduction: Using ProxyLODMeshReduction for automatic mesh merging
[2023.02.24-15.38.13:708][  0]LogMeshReduction: No distributed automatic mesh merging module available
[2023.02.24-15.38.13:708][  0]LogMeshMerging: No distributed automatic mesh merging module available
[2023.02.24-15.38.13:728][  0]LogNetVersion: Myinventory 1.0.0, NetCL: 17155196, EngineNetVer: 17, GameNetVer: 0 (Checksum: 3355418598)
[2023.02.24-15.38.14:149][  0]LogTexture: Default maximum texture size for cubemaps generated from long-lat sources has been changed from 512 to unlimited. In order to preserve old behaiour for '/Engine/MapTemplates/Sky/DaylightAmbientCubemap.DaylightAmbientCubemap', its maximum texture size has been explicitly set to 512.
[2023.02.24-15.38.14:205][  0]LogHMD: PokeAHoleMaterial loaded successfully
[2023.02.24-15.38.14:211][  0]LogUObjectArray: 17075 objects as part of root set at end of initial load.
[2023.02.24-15.38.14:211][  0]LogUObjectAllocator: 4275792 out of 0 bytes used by permanent object pool.
[2023.02.24-15.38.14:211][  0]LogUObjectArray: CloseDisregardForGC: 0/0 objects in disregard for GC pool
[2023.02.24-15.38.14:440][  0]LogNiagaraDebuggerClient: Niagara Debugger Client Initialized | Session: 50157F674635E459290BA1B85FE519A3 | Instance: 04704CBD44DA51F6EA67C7B1BD4FEBAF (LAPTOP-EQMPUEL2-17240).
[2023.02.24-15.38.14:631][  0]LogPython: Using Python 3.7.7
[2023.02.24-15.38.15:265][  0]LogTcpMessaging: Initializing TcpMessaging bridge
[2023.02.24-15.38.15:270][  0]LogUdpMessaging: Initializing bridge on interface 0.0.0.0:0 to multicast group 230.0.0.1:6666.
[2023.02.24-15.38.16:090][  0]SourceControl: Source control is disabled
[2023.02.24-15.38.16:090][  0]SourceControl: Source control is disabled
[2023.02.24-15.38.16:095][  0]SourceControl: Source control is disabled
[2023.02.24-15.38.16:098][  0]SourceControl: Source control is disabled
[2023.02.24-15.38.16:852][  0]SourceControl: Source control is disabled
[2023.02.24-15.38.16:860][  0]LogUProjectInfo: Found projects:
[2023.02.24-15.38.16:883][  0]LogOpenImageDenoise: OIDN starting up
[2023.02.24-15.38.16:941][  0]LogAndroidPermission: UAndroidPermissionCallbackProxy::GetInstance
[2023.02.24-15.38.16:972][  0]LogAudioCaptureCore: Display: No Audio Capture implementations found. Audio input will be silent.
[2023.02.24-15.38.16:972][  0]LogAudioCaptureCore: Display: No Audio Capture implementations found. Audio input will be silent.
[2023.02.24-15.38.17:115][  0]LogCollectionManager: Loaded 0 collections in 0.001928 seconds
[2023.02.24-15.38.17:143][  0]LogFileCache: Scanning file cache for directory 'D:/UnrealProject/SchoolProject/InventoryProjectC++/MyInventory/MyInventory/Myinventory/Saved/Collections/' took 0.00s
[2023.02.24-15.38.17:143][  0]LogFileCache: Scanning file cache for directory 'D:/UnrealProject/SchoolProject/InventoryProjectC++/MyInventory/MyInventory/Myinventory/Content/Developers/acer/Collections/' took 0.00s
[2023.02.24-15.38.17:143][  0]LogFileCache: Scanning file cache for directory 'D:/UnrealProject/SchoolProject/InventoryProjectC++/MyInventory/MyInventory/Myinventory/Content/Collections/' took 0.00s
[2023.02.24-15.38.17:143][  0]LogOcInput: OculusInput pre-init called
[2023.02.24-15.38.17:426][  0]LogEngine: Initializing Engine...
[2023.02.24-15.38.17:428][  0]LogHMD: Failed to enumerate extensions. Please check that you have a valid OpenXR runtime installed.
[2023.02.24-15.38.17:428][  0]LogMagicLeap: Warning: VR disabled because ZI is not enabled.  To enable, in the editor, Edit -> Project Settings -> Plugins -> Magic Leap Plugin -> Enable Zero Iteration
[2023.02.24-15.38.17:428][  0]LogStats: UGameplayTagsManager::InitializeManager -  0.000 s
[2023.02.24-15.38.17:533][  0]LogInit: Initializing FReadOnlyCVARCache
[2023.02.24-15.38.17:543][  0]LogAIModule: Creating AISystem for world Untitled
[2023.02.24-15.38.17:553][  0]LogAudio: Display: Initializing Audio Device Manager...
[2023.02.24-15.38.17:561][  0]LogAudio: Display: Loading Default Audio Settings Objects...
[2023.02.24-15.38.17:561][  0]LogAudio: Display: No default SoundConcurrencyObject specified (or failed to load).
[2023.02.24-15.38.17:561][  0]LogAudio: Display: Audio Device Manager Initialized
[2023.02.24-15.38.17:561][  0]LogAudio: Display: Creating Audio Device:                 Id: 1, Scope: Shared, Realtime: True
[2023.02.24-15.38.17:561][  0]LogAudioMixer: Display: Audio Mixer Platform Settings:
[2023.02.24-15.38.17:561][  0]LogAudioMixer: Display: 	Sample Rate:						  48000
[2023.02.24-15.38.17:561][  0]LogAudioMixer: Display: 	Callback Buffer Frame Size Requested: 1024
[2023.02.24-15.38.17:561][  0]LogAudioMixer: Display: 	Callback Buffer Frame Size To Use:	  1024
[2023.02.24-15.38.17:561][  0]LogAudioMixer: Display: 	Number of buffers to queue:			  2
[2023.02.24-15.38.17:561][  0]LogAudioMixer: Display: 	Max Channels (voices):				  32
[2023.02.24-15.38.17:561][  0]LogAudioMixer: Display: 	Number of Async Source Workers:		  0
[2023.02.24-15.38.17:561][  0]LogAudio: Display: AudioDevice MaxSources: 32
[2023.02.24-15.38.17:561][  0]LogAudio: Display: Audio Spatialization Plugin: None (built-in).
[2023.02.24-15.38.17:561][  0]LogAudio: Display: Audio Reverb Plugin: None (built-in).
[2023.02.24-15.38.17:561][  0]LogAudio: Display: Audio Occlusion Plugin: None (built-in).
[2023.02.24-15.38.17:561][  0]LogAudioMixer: Display: Initializing audio mixer.
[2023.02.24-15.38.17:585][  0]LogAudioMixer: Display: 0: FrontLeft
[2023.02.24-15.38.17:585][  0]LogAudioMixer: Display: 1: FrontRight
[2023.02.24-15.38.17:616][  0]LogAudioMixer: Display: Using Audio Device Hörlurar (Galaxy Buds (A71C))
[2023.02.24-15.38.17:619][  0]LogAudioMixer: Display: Initializing Sound Submixes...
[2023.02.24-15.38.17:621][  0]LogAudioMixer: Display: Creating Master Submix 'MasterSubmixDefault'
[2023.02.24-15.38.17:621][  0]LogAudioMixer: Display: Creating Master Submix 'MasterReverbSubmixDefault'
[2023.02.24-15.38.17:622][  0]LogAudioMixer: Display: Creating Master Submix 'MasterEQSubmixDefault'
[2023.02.24-15.38.17:622][  0]LogAudioMixer: FMixerPlatformXAudio2::StartAudioStream() called
[2023.02.24-15.38.17:622][  0]LogAudioMixer: Display: Output buffers initialized: Frames=1024, Channels=2, Samples=2048
[2023.02.24-15.38.17:623][  0]LogAudioMixer: Display: Starting AudioMixerPlatformInterface::RunInternal()
[2023.02.24-15.38.17:623][  0]LogAudioMixer: Display: FMixerPlatformXAudio2::SubmitBuffer() called for the first time
[2023.02.24-15.38.17:623][  0]LogInit: FAudioDevice initialized.
[2023.02.24-15.38.17:623][  0]LogAudio: Display: Audio Device (ID: 1) registered with world 'Untitled'.
[2023.02.24-15.38.17:624][  0]LogNetVersion: Set ProjectVersion to 1.0.0.0. Version Checksum will be recalculated on next use.
[2023.02.24-15.38.17:675][  0]LogDerivedDataCache: Saved boot cache 0.05s 103MB C:/Users/acer/AppData/Local/UnrealEngine/4.27/DerivedDataCache/Boot.ddc.
[2023.02.24-15.38.17:675][  0]LogInit: Texture streaming: Enabled
[2023.02.24-15.38.17:697][  0]LogAnalytics: Display: [UEEditor.Rocket.Release] APIServer = https://datarouter.ol.epicgames.com/. AppVersion = 4.27.2-18319896+++UE4+Release-4.27
[2023.02.24-15.38.17:704][  0]LogEngineSessionManager: EngineSessionManager initialized
[2023.02.24-15.38.17:704][  0]LogEditorSessionSummary: Verbose: Initializing EditorSessionSummaryWriter for editor session tracking
[2023.02.24-15.38.17:707][  0]LogEditorSessionSummary: EditorSessionSummaryWriter initialized
[2023.02.24-15.38.17:801][  0]LogInit: Transaction tracking system initialized
[2023.02.24-15.38.17:840][  0]BlueprintLog: New page: Editor Load
[2023.02.24-15.38.17:943][  0]LocalizationService: Localization service is disabled
[2023.02.24-15.38.17:990][  0]TimingProfiler: Initialize
[2023.02.24-15.38.17:990][  0]TimingProfiler: OnSessionChanged
[2023.02.24-15.38.17:990][  0]LoadingProfiler: Initialize
[2023.02.24-15.38.17:990][  0]LoadingProfiler: OnSessionChanged
[2023.02.24-15.38.17:990][  0]NetworkingProfiler: Initialize
[2023.02.24-15.38.17:990][  0]NetworkingProfiler: OnSessionChanged
[2023.02.24-15.38.17:990][  0]MemoryProfiler: Initialize
[2023.02.24-15.38.17:990][  0]MemoryProfiler: OnSessionChanged
[2023.02.24-15.38.18:257][  0]LogCook: Display: CookSettings for Memory: MemoryMaxUsedVirtual 0MiB, MemoryMaxUsedPhysical 16384MiB, MemoryMinFreeVirtual 0MiB, MemoryMinFreePhysical 1024MiB
[2023.02.24-15.38.18:257][  0]LogCook: Display: Mobile HDR setting 1
[2023.02.24-15.38.18:510][  0]LogFileCache: Scanning file cache for directory 'D:/UnrealProject/SchoolProject/InventoryProjectC++/MyInventory/MyInventory/Myinventory/Content/' took 0.00s
[2023.02.24-15.38.18:510][  0]LogInit: Display: Engine is initialized. Leaving FEngineLoop::Init()
[2023.02.24-15.38.18:513][  0]SourceControl: Source control is disabled
[2023.02.24-15.38.18:513][  0]LogUnrealEdMisc: Loading editor; pre map load, took 9.341
[2023.02.24-15.38.18:513][  0]LightingResults: New page: Lighting Build
[2023.02.24-15.38.18:515][  0]LogWorld: UWorld::CleanupWorld for Untitled, bSessionEnded=true, bCleanupResources=true
[2023.02.24-15.38.18:515][  0]LogSlate: InvalidateAllWidgets triggered.  All widgets were invalidated
[2023.02.24-15.38.18:515][  0]MapCheck: New page: Map Check
[2023.02.24-15.38.18:515][  0]LightingResults: New page: Lighting Build
[2023.02.24-15.38.18:520][  0]LogAudio: Display: Audio Device unregistered from world 'None'.
[2023.02.24-15.38.18:524][  0]LogUObjectHash: Compacting FUObjectHashTables data took   1.08ms
[2023.02.24-15.38.18:583][  0]LogAudio: Display: Audio Device (ID: 1) registered with world 'ThirdPersonExampleMap'.
[2023.02.24-15.38.18:584][  0]LogAIModule: Creating AISystem for world ThirdPersonExampleMap
[2023.02.24-15.38.18:589][  0]LogEditorServer: Finished looking for orphan Actors (0.000 secs)
[2023.02.24-15.38.18:597][  0]LogUObjectHash: Compacting FUObjectHashTables data took   0.87ms
[2023.02.24-15.38.18:597][  0]Cmd: MAP CHECKDEP NOCLEARLOG
[2023.02.24-15.38.18:598][  0]MapCheck: Map check complete: 0 Error(s), 0 Warning(s), took 0.144ms to complete.
[2023.02.24-15.38.18:598][  0]LogFileHelpers: Loading map 'ThirdPersonExampleMap' took 0.085
[2023.02.24-15.38.18:600][  0]LogUnrealEdMisc: Total Editor Startup Time, took 9.428
[2023.02.24-15.38.18:764][  0]LogSlate: Updating window title bar state: overlay mode, drag disabled, window buttons hidden, title bar hidden
[2023.02.24-15.38.18:771][  0]LogSlate: Updating window title bar state: overlay mode, drag disabled, window buttons hidden, title bar hidden
[2023.02.24-15.38.18:776][  0]LogSlate: Updating window title bar state: overlay mode, drag disabled, window buttons hidden, title bar hidden
[2023.02.24-15.38.18:783][  0]LogSlate: Updating window title bar state: overlay mode, drag disabled, window buttons hidden, title bar hidden
[2023.02.24-15.38.18:795][  0]LogNativeClassHierarchy: Verbose: Native class hierarchy populated in 0.0087 seconds. Added 3816 classes and 923 folders.
[2023.02.24-15.38.18:819][  0]LogNativeClassHierarchy: Verbose: Native class hierarchy updated for 'WidgetCarousel' in 0.0003 seconds. Added 0 classes and 0 folders.
[2023.02.24-15.38.18:819][  0]LogPakFile: PakFile PrimaryIndexSize=191
[2023.02.24-15.38.18:819][  0]LogPakFile: PakFile PathHashIndexSize=101
[2023.02.24-15.38.18:819][  0]LogPakFile: PakFile FullDirectoryIndexSize=160
[2023.02.24-15.38.18:819][  0]LogShaderLibrary: Display: ShaderCodeLibraryPakFileMountedCallback: PakFile 'D:/Unreal Eninge/UE_4.27/FeaturePacks/MobileStarterContent.upack' (chunk index -1, root 'root:/') mounted
[2023.02.24-15.38.18:819][  0]LogShaderLibrary: Display: ShaderCodeLibraryPakFileMountedCallback: pending pak file info (ChunkID:-1 Root:root:/ File:D:/Unreal Eninge/UE_4.27/FeaturePacks/MobileStarterContent.upack)
[2023.02.24-15.38.18:819][  0]LogPakFile: OnPakFileMounted2Time == 0.000071
[2023.02.24-15.38.18:821][  0]LogPakFile: PakFile PrimaryIndexSize=185
[2023.02.24-15.38.18:821][  0]LogPakFile: PakFile PathHashIndexSize=101
[2023.02.24-15.38.18:821][  0]LogPakFile: PakFile FullDirectoryIndexSize=148
[2023.02.24-15.38.18:821][  0]LogShaderLibrary: Display: ShaderCodeLibraryPakFileMountedCallback: PakFile 'D:/Unreal Eninge/UE_4.27/FeaturePacks/StarterContent.upack' (chunk index -1, root 'root:/') mounted
[2023.02.24-15.38.18:821][  0]LogShaderLibrary: Display: ShaderCodeLibraryPakFileMountedCallback: pending pak file info (ChunkID:-1 Root:root:/ File:D:/Unreal Eninge/UE_4.27/FeaturePacks/StarterContent.upack)
[2023.02.24-15.38.18:821][  0]LogPakFile: OnPakFileMounted2Time == 0.000036
[2023.02.24-15.38.18:821][  0]LogPakFile: PakFile PrimaryIndexSize=187
[2023.02.24-15.38.18:821][  0]LogPakFile: PakFile PathHashIndexSize=101
[2023.02.24-15.38.18:821][  0]LogPakFile: PakFile FullDirectoryIndexSize=148
[2023.02.24-15.38.18:821][  0]LogShaderLibrary: Display: ShaderCodeLibraryPakFileMountedCallback: PakFile 'D:/Unreal Eninge/UE_4.27/FeaturePacks/FP_FirstPerson.upack' (chunk index -1, root 'root:/') mounted
[2023.02.24-15.38.18:821][  0]LogShaderLibrary: Display: ShaderCodeLibraryPakFileMountedCallback: pending pak file info (ChunkID:-1 Root:root:/ File:D:/Unreal Eninge/UE_4.27/FeaturePacks/FP_FirstPerson.upack)
[2023.02.24-15.38.18:821][  0]LogPakFile: OnPakFileMounted2Time == 0.000032
[2023.02.24-15.38.18:821][  0]LogPakFile: PakFile PrimaryIndexSize=189
[2023.02.24-15.38.18:821][  0]LogPakFile: PakFile PathHashIndexSize=101
[2023.02.24-15.38.18:821][  0]LogPakFile: PakFile FullDirectoryIndexSize=152
[2023.02.24-15.38.18:821][  0]LogShaderLibrary: Display: ShaderCodeLibraryPakFileMountedCallback: PakFile 'D:/Unreal Eninge/UE_4.27/FeaturePacks/FP_FirstPersonBP.upack' (chunk index -1, root 'root:/') mounted
[2023.02.24-15.38.18:821][  0]LogShaderLibrary: Display: ShaderCodeLibraryPakFileMountedCallback: pending pak file info (ChunkID:-1 Root:root:/ File:D:/Unreal Eninge/UE_4.27/FeaturePacks/FP_FirstPersonBP.upack)
[2023.02.24-15.38.18:821][  0]LogPakFile: OnPakFileMounted2Time == 0.000033
[2023.02.24-15.38.18:823][  0]LogPakFile: PakFile PrimaryIndexSize=190
[2023.02.24-15.38.18:823][  0]LogPakFile: PakFile PathHashIndexSize=101
[2023.02.24-15.38.18:823][  0]LogPakFile: PakFile FullDirectoryIndexSize=154
[2023.02.24-15.38.18:823][  0]LogShaderLibrary: Display: ShaderCodeLibraryPakFileMountedCallback: PakFile 'D:/Unreal Eninge/UE_4.27/FeaturePacks/TP_2DSideScroller.upack' (chunk index -1, root 'root:/') mounted
[2023.02.24-15.38.18:823][  0]LogShaderLibrary: Display: ShaderCodeLibraryPakFileMountedCallback: pending pak file info (ChunkID:-1 Root:root:/ File:D:/Unreal Eninge/UE_4.27/FeaturePacks/TP_2DSideScroller.upack)
[2023.02.24-15.38.18:823][  0]LogPakFile: OnPakFileMounted2Time == 0.000032
[2023.02.24-15.38.18:823][  0]LogPakFile: PakFile PrimaryIndexSize=192
[2023.02.24-15.38.18:823][  0]LogPakFile: PakFile PathHashIndexSize=101
[2023.02.24-15.38.18:823][  0]LogPakFile: PakFile FullDirectoryIndexSize=158
[2023.02.24-15.38.18:823][  0]LogShaderLibrary: Display: ShaderCodeLibraryPakFileMountedCallback: PakFile 'D:/Unreal Eninge/UE_4.27/FeaturePacks/TP_2DSideScrollerBP.upack' (chunk index -1, root 'root:/') mounted
[2023.02.24-15.38.18:823][  0]LogShaderLibrary: Display: ShaderCodeLibraryPakFileMountedCallback: pending pak file info (ChunkID:-1 Root:root:/ File:D:/Unreal Eninge/UE_4.27/FeaturePacks/TP_2DSideScrollerBP.upack)
[2023.02.24-15.38.18:823][  0]LogPakFile: OnPakFileMounted2Time == 0.000034
[2023.02.24-15.38.18:824][  0]LogPakFile: PakFile PrimaryIndexSize=182
[2023.02.24-15.38.18:824][  0]LogPakFile: PakFile PathHashIndexSize=101
[2023.02.24-15.38.18:824][  0]LogPakFile: PakFile FullDirectoryIndexSize=138
[2023.02.24-15.38.18:824][  0]LogShaderLibrary: Display: ShaderCodeLibraryPakFileMountedCallback: PakFile 'D:/Unreal Eninge/UE_4.27/FeaturePacks/TP_Flying.upack' (chunk index -1, root 'root:/') mounted
[2023.02.24-15.38.18:824][  0]LogShaderLibrary: Display: ShaderCodeLibraryPakFileMountedCallback: pending pak file info (ChunkID:-1 Root:root:/ File:D:/Unreal Eninge/UE_4.27/FeaturePacks/TP_Flying.upack)
[2023.02.24-15.38.18:824][  0]LogPakFile: OnPakFileMounted2Time == 0.000031
[2023.02.24-15.38.18:824][  0]LogPakFile: PakFile PrimaryIndexSize=184
[2023.02.24-15.38.18:824][  0]LogPakFile: PakFile PathHashIndexSize=101
[2023.02.24-15.38.18:824][  0]LogPakFile: PakFile FullDirectoryIndexSize=142
[2023.02.24-15.38.18:824][  0]LogShaderLibrary: Display: ShaderCodeLibraryPakFileMountedCallback: PakFile 'D:/Unreal Eninge/UE_4.27/FeaturePacks/TP_FlyingBP.upack' (chunk index -1, root 'root:/') mounted
[2023.02.24-15.38.18:824][  0]LogShaderLibrary: Display: ShaderCodeLibraryPakFileMountedCallback: pending pak file info (ChunkID:-1 Root:root:/ File:D:/Unreal Eninge/UE_4.27/FeaturePacks/TP_FlyingBP.upack)
[2023.02.24-15.38.18:824][  0]LogPakFile: OnPakFileMounted2Time == 0.000031
[2023.02.24-15.38.18:825][  0]LogPakFile: PakFile PrimaryIndexSize=188
[2023.02.24-15.38.18:825][  0]LogPakFile: PakFile PathHashIndexSize=101
[2023.02.24-15.38.18:825][  0]LogPakFile: PakFile FullDirectoryIndexSize=150
[2023.02.24-15.38.18:825][  0]LogShaderLibrary: Display: ShaderCodeLibraryPakFileMountedCallback: PakFile 'D:/Unreal Eninge/UE_4.27/FeaturePacks/TP_HandheldARBP.upack' (chunk index -1, root 'root:/') mounted
[2023.02.24-15.38.18:825][  0]LogShaderLibrary: Display: ShaderCodeLibraryPakFileMountedCallback: pending pak file info (ChunkID:-1 Root:root:/ File:D:/Unreal Eninge/UE_4.27/FeaturePacks/TP_HandheldARBP.upack)
[2023.02.24-15.38.18:825][  0]LogPakFile: OnPakFileMounted2Time == 0.000034
[2023.02.24-15.38.18:826][  0]LogPakFile: PakFile PrimaryIndexSize=182
[2023.02.24-15.38.18:826][  0]LogPakFile: PakFile PathHashIndexSize=101
[2023.02.24-15.38.18:826][  0]LogPakFile: PakFile FullDirectoryIndexSize=138
[2023.02.24-15.38.18:826][  0]LogShaderLibrary: Display: ShaderCodeLibraryPakFileMountedCallback: PakFile 'D:/Unreal Eninge/UE_4.27/FeaturePacks/TP_Puzzle.upack' (chunk index -1, root 'root:/') mounted
[2023.02.24-15.38.18:826][  0]LogShaderLibrary: Display: ShaderCodeLibraryPakFileMountedCallback: pending pak file info (ChunkID:-1 Root:root:/ File:D:/Unreal Eninge/UE_4.27/FeaturePacks/TP_Puzzle.upack)
[2023.02.24-15.38.18:826][  0]LogPakFile: OnPakFileMounted2Time == 0.000032
[2023.02.24-15.38.18:826][  0]LogPakFile: PakFile PrimaryIndexSize=184
[2023.02.24-15.38.18:826][  0]LogPakFile: PakFile PathHashIndexSize=101
[2023.02.24-15.38.18:826][  0]LogPakFile: PakFile FullDirectoryIndexSize=142
[2023.02.24-15.38.18:826][  0]LogShaderLibrary: Display: ShaderCodeLibraryPakFileMountedCallback: PakFile 'D:/Unreal Eninge/UE_4.27/FeaturePacks/TP_PuzzleBP.upack' (chunk index -1, root 'root:/') mounted
[2023.02.24-15.38.18:826][  0]LogShaderLibrary: Display: ShaderCodeLibraryPakFileMountedCallback: pending pak file info (ChunkID:-1 Root:root:/ File:D:/Unreal Eninge/UE_4.27/FeaturePacks/TP_PuzzleBP.upack)
[2023.02.24-15.38.18:826][  0]LogPakFile: OnPakFileMounted2Time == 0.000032
[2023.02.24-15.38.18:827][  0]LogPakFile: PakFile PrimaryIndexSize=183
[2023.02.24-15.38.18:827][  0]LogPakFile: PakFile PathHashIndexSize=101
[2023.02.24-15.38.18:827][  0]LogPakFile: PakFile FullDirectoryIndexSize=140
[2023.02.24-15.38.18:827][  0]LogShaderLibrary: Display: ShaderCodeLibraryPakFileMountedCallback: PakFile 'D:/Unreal Eninge/UE_4.27/FeaturePacks/TP_Rolling.upack' (chunk index -1, root 'root:/') mounted
[2023.02.24-15.38.18:827][  0]LogShaderLibrary: Display: ShaderCodeLibraryPakFileMountedCallback: pending pak file info (ChunkID:-1 Root:root:/ File:D:/Unreal Eninge/UE_4.27/FeaturePacks/TP_Rolling.upack)
[2023.02.24-15.38.18:827][  0]LogPakFile: OnPakFileMounted2Time == 0.000031
[2023.02.24-15.38.18:827][  0]LogPakFile: PakFile PrimaryIndexSize=185
[2023.02.24-15.38.18:827][  0]LogPakFile: PakFile PathHashIndexSize=101
[2023.02.24-15.38.18:827][  0]LogPakFile: PakFile FullDirectoryIndexSize=144
[2023.02.24-15.38.18:827][  0]LogShaderLibrary: Display: ShaderCodeLibraryPakFileMountedCallback: PakFile 'D:/Unreal Eninge/UE_4.27/FeaturePacks/TP_RollingBP.upack' (chunk index -1, root 'root:/') mounted
[2023.02.24-15.38.18:827][  0]LogShaderLibrary: Display: ShaderCodeLibraryPakFileMountedCallback: pending pak file info (ChunkID:-1 Root:root:/ File:D:/Unreal Eninge/UE_4.27/FeaturePacks/TP_RollingBP.upack)
[2023.02.24-15.38.18:827][  0]LogPakFile: OnPakFileMounted2Time == 0.000031
[2023.02.24-15.38.18:828][  0]LogPakFile: PakFile PrimaryIndexSize=188
[2023.02.24-15.38.18:828][  0]LogPakFile: PakFile PathHashIndexSize=101
[2023.02.24-15.38.18:828][  0]LogPakFile: PakFile FullDirectoryIndexSize=150
[2023.02.24-15.38.18:828][  0]LogShaderLibrary: Display: ShaderCodeLibraryPakFileMountedCallback: PakFile 'D:/Unreal Eninge/UE_4.27/FeaturePacks/TP_SideScroller.upack' (chunk index -1, root 'root:/') mounted
[2023.02.24-15.38.18:828][  0]LogShaderLibrary: Display: ShaderCodeLibraryPakFileMountedCallback: pending pak file info (ChunkID:-1 Root:root:/ File:D:/Unreal Eninge/UE_4.27/FeaturePacks/TP_SideScroller.upack)
[2023.02.24-15.38.18:828][  0]LogPakFile: OnPakFileMounted2Time == 0.000032
[2023.02.24-15.38.18:828][  0]LogPakFile: PakFile PrimaryIndexSize=190
[2023.02.24-15.38.18:828][  0]LogPakFile: PakFile PathHashIndexSize=101
[2023.02.24-15.38.18:828][  0]LogPakFile: PakFile FullDirectoryIndexSize=154
[2023.02.24-15.38.18:828][  0]LogShaderLibrary: Display: ShaderCodeLibraryPakFileMountedCallback: PakFile 'D:/Unreal Eninge/UE_4.27/FeaturePacks/TP_SideScrollerBP.upack' (chunk index -1, root 'root:/') mounted
[2023.02.24-15.38.18:828][  0]LogShaderLibrary: Display: ShaderCodeLibraryPakFileMountedCallback: pending pak file info (ChunkID:-1 Root:root:/ File:D:/Unreal Eninge/UE_4.27/FeaturePacks/TP_SideScrollerBP.upack)
[2023.02.24-15.38.18:828][  0]LogPakFile: OnPakFileMounted2Time == 0.000032
[2023.02.24-15.38.18:829][  0]LogPakFile: PakFile PrimaryIndexSize=187
[2023.02.24-15.38.18:829][  0]LogPakFile: PakFile PathHashIndexSize=101
[2023.02.24-15.38.18:829][  0]LogPakFile: PakFile FullDirectoryIndexSize=148
[2023.02.24-15.38.18:829][  0]LogShaderLibrary: Display: ShaderCodeLibraryPakFileMountedCallback: PakFile 'D:/Unreal Eninge/UE_4.27/FeaturePacks/TP_ThirdPerson.upack' (chunk index -1, root 'root:/') mounted
[2023.02.24-15.38.18:829][  0]LogShaderLibrary: Display: ShaderCodeLibraryPakFileMountedCallback: pending pak file info (ChunkID:-1 Root:root:/ File:D:/Unreal Eninge/UE_4.27/FeaturePacks/TP_ThirdPerson.upack)
[2023.02.24-15.38.18:829][  0]LogPakFile: OnPakFileMounted2Time == 0.000032
[2023.02.24-15.38.18:829][  0]LogPakFile: PakFile PrimaryIndexSize=189
[2023.02.24-15.38.18:829][  0]LogPakFile: PakFile PathHashIndexSize=101
[2023.02.24-15.38.18:829][  0]LogPakFile: PakFile FullDirectoryIndexSize=152
[2023.02.24-15.38.18:829][  0]LogShaderLibrary: Display: ShaderCodeLibraryPakFileMountedCallback: PakFile 'D:/Unreal Eninge/UE_4.27/FeaturePacks/TP_ThirdPersonBP.upack' (chunk index -1, root 'root:/') mounted
[2023.02.24-15.38.18:829][  0]LogShaderLibrary: Display: ShaderCodeLibraryPakFileMountedCallback: pending pak file info (ChunkID:-1 Root:root:/ File:D:/Unreal Eninge/UE_4.27/FeaturePacks/TP_ThirdPersonBP.upack)
[2023.02.24-15.38.18:829][  0]LogPakFile: OnPakFileMounted2Time == 0.000033
[2023.02.24-15.38.18:830][  0]LogPakFile: PakFile PrimaryIndexSize=183
[2023.02.24-15.38.18:830][  0]LogPakFile: PakFile PathHashIndexSize=101
[2023.02.24-15.38.18:830][  0]LogPakFile: PakFile FullDirectoryIndexSize=140
[2023.02.24-15.38.18:830][  0]LogShaderLibrary: Display: ShaderCodeLibraryPakFileMountedCallback: PakFile 'D:/Unreal Eninge/UE_4.27/FeaturePacks/TP_TopDown.upack' (chunk index -1, root 'root:/') mounted
[2023.02.24-15.38.18:830][  0]LogShaderLibrary: Display: ShaderCodeLibraryPakFileMountedCallback: pending pak file info (ChunkID:-1 Root:root:/ File:D:/Unreal Eninge/UE_4.27/FeaturePacks/TP_TopDown.upack)
[2023.02.24-15.38.18:830][  0]LogPakFile: OnPakFileMounted2Time == 0.000037
[2023.02.24-15.38.18:830][  0]LogPakFile: PakFile PrimaryIndexSize=185
[2023.02.24-15.38.18:830][  0]LogPakFile: PakFile PathHashIndexSize=101
[2023.02.24-15.38.18:830][  0]LogPakFile: PakFile FullDirectoryIndexSize=144
[2023.02.24-15.38.18:830][  0]LogShaderLibrary: Display: ShaderCodeLibraryPakFileMountedCallback: PakFile 'D:/Unreal Eninge/UE_4.27/FeaturePacks/TP_TopDownBP.upack' (chunk index -1, root 'root:/') mounted
[2023.02.24-15.38.18:830][  0]LogShaderLibrary: Display: ShaderCodeLibraryPakFileMountedCallback: pending pak file info (ChunkID:-1 Root:root:/ File:D:/Unreal Eninge/UE_4.27/FeaturePacks/TP_TopDownBP.upack)
[2023.02.24-15.38.18:830][  0]LogPakFile: OnPakFileMounted2Time == 0.000032
[2023.02.24-15.38.18:831][  0]LogPakFile: PakFile PrimaryIndexSize=185
[2023.02.24-15.38.18:831][  0]LogPakFile: PakFile PathHashIndexSize=101
[2023.02.24-15.38.18:831][  0]LogPakFile: PakFile FullDirectoryIndexSize=144
[2023.02.24-15.38.18:831][  0]LogShaderLibrary: Display: ShaderCodeLibraryPakFileMountedCallback: PakFile 'D:/Unreal Eninge/UE_4.27/FeaturePacks/TP_TwinStick.upack' (chunk index -1, root 'root:/') mounted
[2023.02.24-15.38.18:831][  0]LogShaderLibrary: Display: ShaderCodeLibraryPakFileMountedCallback: pending pak file info (ChunkID:-1 Root:root:/ File:D:/Unreal Eninge/UE_4.27/FeaturePacks/TP_TwinStick.upack)
[2023.02.24-15.38.18:831][  0]LogPakFile: OnPakFileMounted2Time == 0.000032
[2023.02.24-15.38.18:832][  0]LogPakFile: PakFile PrimaryIndexSize=187
[2023.02.24-15.38.18:832][  0]LogPakFile: PakFile PathHashIndexSize=101
[2023.02.24-15.38.18:832][  0]LogPakFile: PakFile FullDirectoryIndexSize=148
[2023.02.24-15.38.18:832][  0]LogShaderLibrary: Display: ShaderCodeLibraryPakFileMountedCallback: PakFile 'D:/Unreal Eninge/UE_4.27/FeaturePacks/TP_TwinStickBP.upack' (chunk index -1, root 'root:/') mounted
[2023.02.24-15.38.18:832][  0]LogShaderLibrary: Display: ShaderCodeLibraryPakFileMountedCallback: pending pak file info (ChunkID:-1 Root:root:/ File:D:/Unreal Eninge/UE_4.27/FeaturePacks/TP_TwinStickBP.upack)
[2023.02.24-15.38.18:832][  0]LogPakFile: OnPakFileMounted2Time == 0.000031
[2023.02.24-15.38.18:832][  0]LogPakFile: PakFile PrimaryIndexSize=183
[2023.02.24-15.38.18:832][  0]LogPakFile: PakFile PathHashIndexSize=101
[2023.02.24-15.38.18:832][  0]LogPakFile: PakFile FullDirectoryIndexSize=140
[2023.02.24-15.38.18:832][  0]LogShaderLibrary: Display: ShaderCodeLibraryPakFileMountedCallback: PakFile 'D:/Unreal Eninge/UE_4.27/FeaturePacks/TP_Vehicle.upack' (chunk index -1, root 'root:/') mounted
[2023.02.24-15.38.18:832][  0]LogShaderLibrary: Display: ShaderCodeLibraryPakFileMountedCallback: pending pak file info (ChunkID:-1 Root:root:/ File:D:/Unreal Eninge/UE_4.27/FeaturePacks/TP_Vehicle.upack)
[2023.02.24-15.38.18:832][  0]LogPakFile: OnPakFileMounted2Time == 0.000032
[2023.02.24-15.38.18:833][  0]LogPakFile: PakFile PrimaryIndexSize=186
[2023.02.24-15.38.18:833][  0]LogPakFile: PakFile PathHashIndexSize=101
[2023.02.24-15.38.18:833][  0]LogPakFile: PakFile FullDirectoryIndexSize=146
[2023.02.24-15.38.18:833][  0]LogShaderLibrary: Display: ShaderCodeLibraryPakFileMountedCallback: PakFile 'D:/Unreal Eninge/UE_4.27/FeaturePacks/TP_VehicleAdv.upack' (chunk index -1, root 'root:/') mounted
[2023.02.24-15.38.18:833][  0]LogShaderLibrary: Display: ShaderCodeLibraryPakFileMountedCallback: pending pak file info (ChunkID:-1 Root:root:/ File:D:/Unreal Eninge/UE_4.27/FeaturePacks/TP_VehicleAdv.upack)
[2023.02.24-15.38.18:833][  0]LogPakFile: OnPakFileMounted2Time == 0.000036
[2023.02.24-15.38.18:834][  0]LogPakFile: PakFile PrimaryIndexSize=188
[2023.02.24-15.38.18:834][  0]LogPakFile: PakFile PathHashIndexSize=101
[2023.02.24-15.38.18:834][  0]LogPakFile: PakFile FullDirectoryIndexSize=150
[2023.02.24-15.38.18:834][  0]LogShaderLibrary: Display: ShaderCodeLibraryPakFileMountedCallback: PakFile 'D:/Unreal Eninge/UE_4.27/FeaturePacks/TP_VehicleAdvBP.upack' (chunk index -1, root 'root:/') mounted
[2023.02.24-15.38.18:834][  0]LogShaderLibrary: Display: ShaderCodeLibraryPakFileMountedCallback: pending pak file info (ChunkID:-1 Root:root:/ File:D:/Unreal Eninge/UE_4.27/FeaturePacks/TP_VehicleAdvBP.upack)
[2023.02.24-15.38.18:834][  0]LogPakFile: OnPakFileMounted2Time == 0.000069
[2023.02.24-15.38.18:834][  0]LogPakFile: PakFile PrimaryIndexSize=185
[2023.02.24-15.38.18:834][  0]LogPakFile: PakFile PathHashIndexSize=101
[2023.02.24-15.38.18:834][  0]LogPakFile: PakFile FullDirectoryIndexSize=144
[2023.02.24-15.38.18:834][  0]LogShaderLibrary: Display: ShaderCodeLibraryPakFileMountedCallback: PakFile 'D:/Unreal Eninge/UE_4.27/FeaturePacks/TP_VehicleBP.upack' (chunk index -1, root 'root:/') mounted
[2023.02.24-15.38.18:834][  0]LogShaderLibrary: Display: ShaderCodeLibraryPakFileMountedCallback: pending pak file info (ChunkID:-1 Root:root:/ File:D:/Unreal Eninge/UE_4.27/FeaturePacks/TP_VehicleBP.upack)
[2023.02.24-15.38.18:834][  0]LogPakFile: OnPakFileMounted2Time == 0.000031
[2023.02.24-15.38.18:835][  0]LogPakFile: PakFile PrimaryIndexSize=192
[2023.02.24-15.38.18:835][  0]LogPakFile: PakFile PathHashIndexSize=101
[2023.02.24-15.38.18:835][  0]LogPakFile: PakFile FullDirectoryIndexSize=158
[2023.02.24-15.38.18:835][  0]LogShaderLibrary: Display: ShaderCodeLibraryPakFileMountedCallback: PakFile 'D:/Unreal Eninge/UE_4.27/FeaturePacks/TP_VirtualRealityBP.upack' (chunk index -1, root 'root:/') mounted
[2023.02.24-15.38.18:835][  0]LogShaderLibrary: Display: ShaderCodeLibraryPakFileMountedCallback: pending pak file info (ChunkID:-1 Root:root:/ File:D:/Unreal Eninge/UE_4.27/FeaturePacks/TP_VirtualRealityBP.upack)
[2023.02.24-15.38.18:835][  0]LogPakFile: OnPakFileMounted2Time == 0.000034
[2023.02.24-15.38.18:885][  0]LogNativeClassHierarchy: Verbose: Native class hierarchy updated for 'AddContentDialog' in 0.0003 seconds. Added 0 classes and 0 folders.
[2023.02.24-15.38.18:889][  0]LogNativeClassHierarchy: Verbose: Native class hierarchy updated for 'SceneOutliner' in 0.0002 seconds. Added 2 classes and 0 folders.
[2023.02.24-15.38.19:027][  0]LogSlate: Took 0.000151 seconds to synchronously load lazily loaded font '../../../Engine/Content/Slate/Fonts/Roboto-Regular.ttf' (155K)
[2023.02.24-15.38.19:028][  0]LogSlate: Took 0.000172 seconds to synchronously load lazily loaded font '../../../Engine/Content/Editor/Slate/Fonts/FontAwesome.ttf' (139K)
[2023.02.24-15.38.19:029][  0]LogSlate: Took 0.000101 seconds to synchronously load lazily loaded font '../../../Engine/Content/Slate/Fonts/Roboto-Bold.ttf' (160K)
[2023.02.24-15.38.19:033][  0]LogSlate: Took 0.000104 seconds to synchronously load lazily loaded font '../../../Engine/Content/Slate/Fonts/DroidSansMono.ttf' (77K)
[2023.02.24-15.38.19:166][  0]LogRenderer: Reallocating scene render targets to support 1208x568 Format 10 NumSamples 1 (Frame:1).
[2023.02.24-15.38.19:280][  0]LogNativeClassHierarchy: Verbose: Native class hierarchy updated for 'HierarchicalLODOutliner' in 0.0002 seconds. Added 0 classes and 0 folders.
[2023.02.24-15.38.19:280][  0]LogInput: Warning: Action Jump uses invalid key OculusGo_Left_Trigger_Click.
[2023.02.24-15.38.19:280][  0]LogInput: Warning: Action ResetVR uses invalid key OculusGo_Left_Trackpad_Click.
[2023.02.24-15.38.19:280][  0]LogInput: Warning: Use -RemoveInvalidKeys to remove instances of these keys from the action mapping.
[2023.02.24-15.38.19:280][  0]LogLoad: (Engine Initialization) Total time: 10.11 seconds
[2023.02.24-15.38.19:280][  0]LogLoad: (Engine Initialization) Total Blueprint compile time: 0.00 seconds
[2023.02.24-15.38.19:337][  0]LogAssetRegistry: Asset discovery search completed in 6.0456 seconds
[2023.02.24-15.38.19:341][  0]LogCollectionManager: Fixed up redirectors for 0 collections in 0.000003 seconds (updated 0 objects)
[2023.02.24-15.38.19:342][  0]LogContentStreaming: Texture pool size now 1000 MB
[2023.02.24-15.38.21:923][147]LogSlate: Window 'Plugins' being destroyed
[2023.02.24-15.38.21:931][147]LogSlate: Window 'Plugins' being destroyed
[2023.02.24-15.38.21:931][147]LogDirectoryWatcher: A directory notification for '../../../Engine/Plugins/' was aborted.
