Log file open, 02/28/23 20:07:37
LogWindows: Failed to load 'aqProf.dll' (GetLastError=126)
LogWindows: File 'aqProf.dll' does not exist
LogWindows: Failed to load 'VtuneApi.dll' (GetLastError=126)
LogWindows: File 'VtuneApi.dll' does not exist
LogWindows: Failed to load 'VtuneApi32e.dll' (GetLastError=126)
LogWindows: File 'VtuneApi32e.dll' does not exist
LogConsoleResponse: Display: Failed to find resolution value strings in scalability ini. Falling back to default.
LogConsoleResponse: Display: Failed to find resolution value strings in scalability ini. Falling back to default.
LogInit: Display: Running engine for game: Myinventory
LogPlatformFile: Not using cached read wrapper
LogTaskGraph: Started task graph with 5 named threads and 35 total threads with 3 sets of task threads.
LogStats: Stats thread started at 6.913485
LogICUInternationalization: ICU TimeZone Detection - Raw Offset: +1:00, Platform Override: ''
LogInit: Display: Loading text-based GConfig....
LogPluginManager: Mounting plugin MeshPainting
LogPluginManager: Mounting plugin XGEController
LogPluginManager: Mounting plugin Paper2D
LogPluginManager: Mounting plugin AISupport
LogPluginManager: Mounting plugin EnvironmentQueryEditor
LogPluginManager: Mounting plugin LiveLink
LogPluginManager: Mounting plugin LightPropagationVolume
LogPluginManager: Mounting plugin CameraShakePreviewer
LogPluginManager: Mounting plugin GameplayCameras
LogPluginManager: Mounting plugin OodleData
LogPluginManager: Mounting plugin OodleNetwork
LogPluginManager: Mounting plugin AssetManagerEditor
LogPluginManager: Mounting plugin AnimationSharing
LogPluginManager: Mounting plugin CLionSourceCodeAccess
LogPluginManager: Mounting plugin CodeLiteSourceCodeAccess
LogPluginManager: Mounting plugin GitSourceControl
LogPluginManager: Mounting plugin CryptoKeys
LogPluginManager: Mounting plugin KDevelopSourceCodeAccess
LogPluginManager: Mounting plugin CurveEditorTools
LogPluginManager: Mounting plugin NullSourceCodeAccess
LogPluginManager: Mounting plugin DataValidation
LogPluginManager: Mounting plugin PerforceSourceControl
LogPluginManager: Mounting plugin FacialAnimation
LogPluginManager: Mounting plugin PixWinPlugin
LogPluginManager: Mounting plugin GameplayTagsEditor
LogPluginManager: Mounting plugin PlasticSourceControl
LogPluginManager: Mounting plugin GeometryMode
LogPluginManager: Mounting plugin PluginUtils
LogPluginManager: Mounting plugin PropertyAccessNode
LogPluginManager: Mounting plugin MacGraphicsSwitching
LogPluginManager: Mounting plugin MaterialAnalyzer
LogPluginManager: Mounting plugin MobileLauncherProfileWizard
LogPluginManager: Mounting plugin PluginBrowser
LogPluginManager: Mounting plugin SpeedTreeImporter
LogPluginManager: Mounting plugin AlembicImporter
LogPluginManager: Mounting plugin AutomationUtils
LogPluginManager: Mounting plugin BackChannel
LogPluginManager: Mounting plugin ChaosCloth
LogPluginManager: Mounting plugin ChaosClothEditor
LogPluginManager: Mounting plugin ChaosEditor
LogPluginManager: Mounting plugin ChaosNiagara
LogPluginManager: Mounting plugin ChaosSolverPlugin
LogPluginManager: Mounting plugin Niagara
LogPluginManager: Mounting plugin RiderSourceCodeAccess
LogPluginManager: Mounting plugin SubversionSourceControl
LogPluginManager: Mounting plugin TextureFormatOodle
LogPluginManager: Mounting plugin UObjectPlugin
LogPluginManager: Mounting plugin VisualStudioCodeSourceCodeAccess
LogPluginManager: Mounting plugin VisualStudioSourceCodeAccess
LogPluginManager: Mounting plugin XCodeSourceCodeAccess
LogPluginManager: Mounting plugin DatasmithContent
LogPluginManager: Mounting plugin VariantManagerContent
LogPluginManager: Mounting plugin LuminPlatformFeatures
LogPluginManager: Mounting plugin MagicLeap
LogPluginManager: Mounting plugin MagicLeapLightEstimation
LogPluginManager: Mounting plugin MagicLeapMedia
LogPluginManager: Mounting plugin MagicLeapPassableWorld
LogPluginManager: Mounting plugin MLSDK
LogPluginManager: Mounting plugin AndroidMedia
LogPluginManager: Mounting plugin AvfMedia
LogPluginManager: Mounting plugin ImgMedia
LogPluginManager: Mounting plugin MediaCompositing
LogPluginManager: Mounting plugin MediaPlayerEditor
LogPluginManager: Mounting plugin WebMMedia
LogPluginManager: Mounting plugin WmfMedia
LogPluginManager: Mounting plugin TcpMessaging
LogPluginManager: Mounting plugin UdpMessaging
LogPluginManager: Mounting plugin ActorSequence
LogPluginManager: Mounting plugin LevelSequenceEditor
LogPluginManager: Mounting plugin MatineeToLevelSequence
LogPluginManager: Mounting plugin TemplateSequence
LogPluginManager: Mounting plugin OnlineSubsystem
LogPluginManager: Mounting plugin OnlineSubsystemNull
LogPluginManager: Mounting plugin OnlineSubsystemUtils
LogPluginManager: Mounting plugin LauncherChunkInstaller
LogPluginManager: Mounting plugin ActorLayerUtilities
LogPluginManager: Mounting plugin AndroidPermission
LogPluginManager: Mounting plugin AndroidDeviceProfileSelector
LogPluginManager: Mounting plugin AndroidMoviePlayer
LogPluginManager: Mounting plugin AppleImageUtils
LogPluginManager: Mounting plugin AppleMoviePlayer
LogPluginManager: Mounting plugin ArchVisCharacter
LogPluginManager: Mounting plugin AssetTags
LogPluginManager: Mounting plugin AudioCapture
LogPluginManager: Mounting plugin AudioSynesthesia
LogPluginManager: Mounting plugin CableComponent
LogPluginManager: Mounting plugin ChunkDownloader
LogPluginManager: Mounting plugin CustomMeshComponent
LogPluginManager: Mounting plugin EditableMesh
LogPluginManager: Mounting plugin ExampleDeviceProfileSelector
LogPluginManager: Mounting plugin GoogleCloudMessaging
LogPluginManager: Mounting plugin GooglePAD
LogPluginManager: Mounting plugin ScreenshotTools
LogPluginManager: Mounting plugin IOSDeviceProfileSelector
LogPluginManager: Mounting plugin LinuxDeviceProfileSelector
LogPluginManager: Mounting plugin LocationServicesBPLibrary
LogPluginManager: Mounting plugin MobilePatchingUtils
LogPluginManager: Mounting plugin OpenXR
LogPluginManager: Mounting plugin OpenXREyeTracker
LogPluginManager: Mounting plugin OpenXRHandTracking
LogPluginManager: Mounting plugin PhysXVehicles
LogPluginManager: Mounting plugin PostSplashScreen
LogPluginManager: Mounting plugin ProceduralMeshComponent
LogPluginManager: Mounting plugin PropertyAccessEditor
LogPluginManager: Mounting plugin RuntimePhysXCooking
LogPluginManager: Mounting plugin SignificanceManager
LogPluginManager: Mounting plugin SoundFields
LogPluginManager: Mounting plugin Synthesis
LogPluginManager: Mounting plugin WebMMoviePlayer
LogPluginManager: Mounting plugin WindowsMoviePlayer
LogPluginManager: Mounting plugin Takes
LogPluginManager: Mounting plugin CharacterAI
LogPluginManager: Mounting plugin GeometryCache
LogPluginManager: Mounting plugin GeometryCollectionPlugin
LogPluginManager: Mounting plugin GeometryProcessing
LogPluginManager: Mounting plugin MotoSynth
LogPluginManager: Mounting plugin OpenImageDenoise
LogPluginManager: Mounting plugin PlanarCut
LogPluginManager: Mounting plugin PlatformCrypto
LogPluginManager: Mounting plugin ProxyLODPlugin
LogPluginManager: Mounting plugin PythonScriptPlugin
LogPluginManager: Mounting plugin SkeletalReduction
LogPluginManager: Mounting plugin ContentBrowserAssetDataSource
LogPluginManager: Mounting plugin ContentBrowserClassDataSource
LogPluginManager: Mounting plugin ContentBrowserFileDataSource
LogPluginManager: Mounting plugin OnlineSubsystemGooglePlay
LogPluginManager: Mounting plugin OnlineSubsystemIOS
LogPluginManager: Mounting plugin OculusVR
PixWinPlugin: PIX capture plugin failed to initialize! Check that the process is launched from PIX.
LogInit: Using libcurl 7.55.1-DEV
LogInit:  - built for x86_64-pc-win32
LogInit:  - supports SSL with OpenSSL/1.1.1
LogInit:  - supports HTTP deflate (compression) using libz 1.2.8
LogInit:  - other features:
LogInit:      CURL_VERSION_SSL
LogInit:      CURL_VERSION_LIBZ
LogInit:      CURL_VERSION_IPV6
LogInit:      CURL_VERSION_ASYNCHDNS
LogInit:      CURL_VERSION_LARGEFILE
LogInit:      CURL_VERSION_IDN
LogInit:  CurlRequestOptions (configurable via config and command line):
LogInit:  - bVerifyPeer = true  - Libcurl will verify peer certificate
LogInit:  - bUseHttpProxy = false  - Libcurl will NOT use HTTP proxy
LogInit:  - bDontReuseConnections = false  - Libcurl will reuse connections
LogInit:  - MaxHostConnections = 16  - Libcurl will limit the number of connections to a host
LogInit:  - LocalHostAddr = Default
LogInit:  - BufferSize = 65536
LogOnline: OSS: Creating online subsystem instance for: NULL
LogInit: WinSock: version 1.1 (2.2), MaxSocks=32767, MaxUdp=65467
LogOnline: OSS: TryLoadSubsystemAndSetDefault: Loaded subsystem for module [NULL]
LogOculusPluginWrapper: OculusPlugin initialized successfully
LogHMD: Failed initializing OVRPlugin 1.59.0
LogInit: Build: ++UE4+Release-4.27-CL-18319896
LogInit: Engine Version: 4.27.2-18319896+++UE4+Release-4.27
LogInit: Compatible Engine Version: 4.27.0-17155196+++UE4+Release-4.27
LogInit: Net CL: 17155196
LogInit: OS: Windows 10 (Release 2009) (), CPU: Intel(R) Core(TM) i7-9750H CPU @ 2.60GHz, GPU: NVIDIA GeForce RTX 2060
LogInit: Compiled (64-bit): Nov 30 2021 07:12:08
LogInit: Compiled with Visual C++: 19.24.28315.00
LogInit: Build Configuration: Development
LogInit: Branch Name: ++UE4+Release-4.27
LogInit: Command Line:  -skipcompile
LogInit: Base Directory: D:/Unreal Eninge/UE_4.27/Engine/Binaries/Win64/
LogInit: Allocator: TBB
LogInit: Installed Engine Build: 1
LogDevObjectVersion: Number of dev versions registered: 29
LogDevObjectVersion:   Dev-Blueprints (B0D832E4-1F89-4F0D-ACCF-7EB736FD4AA2): 10
LogDevObjectVersion:   Dev-Build (E1C64328-A22C-4D53-A36C-8E866417BD8C): 0
LogDevObjectVersion:   Dev-Core (375EC13C-06E4-48FB-B500-84F0262A717E): 4
LogDevObjectVersion:   Dev-Editor (E4B068ED-F494-42E9-A231-DA0B2E46BB41): 40
LogDevObjectVersion:   Dev-Framework (CFFC743F-43B0-4480-9391-14DF171D2073): 37
LogDevObjectVersion:   Dev-Mobile (B02B49B5-BB20-44E9-A304-32B752E40360): 3
LogDevObjectVersion:   Dev-Networking (A4E4105C-59A1-49B5-A7C5-40C4547EDFEE): 0
LogDevObjectVersion:   Dev-Online (39C831C9-5AE6-47DC-9A44-9C173E1C8E7C): 0
LogDevObjectVersion:   Dev-Physics (78F01B33-EBEA-4F98-B9B4-84EACCB95AA2): 14
LogDevObjectVersion:   Dev-Platform (6631380F-2D4D-43E0-8009-CF276956A95A): 0
LogDevObjectVersion:   Dev-Rendering (12F88B9F-8875-4AFC-A67C-D90C383ABD29): 45
LogDevObjectVersion:   Dev-Sequencer (7B5AE74C-D270-4C10-A958-57980B212A5A): 13
LogDevObjectVersion:   Dev-VR (D7296918-1DD6-4BDD-9DE2-64A83CC13884): 3
LogDevObjectVersion:   Dev-LoadTimes (C2A15278-BFE7-4AFE-6C17-90FF531DF755): 1
LogDevObjectVersion:   Private-Geometry (6EACA3D4-40EC-4CC1-B786-8BED09428FC5): 3
LogDevObjectVersion:   Dev-AnimPhys (29E575DD-E0A3-4627-9D10-D276232CDCEA): 17
LogDevObjectVersion:   Dev-Anim (AF43A65D-7FD3-4947-9873-3E8ED9C1BB05): 15
LogDevObjectVersion:   Dev-ReflectionCapture (6B266CEC-1EC7-4B8F-A30B-E4D90942FC07): 1
LogDevObjectVersion:   Dev-Automation (0DF73D61-A23F-47EA-B727-89E90C41499A): 1
LogDevObjectVersion:   FortniteMain (601D1886-AC64-4F84-AA16-D3DE0DEAC7D6): 47
LogDevObjectVersion:   FortniteRelease (E7086368-6B23-4C58-8439-1B7016265E91): 1
LogDevObjectVersion:   Dev-Enterprise (9DFFBCD6-494F-0158-E221-12823C92A888): 10
LogDevObjectVersion:   Dev-Niagara (F2AED0AC-9AFE-416F-8664-AA7FFA26D6FC): 1
LogDevObjectVersion:   Dev-Destruction (174F1F0B-B4C6-45A5-B13F-2EE8D0FB917D): 10
LogDevObjectVersion:   Dev-Physics-Ext (35F94A83-E258-406C-A318-09F59610247C): 41
LogDevObjectVersion:   Dev-PhysicsMaterial-Chaos (B68FC16E-8B1B-42E2-B453-215C058844FE): 1
LogDevObjectVersion:   Dev-CineCamera (B2E18506-4273-CFC2-A54E-F4BB758BBA07): 1
LogDevObjectVersion:   Dev-VirtualProduction (64F58936-FD1B-42BA-BA96-7289D5D0FA4E): 1
LogDevObjectVersion:   Dev-MediaFramework (6F0ED827-A609-4895-9C91-998D90180EA4): 2
LogInit: Presizing for max 25165824 objects, including 0 objects not considered by GC, pre-allocating 0 bytes for permanent pool.
LogConfig: Applying CVar settings from Section [/Script/Engine.StreamingSettings] File [D:/UnrealProject/SchoolProject/InventoryProjectC++/MyInventory/MyInventory/Myinventory/Saved/Config/Windows/Engine.ini]
LogConfig: Setting CVar [[s.MinBulkDataSizeForAsyncLoading:131072]]
LogConfig: Setting CVar [[s.AsyncLoadingThreadEnabled:0]]
LogConfig: Setting CVar [[s.EventDrivenLoaderEnabled:1]]
LogConfig: Setting CVar [[s.WarnIfTimeLimitExceeded:0]]
LogConfig: Setting CVar [[s.TimeLimitExceededMultiplier:1.5]]
LogConfig: Setting CVar [[s.TimeLimitExceededMinTime:0.005]]
LogConfig: Setting CVar [[s.UseBackgroundLevelStreaming:1]]
LogConfig: Setting CVar [[s.PriorityAsyncLoadingExtraTime:15.0]]
LogConfig: Setting CVar [[s.LevelStreamingActorsUpdateTimeLimit:5.0]]
LogConfig: Setting CVar [[s.PriorityLevelStreamingActorsUpdateExtraTime:5.0]]
LogConfig: Setting CVar [[s.LevelStreamingComponentsRegistrationGranularity:10]]
LogConfig: Setting CVar [[s.UnregisterComponentsTimeLimit:1.0]]
LogConfig: Setting CVar [[s.LevelStreamingComponentsUnregistrationGranularity:5]]
LogConfig: Setting CVar [[s.FlushStreamingOnExit:1]]
LogInit: Object subsystem initialized
LogConfig: Setting CVar [[con.DebugEarlyDefault:1]]
LogConfig: Setting CVar [[r.setres:1280x720]]
[2023.02.28-19.07.41:451][  0]LogConfig: Setting CVar [[r.VSync:0]]
[2023.02.28-19.07.41:451][  0]LogConfig: Setting CVar [[r.RHICmdBypass:0]]
[2023.02.28-19.07.41:459][  0]LogConfig: Applying CVar settings from Section [/Script/Engine.RendererSettings] File [D:/UnrealProject/SchoolProject/InventoryProjectC++/MyInventory/MyInventory/Myinventory/Saved/Config/Windows/Engine.ini]
[2023.02.28-19.07.41:459][  0]LogConfig: Setting CVar [[r.GPUCrashDebugging:0]]
[2023.02.28-19.07.41:459][  0]LogConfig: Applying CVar settings from Section [/Script/Engine.RendererOverrideSettings] File [D:/UnrealProject/SchoolProject/InventoryProjectC++/MyInventory/MyInventory/Myinventory/Saved/Config/Windows/Engine.ini]
[2023.02.28-19.07.41:459][  0]LogConfig: Applying CVar settings from Section [/Script/Engine.StreamingSettings] File [D:/UnrealProject/SchoolProject/InventoryProjectC++/MyInventory/MyInventory/Myinventory/Saved/Config/Windows/Engine.ini]
[2023.02.28-19.07.41:459][  0]LogConfig: Setting CVar [[s.MinBulkDataSizeForAsyncLoading:131072]]
[2023.02.28-19.07.41:459][  0]LogConfig: Setting CVar [[s.AsyncLoadingThreadEnabled:0]]
[2023.02.28-19.07.41:459][  0]LogConfig: Setting CVar [[s.EventDrivenLoaderEnabled:1]]
[2023.02.28-19.07.41:459][  0]LogConfig: Setting CVar [[s.WarnIfTimeLimitExceeded:0]]
[2023.02.28-19.07.41:459][  0]LogConfig: Setting CVar [[s.TimeLimitExceededMultiplier:1.5]]
[2023.02.28-19.07.41:459][  0]LogConfig: Setting CVar [[s.TimeLimitExceededMinTime:0.005]]
[2023.02.28-19.07.41:459][  0]LogConfig: Setting CVar [[s.UseBackgroundLevelStreaming:1]]
[2023.02.28-19.07.41:459][  0]LogConfig: Setting CVar [[s.PriorityAsyncLoadingExtraTime:15.0]]
[2023.02.28-19.07.41:459][  0]LogConfig: Setting CVar [[s.LevelStreamingActorsUpdateTimeLimit:5.0]]
[2023.02.28-19.07.41:459][  0]LogConfig: Setting CVar [[s.PriorityLevelStreamingActorsUpdateExtraTime:5.0]]
[2023.02.28-19.07.41:459][  0]LogConfig: Setting CVar [[s.LevelStreamingComponentsRegistrationGranularity:10]]
[2023.02.28-19.07.41:459][  0]LogConfig: Setting CVar [[s.UnregisterComponentsTimeLimit:1.0]]
[2023.02.28-19.07.41:459][  0]LogConfig: Setting CVar [[s.LevelStreamingComponentsUnregistrationGranularity:5]]
[2023.02.28-19.07.41:459][  0]LogConfig: Setting CVar [[s.FlushStreamingOnExit:1]]
[2023.02.28-19.07.41:459][  0]LogConfig: Applying CVar settings from Section [/Script/Engine.GarbageCollectionSettings] File [D:/UnrealProject/SchoolProject/InventoryProjectC++/MyInventory/MyInventory/Myinventory/Saved/Config/Windows/Engine.ini]
[2023.02.28-19.07.41:459][  0]LogConfig: Setting CVar [[gc.MaxObjectsNotConsideredByGC:1]]
[2023.02.28-19.07.41:459][  0]LogConfig: Setting CVar [[gc.SizeOfPermanentObjectPool:0]]
[2023.02.28-19.07.41:459][  0]LogConfig: Setting CVar [[gc.FlushStreamingOnGC:0]]
[2023.02.28-19.07.41:459][  0]LogConfig: Setting CVar [[gc.NumRetriesBeforeForcingGC:10]]
[2023.02.28-19.07.41:459][  0]LogConfig: Setting CVar [[gc.AllowParallelGC:1]]
[2023.02.28-19.07.41:459][  0]LogConfig: Setting CVar [[gc.TimeBetweenPurgingPendingKillObjects:61.1]]
[2023.02.28-19.07.41:459][  0]LogConfig: Setting CVar [[gc.MaxObjectsInEditor:25165824]]
[2023.02.28-19.07.41:459][  0]LogConfig: Setting CVar [[gc.IncrementalBeginDestroyEnabled:1]]
[2023.02.28-19.07.41:459][  0]LogConfig: Setting CVar [[gc.CreateGCClusters:1]]
[2023.02.28-19.07.41:459][  0]LogConfig: Setting CVar [[gc.MinGCClusterSize:5]]
[2023.02.28-19.07.41:459][  0]LogConfig: Setting CVar [[gc.ActorClusteringEnabled:0]]
[2023.02.28-19.07.41:459][  0]LogConfig: Setting CVar [[gc.BlueprintClusteringEnabled:0]]
[2023.02.28-19.07.41:459][  0]LogConfig: Setting CVar [[gc.UseDisregardForGCOnDedicatedServers:0]]
[2023.02.28-19.07.41:459][  0]LogConfig: Setting CVar [[gc.MultithreadedDestructionEnabled:1]]
[2023.02.28-19.07.41:459][  0]LogConfig: Applying CVar settings from Section [/Script/Engine.NetworkSettings] File [D:/UnrealProject/SchoolProject/InventoryProjectC++/MyInventory/MyInventory/Myinventory/Saved/Config/Windows/Engine.ini]
[2023.02.28-19.07.41:459][  0]LogConfig: Applying CVar settings from Section [/Script/UnrealEd.CookerSettings] File [D:/UnrealProject/SchoolProject/InventoryProjectC++/MyInventory/MyInventory/Myinventory/Saved/Config/Windows/Engine.ini]
[2023.02.28-19.07.41:510][  0]LogConfig: Applying CVar settings from Section [ViewDistanceQuality@3] File [D:/UnrealProject/SchoolProject/InventoryProjectC++/MyInventory/MyInventory/Myinventory/Saved/Config/Windows/Scalability.ini]
[2023.02.28-19.07.41:510][  0]LogConfig: Setting CVar [[r.SkeletalMeshLODBias:0]]
[2023.02.28-19.07.41:510][  0]LogConfig: Setting CVar [[r.ViewDistanceScale:1.0]]
[2023.02.28-19.07.41:510][  0]LogConfig: Applying CVar settings from Section [AntiAliasingQuality@3] File [D:/UnrealProject/SchoolProject/InventoryProjectC++/MyInventory/MyInventory/Myinventory/Saved/Config/Windows/Scalability.ini]
[2023.02.28-19.07.41:510][  0]LogConfig: Setting CVar [[r.PostProcessAAQuality:4]]
[2023.02.28-19.07.41:510][  0]LogConfig: Applying CVar settings from Section [ShadowQuality@3] File [D:/UnrealProject/SchoolProject/InventoryProjectC++/MyInventory/MyInventory/Myinventory/Saved/Config/Windows/Scalability.ini]
[2023.02.28-19.07.41:510][  0]LogConfig: Setting CVar [[r.LightFunctionQuality:1]]
[2023.02.28-19.07.41:510][  0]LogConfig: Setting CVar [[r.ShadowQuality:5]]
[2023.02.28-19.07.41:510][  0]LogConfig: Setting CVar [[r.Shadow.CSM.MaxCascades:10]]
[2023.02.28-19.07.41:510][  0]LogConfig: Setting CVar [[r.Shadow.MaxResolution:2048]]
[2023.02.28-19.07.41:510][  0]LogConfig: Setting CVar [[r.Shadow.MaxCSMResolution:2048]]
[2023.02.28-19.07.41:510][  0]LogConfig: Setting CVar [[r.Shadow.RadiusThreshold:0.01]]
[2023.02.28-19.07.41:510][  0]LogConfig: Setting CVar [[r.Shadow.DistanceScale:1.0]]
[2023.02.28-19.07.41:510][  0]LogConfig: Setting CVar [[r.Shadow.CSM.TransitionScale:1.0]]
[2023.02.28-19.07.41:510][  0]LogConfig: Setting CVar [[r.Shadow.PreShadowResolutionFactor:1.0]]
[2023.02.28-19.07.41:510][  0]LogConfig: Setting CVar [[r.DistanceFieldShadowing:1]]
[2023.02.28-19.07.41:510][  0]LogConfig: Setting CVar [[r.DistanceFieldAO:1]]
[2023.02.28-19.07.41:510][  0]LogConfig: Setting CVar [[r.AOQuality:2]]
[2023.02.28-19.07.41:510][  0]LogConfig: Setting CVar [[r.VolumetricFog:1]]
[2023.02.28-19.07.41:510][  0]LogConfig: Setting CVar [[r.VolumetricFog.GridPixelSize:8]]
[2023.02.28-19.07.41:510][  0]LogConfig: Setting CVar [[r.VolumetricFog.GridSizeZ:128]]
[2023.02.28-19.07.41:510][  0]LogConfig: Setting CVar [[r.VolumetricFog.HistoryMissSupersampleCount:4]]
[2023.02.28-19.07.41:510][  0]LogConfig: Setting CVar [[r.LightMaxDrawDistanceScale:1]]
[2023.02.28-19.07.41:510][  0]LogConfig: Setting CVar [[r.CapsuleShadows:1]]
[2023.02.28-19.07.41:510][  0]LogConfig: Applying CVar settings from Section [PostProcessQuality@3] File [D:/UnrealProject/SchoolProject/InventoryProjectC++/MyInventory/MyInventory/Myinventory/Saved/Config/Windows/Scalability.ini]
[2023.02.28-19.07.41:510][  0]LogConfig: Setting CVar [[r.MotionBlurQuality:4]]
[2023.02.28-19.07.41:510][  0]LogConfig: Setting CVar [[r.AmbientOcclusionMipLevelFactor:0.4]]
[2023.02.28-19.07.41:510][  0]LogConfig: Setting CVar [[r.AmbientOcclusionMaxQuality:100]]
[2023.02.28-19.07.41:510][  0]LogConfig: Setting CVar [[r.AmbientOcclusionLevels:-1]]
[2023.02.28-19.07.41:510][  0]LogConfig: Setting CVar [[r.AmbientOcclusionRadiusScale:1.0]]
[2023.02.28-19.07.41:510][  0]LogConfig: Setting CVar [[r.DepthOfFieldQuality:2]]
[2023.02.28-19.07.41:510][  0]LogConfig: Setting CVar [[r.RenderTargetPoolMin:400]]
[2023.02.28-19.07.41:510][  0]LogConfig: Setting CVar [[r.LensFlareQuality:2]]
[2023.02.28-19.07.41:510][  0]LogConfig: Setting CVar [[r.SceneColorFringeQuality:1]]
[2023.02.28-19.07.41:510][  0]LogConfig: Setting CVar [[r.EyeAdaptationQuality:2]]
[2023.02.28-19.07.41:510][  0]LogConfig: Setting CVar [[r.BloomQuality:5]]
[2023.02.28-19.07.41:510][  0]LogConfig: Setting CVar [[r.FastBlurThreshold:100]]
[2023.02.28-19.07.41:510][  0]LogConfig: Setting CVar [[r.Upscale.Quality:3]]
[2023.02.28-19.07.41:510][  0]LogConfig: Setting CVar [[r.Tonemapper.GrainQuantization:1]]
[2023.02.28-19.07.41:510][  0]LogConfig: Setting CVar [[r.LightShaftQuality:1]]
[2023.02.28-19.07.41:510][  0]LogConfig: Setting CVar [[r.Filter.SizeScale:1]]
[2023.02.28-19.07.41:510][  0]LogConfig: Setting CVar [[r.Tonemapper.Quality:5]]
[2023.02.28-19.07.41:510][  0]LogConfig: Setting CVar [[r.DOF.Gather.AccumulatorQuality:1        ; higher gathering accumulator quality]]
[2023.02.28-19.07.41:510][  0]LogConfig: Setting CVar [[r.DOF.Gather.PostfilterMethod:1          ; Median3x3 postfilering method]]
[2023.02.28-19.07.41:510][  0]LogConfig: Setting CVar [[r.DOF.Gather.EnableBokehSettings:0       ; no bokeh simulation when gathering]]
[2023.02.28-19.07.41:510][  0]LogConfig: Setting CVar [[r.DOF.Gather.RingCount:4                 ; medium number of samples when gathering]]
[2023.02.28-19.07.41:510][  0]LogConfig: Setting CVar [[r.DOF.Scatter.ForegroundCompositing:1    ; additive foreground scattering]]
[2023.02.28-19.07.41:510][  0]LogConfig: Setting CVar [[r.DOF.Scatter.BackgroundCompositing:2    ; additive background scattering]]
[2023.02.28-19.07.41:511][  0]LogConfig: Setting CVar [[r.DOF.Scatter.EnableBokehSettings:1      ; bokeh simulation when scattering]]
[2023.02.28-19.07.41:511][  0]LogConfig: Setting CVar [[r.DOF.Scatter.MaxSpriteRatio:0.1         ; only a maximum of 10% of scattered bokeh]]
[2023.02.28-19.07.41:511][  0]LogConfig: Setting CVar [[r.DOF.Recombine.Quality:1                ; cheap slight out of focus]]
[2023.02.28-19.07.41:511][  0]LogConfig: Setting CVar [[r.DOF.Recombine.EnableBokehSettings:0    ; no bokeh simulation on slight out of focus]]
[2023.02.28-19.07.41:511][  0]LogConfig: Setting CVar [[r.DOF.TemporalAAQuality:1                ; more stable temporal accumulation]]
[2023.02.28-19.07.41:511][  0]LogConfig: Setting CVar [[r.DOF.Kernel.MaxForegroundRadius:0.025]]
[2023.02.28-19.07.41:511][  0]LogConfig: Setting CVar [[r.DOF.Kernel.MaxBackgroundRadius:0.025]]
[2023.02.28-19.07.41:511][  0]LogConfig: Applying CVar settings from Section [TextureQuality@3] File [D:/UnrealProject/SchoolProject/InventoryProjectC++/MyInventory/MyInventory/Myinventory/Saved/Config/Windows/Scalability.ini]
[2023.02.28-19.07.41:511][  0]LogConfig: Setting CVar [[r.Streaming.MipBias:0]]
[2023.02.28-19.07.41:511][  0]LogConfig: Setting CVar [[r.Streaming.AmortizeCPUToGPUCopy:0]]
[2023.02.28-19.07.41:511][  0]LogConfig: Setting CVar [[r.Streaming.MaxNumTexturesToStreamPerFrame:0]]
[2023.02.28-19.07.41:511][  0]LogConfig: Setting CVar [[r.Streaming.Boost:1]]
[2023.02.28-19.07.41:511][  0]LogConfig: Setting CVar [[r.MaxAnisotropy:8]]
[2023.02.28-19.07.41:511][  0]LogConfig: Setting CVar [[r.VT.MaxAnisotropy:8]]
[2023.02.28-19.07.41:511][  0]LogConfig: Setting CVar [[r.Streaming.LimitPoolSizeToVRAM:0]]
[2023.02.28-19.07.41:511][  0]LogConfig: Setting CVar [[r.Streaming.PoolSize:1000]]
[2023.02.28-19.07.41:511][  0]LogConfig: Setting CVar [[r.Streaming.MaxEffectiveScreenSize:0]]
[2023.02.28-19.07.41:511][  0]LogConfig: Applying CVar settings from Section [EffectsQuality@3] File [D:/UnrealProject/SchoolProject/InventoryProjectC++/MyInventory/MyInventory/Myinventory/Saved/Config/Windows/Scalability.ini]
[2023.02.28-19.07.41:511][  0]LogConfig: Setting CVar [[r.TranslucencyLightingVolumeDim:64]]
[2023.02.28-19.07.41:511][  0]LogConfig: Setting CVar [[r.RefractionQuality:2]]
[2023.02.28-19.07.41:511][  0]LogConfig: Setting CVar [[r.SSR.Quality:3]]
[2023.02.28-19.07.41:511][  0]LogConfig: Setting CVar [[r.SSR.HalfResSceneColor:0]]
[2023.02.28-19.07.41:511][  0]LogConfig: Setting CVar [[r.SceneColorFormat:4]]
[2023.02.28-19.07.41:511][  0]LogConfig: Setting CVar [[r.DetailMode:2]]
[2023.02.28-19.07.41:511][  0]LogConfig: Setting CVar [[r.TranslucencyVolumeBlur:1]]
[2023.02.28-19.07.41:511][  0]LogConfig: Setting CVar [[r.MaterialQualityLevel:1 ; High quality]]
[2023.02.28-19.07.41:511][  0]LogConfig: Setting CVar [[r.AnisotropicMaterials:1]]
[2023.02.28-19.07.41:511][  0]LogConfig: Setting CVar [[r.SSS.Scale:1]]
[2023.02.28-19.07.41:511][  0]LogConfig: Setting CVar [[r.SSS.SampleSet:2]]
[2023.02.28-19.07.41:511][  0]LogConfig: Setting CVar [[r.SSS.Quality:1]]
[2023.02.28-19.07.41:511][  0]LogConfig: Setting CVar [[r.SSS.HalfRes:0]]
[2023.02.28-19.07.41:511][  0]LogConfig: Setting CVar [[r.SSGI.Quality:3]]
[2023.02.28-19.07.41:511][  0]LogConfig: Setting CVar [[r.EmitterSpawnRateScale:1.0]]
[2023.02.28-19.07.41:511][  0]LogConfig: Setting CVar [[r.ParticleLightQuality:2]]
[2023.02.28-19.07.41:511][  0]LogConfig: Setting CVar [[r.SkyAtmosphere.AerialPerspectiveLUT.FastApplyOnOpaque:1 ; Always have FastSkyLUT 1 in this case to avoid wrong sky]]
[2023.02.28-19.07.41:511][  0]LogConfig: Setting CVar [[r.SkyAtmosphere.AerialPerspectiveLUT.SampleCountMaxPerSlice:4]]
[2023.02.28-19.07.41:511][  0]LogConfig: Setting CVar [[r.SkyAtmosphere.AerialPerspectiveLUT.DepthResolution:16.0]]
[2023.02.28-19.07.41:511][  0]LogConfig: Setting CVar [[r.SkyAtmosphere.FastSkyLUT:1]]
[2023.02.28-19.07.41:511][  0]LogConfig: Setting CVar [[r.SkyAtmosphere.FastSkyLUT.SampleCountMin:4.0]]
[2023.02.28-19.07.41:511][  0]LogConfig: Setting CVar [[r.SkyAtmosphere.FastSkyLUT.SampleCountMax:128.0]]
[2023.02.28-19.07.41:511][  0]LogConfig: Setting CVar [[r.SkyAtmosphere.SampleCountMin:4.0]]
[2023.02.28-19.07.41:511][  0]LogConfig: Setting CVar [[r.SkyAtmosphere.SampleCountMax:128.0]]
[2023.02.28-19.07.41:511][  0]LogConfig: Setting CVar [[r.SkyAtmosphere.TransmittanceLUT.UseSmallFormat:0]]
[2023.02.28-19.07.41:511][  0]LogConfig: Setting CVar [[r.SkyAtmosphere.TransmittanceLUT.SampleCount:10.0]]
[2023.02.28-19.07.41:511][  0]LogConfig: Setting CVar [[r.SkyAtmosphere.MultiScatteringLUT.SampleCount:15.0]]
[2023.02.28-19.07.41:511][  0]LogConfig: Setting CVar [[r.SkyLight.RealTimeReflectionCapture:1]]
[2023.02.28-19.07.41:511][  0]LogConfig: Applying CVar settings from Section [FoliageQuality@3] File [D:/UnrealProject/SchoolProject/InventoryProjectC++/MyInventory/MyInventory/Myinventory/Saved/Config/Windows/Scalability.ini]
[2023.02.28-19.07.41:511][  0]LogConfig: Setting CVar [[foliage.DensityScale:1.0]]
[2023.02.28-19.07.41:511][  0]LogConfig: Setting CVar [[grass.DensityScale:1.0]]
[2023.02.28-19.07.41:511][  0]LogConfig: Applying CVar settings from Section [ShadingQuality@3] File [D:/UnrealProject/SchoolProject/InventoryProjectC++/MyInventory/MyInventory/Myinventory/Saved/Config/Windows/Scalability.ini]
[2023.02.28-19.07.41:511][  0]LogConfig: Setting CVar [[r.HairStrands.SkyLighting.IntegrationType:2]]
[2023.02.28-19.07.41:511][  0]LogConfig: Setting CVar [[r.HairStrands.SkyAO.SampleCount:4]]
[2023.02.28-19.07.41:511][  0]LogConfig: Setting CVar [[r.HairStrands.Visibility.MSAA.SamplePerPixel:4]]
[2023.02.28-19.07.41:520][  0]LogInit: Selected Device Profile: [Windows]
[2023.02.28-19.07.41:525][  0]LogInit: Applying CVar settings loaded from the selected device profile: [Windows]
[2023.02.28-19.07.41:537][  0]LogHAL: Display: Platform has ~ 16 GB [17019686912 / 17179869184 / 16], which maps to Larger [LargestMinGB=32, LargerMinGB=12, DefaultMinGB=8, SmallerMinGB=6, SmallestMinGB=0)
[2023.02.28-19.07.41:537][  0]LogInit: Going up to parent DeviceProfile []
[2023.02.28-19.07.41:542][  0]LogConfig: Applying CVar settings from Section [ViewDistanceQuality@3] File [D:/UnrealProject/SchoolProject/InventoryProjectC++/MyInventory/MyInventory/Myinventory/Saved/Config/Windows/Scalability.ini]
[2023.02.28-19.07.41:542][  0]LogConfig: Setting CVar [[r.SkeletalMeshLODBias:0]]
[2023.02.28-19.07.41:542][  0]LogConfig: Setting CVar [[r.ViewDistanceScale:1.0]]
[2023.02.28-19.07.41:542][  0]LogConfig: Applying CVar settings from Section [AntiAliasingQuality@3] File [D:/UnrealProject/SchoolProject/InventoryProjectC++/MyInventory/MyInventory/Myinventory/Saved/Config/Windows/Scalability.ini]
[2023.02.28-19.07.41:542][  0]LogConfig: Setting CVar [[r.PostProcessAAQuality:4]]
[2023.02.28-19.07.41:542][  0]LogConfig: Applying CVar settings from Section [ShadowQuality@3] File [D:/UnrealProject/SchoolProject/InventoryProjectC++/MyInventory/MyInventory/Myinventory/Saved/Config/Windows/Scalability.ini]
[2023.02.28-19.07.41:542][  0]LogConfig: Setting CVar [[r.LightFunctionQuality:1]]
[2023.02.28-19.07.41:542][  0]LogConfig: Setting CVar [[r.ShadowQuality:5]]
[2023.02.28-19.07.41:542][  0]LogConfig: Setting CVar [[r.Shadow.CSM.MaxCascades:10]]
[2023.02.28-19.07.41:542][  0]LogConfig: Setting CVar [[r.Shadow.MaxResolution:2048]]
[2023.02.28-19.07.41:542][  0]LogConfig: Setting CVar [[r.Shadow.MaxCSMResolution:2048]]
[2023.02.28-19.07.41:542][  0]LogConfig: Setting CVar [[r.Shadow.RadiusThreshold:0.01]]
[2023.02.28-19.07.41:542][  0]LogConfig: Setting CVar [[r.Shadow.DistanceScale:1.0]]
[2023.02.28-19.07.41:542][  0]LogConfig: Setting CVar [[r.Shadow.CSM.TransitionScale:1.0]]
[2023.02.28-19.07.41:542][  0]LogConfig: Setting CVar [[r.Shadow.PreShadowResolutionFactor:1.0]]
[2023.02.28-19.07.41:542][  0]LogConfig: Setting CVar [[r.DistanceFieldShadowing:1]]
[2023.02.28-19.07.41:542][  0]LogConfig: Setting CVar [[r.DistanceFieldAO:1]]
[2023.02.28-19.07.41:542][  0]LogConfig: Setting CVar [[r.AOQuality:2]]
[2023.02.28-19.07.41:542][  0]LogConfig: Setting CVar [[r.VolumetricFog:1]]
[2023.02.28-19.07.41:542][  0]LogConfig: Setting CVar [[r.VolumetricFog.GridPixelSize:8]]
[2023.02.28-19.07.41:542][  0]LogConfig: Setting CVar [[r.VolumetricFog.GridSizeZ:128]]
[2023.02.28-19.07.41:542][  0]LogConfig: Setting CVar [[r.VolumetricFog.HistoryMissSupersampleCount:4]]
[2023.02.28-19.07.41:542][  0]LogConfig: Setting CVar [[r.LightMaxDrawDistanceScale:1]]
[2023.02.28-19.07.41:542][  0]LogConfig: Setting CVar [[r.CapsuleShadows:1]]
[2023.02.28-19.07.41:542][  0]LogConfig: Applying CVar settings from Section [PostProcessQuality@3] File [D:/UnrealProject/SchoolProject/InventoryProjectC++/MyInventory/MyInventory/Myinventory/Saved/Config/Windows/Scalability.ini]
[2023.02.28-19.07.41:542][  0]LogConfig: Setting CVar [[r.MotionBlurQuality:4]]
[2023.02.28-19.07.41:542][  0]LogConfig: Setting CVar [[r.AmbientOcclusionMipLevelFactor:0.4]]
[2023.02.28-19.07.41:542][  0]LogConfig: Setting CVar [[r.AmbientOcclusionMaxQuality:100]]
[2023.02.28-19.07.41:542][  0]LogConfig: Setting CVar [[r.AmbientOcclusionLevels:-1]]
[2023.02.28-19.07.41:542][  0]LogConfig: Setting CVar [[r.AmbientOcclusionRadiusScale:1.0]]
[2023.02.28-19.07.41:542][  0]LogConfig: Setting CVar [[r.DepthOfFieldQuality:2]]
[2023.02.28-19.07.41:542][  0]LogConfig: Setting CVar [[r.RenderTargetPoolMin:400]]
[2023.02.28-19.07.41:542][  0]LogConfig: Setting CVar [[r.LensFlareQuality:2]]
[2023.02.28-19.07.41:542][  0]LogConfig: Setting CVar [[r.SceneColorFringeQuality:1]]
[2023.02.28-19.07.41:542][  0]LogConfig: Setting CVar [[r.EyeAdaptationQuality:2]]
[2023.02.28-19.07.41:542][  0]LogConfig: Setting CVar [[r.BloomQuality:5]]
[2023.02.28-19.07.41:542][  0]LogConfig: Setting CVar [[r.FastBlurThreshold:100]]
[2023.02.28-19.07.41:542][  0]LogConfig: Setting CVar [[r.Upscale.Quality:3]]
[2023.02.28-19.07.41:542][  0]LogConfig: Setting CVar [[r.Tonemapper.GrainQuantization:1]]
[2023.02.28-19.07.41:542][  0]LogConfig: Setting CVar [[r.LightShaftQuality:1]]
[2023.02.28-19.07.41:542][  0]LogConfig: Setting CVar [[r.Filter.SizeScale:1]]
[2023.02.28-19.07.41:542][  0]LogConfig: Setting CVar [[r.Tonemapper.Quality:5]]
[2023.02.28-19.07.41:542][  0]LogConfig: Setting CVar [[r.DOF.Gather.AccumulatorQuality:1        ; higher gathering accumulator quality]]
[2023.02.28-19.07.41:542][  0]LogConfig: Setting CVar [[r.DOF.Gather.PostfilterMethod:1          ; Median3x3 postfilering method]]
[2023.02.28-19.07.41:543][  0]LogConfig: Setting CVar [[r.DOF.Gather.EnableBokehSettings:0       ; no bokeh simulation when gathering]]
[2023.02.28-19.07.41:543][  0]LogConfig: Setting CVar [[r.DOF.Gather.RingCount:4                 ; medium number of samples when gathering]]
[2023.02.28-19.07.41:543][  0]LogConfig: Setting CVar [[r.DOF.Scatter.ForegroundCompositing:1    ; additive foreground scattering]]
[2023.02.28-19.07.41:543][  0]LogConfig: Setting CVar [[r.DOF.Scatter.BackgroundCompositing:2    ; additive background scattering]]
[2023.02.28-19.07.41:543][  0]LogConfig: Setting CVar [[r.DOF.Scatter.EnableBokehSettings:1      ; bokeh simulation when scattering]]
[2023.02.28-19.07.41:543][  0]LogConfig: Setting CVar [[r.DOF.Scatter.MaxSpriteRatio:0.1         ; only a maximum of 10% of scattered bokeh]]
[2023.02.28-19.07.41:543][  0]LogConfig: Setting CVar [[r.DOF.Recombine.Quality:1                ; cheap slight out of focus]]
[2023.02.28-19.07.41:543][  0]LogConfig: Setting CVar [[r.DOF.Recombine.EnableBokehSettings:0    ; no bokeh simulation on slight out of focus]]
[2023.02.28-19.07.41:543][  0]LogConfig: Setting CVar [[r.DOF.TemporalAAQuality:1                ; more stable temporal accumulation]]
[2023.02.28-19.07.41:543][  0]LogConfig: Setting CVar [[r.DOF.Kernel.MaxForegroundRadius:0.025]]
[2023.02.28-19.07.41:543][  0]LogConfig: Setting CVar [[r.DOF.Kernel.MaxBackgroundRadius:0.025]]
[2023.02.28-19.07.41:543][  0]LogConfig: Applying CVar settings from Section [TextureQuality@3] File [D:/UnrealProject/SchoolProject/InventoryProjectC++/MyInventory/MyInventory/Myinventory/Saved/Config/Windows/Scalability.ini]
[2023.02.28-19.07.41:543][  0]LogConfig: Setting CVar [[r.Streaming.MipBias:0]]
[2023.02.28-19.07.41:543][  0]LogConfig: Setting CVar [[r.Streaming.AmortizeCPUToGPUCopy:0]]
[2023.02.28-19.07.41:543][  0]LogConfig: Setting CVar [[r.Streaming.MaxNumTexturesToStreamPerFrame:0]]
[2023.02.28-19.07.41:543][  0]LogConfig: Setting CVar [[r.Streaming.Boost:1]]
[2023.02.28-19.07.41:543][  0]LogConfig: Setting CVar [[r.MaxAnisotropy:8]]
[2023.02.28-19.07.41:543][  0]LogConfig: Setting CVar [[r.VT.MaxAnisotropy:8]]
[2023.02.28-19.07.41:543][  0]LogConfig: Setting CVar [[r.Streaming.LimitPoolSizeToVRAM:0]]
[2023.02.28-19.07.41:543][  0]LogConfig: Setting CVar [[r.Streaming.PoolSize:1000]]
[2023.02.28-19.07.41:543][  0]LogConfig: Setting CVar [[r.Streaming.MaxEffectiveScreenSize:0]]
[2023.02.28-19.07.41:543][  0]LogConfig: Applying CVar settings from Section [EffectsQuality@3] File [D:/UnrealProject/SchoolProject/InventoryProjectC++/MyInventory/MyInventory/Myinventory/Saved/Config/Windows/Scalability.ini]
[2023.02.28-19.07.41:543][  0]LogConfig: Setting CVar [[r.TranslucencyLightingVolumeDim:64]]
[2023.02.28-19.07.41:543][  0]LogConfig: Setting CVar [[r.RefractionQuality:2]]
[2023.02.28-19.07.41:543][  0]LogConfig: Setting CVar [[r.SSR.Quality:3]]
[2023.02.28-19.07.41:543][  0]LogConfig: Setting CVar [[r.SSR.HalfResSceneColor:0]]
[2023.02.28-19.07.41:543][  0]LogConfig: Setting CVar [[r.SceneColorFormat:4]]
[2023.02.28-19.07.41:543][  0]LogConfig: Setting CVar [[r.DetailMode:2]]
[2023.02.28-19.07.41:543][  0]LogConfig: Setting CVar [[r.TranslucencyVolumeBlur:1]]
[2023.02.28-19.07.41:543][  0]LogConfig: Setting CVar [[r.MaterialQualityLevel:1 ; High quality]]
[2023.02.28-19.07.41:543][  0]LogConfig: Setting CVar [[r.AnisotropicMaterials:1]]
[2023.02.28-19.07.41:543][  0]LogConfig: Setting CVar [[r.SSS.Scale:1]]
[2023.02.28-19.07.41:543][  0]LogConfig: Setting CVar [[r.SSS.SampleSet:2]]
[2023.02.28-19.07.41:543][  0]LogConfig: Setting CVar [[r.SSS.Quality:1]]
[2023.02.28-19.07.41:543][  0]LogConfig: Setting CVar [[r.SSS.HalfRes:0]]
[2023.02.28-19.07.41:543][  0]LogConfig: Setting CVar [[r.SSGI.Quality:3]]
[2023.02.28-19.07.41:543][  0]LogConfig: Setting CVar [[r.EmitterSpawnRateScale:1.0]]
[2023.02.28-19.07.41:543][  0]LogConfig: Setting CVar [[r.ParticleLightQuality:2]]
[2023.02.28-19.07.41:543][  0]LogConfig: Setting CVar [[r.SkyAtmosphere.AerialPerspectiveLUT.FastApplyOnOpaque:1 ; Always have FastSkyLUT 1 in this case to avoid wrong sky]]
[2023.02.28-19.07.41:543][  0]LogConfig: Setting CVar [[r.SkyAtmosphere.AerialPerspectiveLUT.SampleCountMaxPerSlice:4]]
[2023.02.28-19.07.41:543][  0]LogConfig: Setting CVar [[r.SkyAtmosphere.AerialPerspectiveLUT.DepthResolution:16.0]]
[2023.02.28-19.07.41:543][  0]LogConfig: Setting CVar [[r.SkyAtmosphere.FastSkyLUT:1]]
[2023.02.28-19.07.41:543][  0]LogConfig: Setting CVar [[r.SkyAtmosphere.FastSkyLUT.SampleCountMin:4.0]]
[2023.02.28-19.07.41:543][  0]LogConfig: Setting CVar [[r.SkyAtmosphere.FastSkyLUT.SampleCountMax:128.0]]
[2023.02.28-19.07.41:543][  0]LogConfig: Setting CVar [[r.SkyAtmosphere.SampleCountMin:4.0]]
[2023.02.28-19.07.41:543][  0]LogConfig: Setting CVar [[r.SkyAtmosphere.SampleCountMax:128.0]]
[2023.02.28-19.07.41:543][  0]LogConfig: Setting CVar [[r.SkyAtmosphere.TransmittanceLUT.UseSmallFormat:0]]
[2023.02.28-19.07.41:543][  0]LogConfig: Setting CVar [[r.SkyAtmosphere.TransmittanceLUT.SampleCount:10.0]]
[2023.02.28-19.07.41:543][  0]LogConfig: Setting CVar [[r.SkyAtmosphere.MultiScatteringLUT.SampleCount:15.0]]
[2023.02.28-19.07.41:543][  0]LogConfig: Setting CVar [[r.SkyLight.RealTimeReflectionCapture:1]]
[2023.02.28-19.07.41:543][  0]LogConfig: Applying CVar settings from Section [FoliageQuality@3] File [D:/UnrealProject/SchoolProject/InventoryProjectC++/MyInventory/MyInventory/Myinventory/Saved/Config/Windows/Scalability.ini]
[2023.02.28-19.07.41:543][  0]LogConfig: Setting CVar [[foliage.DensityScale:1.0]]
[2023.02.28-19.07.41:543][  0]LogConfig: Setting CVar [[grass.DensityScale:1.0]]
[2023.02.28-19.07.41:543][  0]LogConfig: Applying CVar settings from Section [ShadingQuality@3] File [D:/UnrealProject/SchoolProject/InventoryProjectC++/MyInventory/MyInventory/Myinventory/Saved/Config/Windows/Scalability.ini]
[2023.02.28-19.07.41:543][  0]LogConfig: Setting CVar [[r.HairStrands.SkyLighting.IntegrationType:2]]
[2023.02.28-19.07.41:543][  0]LogConfig: Setting CVar [[r.HairStrands.SkyAO.SampleCount:4]]
[2023.02.28-19.07.41:543][  0]LogConfig: Setting CVar [[r.HairStrands.Visibility.MSAA.SamplePerPixel:4]]
[2023.02.28-19.07.41:543][  0]LogConfig: Applying CVar settings from Section [Startup] File [../../../Engine/Config/ConsoleVariables.ini]
[2023.02.28-19.07.41:544][  0]LogConfig: Setting CVar [[net.UseAdaptiveNetUpdateFrequency:0]]
[2023.02.28-19.07.41:544][  0]LogConfig: Setting CVar [[p.chaos.AllowCreatePhysxBodies:1]]
[2023.02.28-19.07.41:544][  0]LogConfig: Setting CVar [[fx.SkipVectorVMBackendOptimizations:1]]
[2023.02.28-19.07.41:544][  0]LogConfig: Applying CVar settings from Section [ConsoleVariables] File [D:/UnrealProject/SchoolProject/InventoryProjectC++/MyInventory/MyInventory/Myinventory/Saved/Config/Windows/Engine.ini]
[2023.02.28-19.07.41:544][  0]LogConfig: Applying CVar settings from Section [ConsoleVariables] File [D:/UnrealProject/SchoolProject/InventoryProjectC++/MyInventory/MyInventory/Myinventory/Saved/Config/Windows/Editor.ini]
[2023.02.28-19.07.41:567][  0]LogInit: Computer: LAPTOP-EQMPUEL2
[2023.02.28-19.07.41:567][  0]LogInit: User: acer
[2023.02.28-19.07.41:567][  0]LogInit: CPU Page size=4096, Cores=6
[2023.02.28-19.07.41:567][  0]LogInit: High frequency timer resolution =10.000000 MHz
[2023.02.28-19.07.41:567][  0]LogMemory: Memory total: Physical=15.9GB (16GB approx)
[2023.02.28-19.07.41:567][  0]LogMemory: Platform Memory Stats for Windows
[2023.02.28-19.07.41:567][  0]LogMemory: Process Physical Memory: 145.95 MB used, 145.95 MB peak
[2023.02.28-19.07.41:567][  0]LogMemory: Process Virtual Memory: 125.80 MB used, 125.80 MB peak
[2023.02.28-19.07.41:567][  0]LogMemory: Physical Memory: 12884.34 MB used,  3346.89 MB free, 16231.24 MB total
[2023.02.28-19.07.41:567][  0]LogMemory: Virtual Memory: 134202064.00 MB used,  15664.09 MB free, 134217728.00 MB total
[2023.02.28-19.07.41:577][  0]LogWindows: WindowsPlatformFeatures enabled
[2023.02.28-19.07.42:607][  0]LogInit: Physics initialised using underlying interface: PhysX
[2023.02.28-19.07.42:619][  0]LogInit: Using OS detected language (en-US).
[2023.02.28-19.07.42:619][  0]LogInit: Using OS detected locale (en-US).
[2023.02.28-19.07.42:696][  0]LogTextLocalizationManager: No specific localization for 'en-US' exists, so the 'en' localization will be used.
[2023.02.28-19.07.43:449][  0]LogInit: Setting process to per monitor DPI aware
[2023.02.28-19.07.43:593][  0]LogWindowsTextInputMethodSystem: Display: IME system deactivated.
[2023.02.28-19.07.43:938][  0]LogSlate: New Slate User Created.  User Index 0, Is Virtual User: 0
[2023.02.28-19.07.43:938][  0]LogSlate: Slate User Registered.  User Index 0, Is Virtual User: 0
[2023.02.28-19.07.48:562][  0]LogD3D11RHI: Loaded GFSDK_Aftermath_Lib.x64.dll
[2023.02.28-19.07.48:688][  0]LogHMD: Failed to enumerate extensions. Please check that you have a valid OpenXR runtime installed.
[2023.02.28-19.07.48:688][  0]LogD3D11RHI: D3D11 min allowed feature level: 11_0
[2023.02.28-19.07.48:688][  0]LogD3D11RHI: D3D11 max allowed feature level: 11_0
[2023.02.28-19.07.48:688][  0]LogD3D11RHI: D3D11 adapters:
[2023.02.28-19.07.48:875][  0]LogD3D11RHI:    0. 'NVIDIA GeForce RTX 2060' (Feature Level 11_0)
[2023.02.28-19.07.48:875][  0]LogD3D11RHI:       5968/0/8115 MB DedicatedVideo/DedicatedSystem/SharedSystem, Outputs:1, VendorId:0x10de
[2023.02.28-19.07.49:498][  0]LogD3D11RHI:    1. 'Intel(R) UHD Graphics 630' (Feature Level 11_0)
[2023.02.28-19.07.49:498][  0]LogD3D11RHI:       128/0/8115 MB DedicatedVideo/DedicatedSystem/SharedSystem, Outputs:0, VendorId:0x8086
[2023.02.28-19.07.49:502][  0]LogD3D11RHI:    2. 'Microsoft Basic Render Driver' (Feature Level 11_0)
[2023.02.28-19.07.49:502][  0]LogD3D11RHI:       0/0/8115 MB DedicatedVideo/DedicatedSystem/SharedSystem, Outputs:0, VendorId:0x1414
[2023.02.28-19.07.49:502][  0]LogD3D11RHI: Chosen D3D11 Adapter:
[2023.02.28-19.07.49:502][  0]LogD3D11RHI:     Description : NVIDIA GeForce RTX 2060
[2023.02.28-19.07.49:502][  0]LogD3D11RHI:     VendorId    : 10de
[2023.02.28-19.07.49:502][  0]LogD3D11RHI:     DeviceId    : 1f11
[2023.02.28-19.07.49:502][  0]LogD3D11RHI:     SubSysId    : 13431025
[2023.02.28-19.07.49:502][  0]LogD3D11RHI:     Revision    : 00a1
[2023.02.28-19.07.49:502][  0]LogD3D11RHI:     DedicatedVideoMemory : 6257901568 bytes
[2023.02.28-19.07.49:502][  0]LogD3D11RHI:     DedicatedSystemMemory : 0 bytes
[2023.02.28-19.07.49:502][  0]LogD3D11RHI:     SharedSystemMemory : 8509843456 bytes
[2023.02.28-19.07.49:502][  0]LogD3D11RHI:     AdapterLuid : 0 76449
[2023.02.28-19.07.49:509][  0]LogD3D11RHI: Creating new Direct3DDevice
[2023.02.28-19.07.49:509][  0]LogD3D11RHI:     GPU DeviceId: 0x1f11 (for the marketing name, search the web for "GPU Device Id")
[2023.02.28-19.07.49:509][  0]LogWindows: EnumDisplayDevices:
[2023.02.28-19.07.49:509][  0]LogWindows:    0. 'Intel(R) UHD Graphics 630' (P:0 D:0)
[2023.02.28-19.07.49:509][  0]LogWindows:    1. 'Intel(R) UHD Graphics 630' (P:0 D:0)
[2023.02.28-19.07.49:510][  0]LogWindows:    2. 'Intel(R) UHD Graphics 630' (P:0 D:0)
[2023.02.28-19.07.49:510][  0]LogWindows:    3. 'NVIDIA GeForce RTX 2060' (P:1 D:1)
[2023.02.28-19.07.49:510][  0]LogWindows:    4. 'NVIDIA GeForce RTX 2060' (P:0 D:0)
[2023.02.28-19.07.49:510][  0]LogWindows:    5. 'NVIDIA GeForce RTX 2060' (P:0 D:0)
[2023.02.28-19.07.49:511][  0]LogWindows:    6. 'NVIDIA GeForce RTX 2060' (P:0 D:0)
[2023.02.28-19.07.49:511][  0]LogWindows: DebugString: PrimaryIsNotTheChoosenAdapter PrimaryIsNotTheChoosenAdapter PrimaryIsNotTheChoosenAdapter FoundDriverCount:4 
[2023.02.28-19.07.49:511][  0]LogD3D11RHI:     Adapter Name: NVIDIA GeForce RTX 2060
[2023.02.28-19.07.49:511][  0]LogD3D11RHI:   Driver Version: 528.49 (internal:31.0.15.2849, unified:528.49)
[2023.02.28-19.07.49:511][  0]LogD3D11RHI:      Driver Date: 2-2-2023
[2023.02.28-19.07.49:511][  0]LogRHI: Texture pool is 4177 MB (70% of 5968 MB)
[2023.02.28-19.07.49:511][  0]LogD3D11RHI: Creating D3DDevice using adapter:
[2023.02.28-19.07.49:511][  0]LogD3D11RHI:     Description : NVIDIA GeForce RTX 2060
[2023.02.28-19.07.49:511][  0]LogD3D11RHI:     VendorId    : 10de
[2023.02.28-19.07.49:512][  0]LogD3D11RHI:     DeviceId    : 1f11
[2023.02.28-19.07.49:512][  0]LogD3D11RHI:     SubSysId    : 13431025
[2023.02.28-19.07.49:512][  0]LogD3D11RHI:     Revision    : 00a1
[2023.02.28-19.07.49:512][  0]LogD3D11RHI:     DedicatedVideoMemory : 6257901568 bytes
[2023.02.28-19.07.49:512][  0]LogD3D11RHI:     DedicatedSystemMemory : 0 bytes
[2023.02.28-19.07.49:512][  0]LogD3D11RHI:     SharedSystemMemory : 8509843456 bytes
[2023.02.28-19.07.49:512][  0]LogD3D11RHI:     AdapterLuid : 0 76449
[2023.02.28-19.07.49:636][  0]LogD3D11RHI: RHI has support for 64 bit atomics
[2023.02.28-19.07.49:657][  0]LogD3D11RHI: Async texture creation enabled
[2023.02.28-19.07.49:657][  0]LogD3D11RHI: Array index from any shader is supported
[2023.02.28-19.07.50:052][  0]LogD3D11RHI: GPU Timing Frequency: 1000.000000 (Debug: 2 1)
[2023.02.28-19.07.50:366][  0]LogRHI: GeForceNow SDK initialized: 1
[2023.02.28-19.07.50:724][  0]LogTargetPlatformManager: Display: Loaded TargetPlatform 'AllDesktop'
[2023.02.28-19.07.50:787][  0]LogTargetPlatformManager: Display: Loaded TargetPlatform 'Android'
[2023.02.28-19.07.50:787][  0]LogTargetPlatformManager: Display: Loaded TargetPlatform 'Android_ASTC'
[2023.02.28-19.07.50:787][  0]LogTargetPlatformManager: Display: Loaded TargetPlatform 'Android_DXT'
[2023.02.28-19.07.50:787][  0]LogTargetPlatformManager: Display: Loaded TargetPlatform 'Android_ETC2'
[2023.02.28-19.07.50:787][  0]LogTargetPlatformManager: Display: Loaded TargetPlatform 'AndroidClient'
[2023.02.28-19.07.50:787][  0]LogTargetPlatformManager: Display: Loaded TargetPlatform 'Android_ASTCClient'
[2023.02.28-19.07.50:787][  0]LogTargetPlatformManager: Display: Loaded TargetPlatform 'Android_DXTClient'
[2023.02.28-19.07.50:787][  0]LogTargetPlatformManager: Display: Loaded TargetPlatform 'Android_ETC2Client'
[2023.02.28-19.07.50:787][  0]LogTargetPlatformManager: Display: Loaded TargetPlatform 'Android_Multi'
[2023.02.28-19.07.50:787][  0]LogTargetPlatformManager: Display: Loaded TargetPlatform 'Android_MultiClient'
[2023.02.28-19.07.50:944][  0]LogTargetPlatformManager: Display: Loaded TargetPlatform 'IOSClient'
[2023.02.28-19.07.50:944][  0]LogTargetPlatformManager: Display: Loaded TargetPlatform 'IOS'
[2023.02.28-19.07.51:000][  0]LogTargetPlatformManager: Display: Loaded TargetPlatform 'Linux'
[2023.02.28-19.07.51:050][  0]LogTargetPlatformManager: Display: Loaded TargetPlatform 'LinuxNoEditor'
[2023.02.28-19.07.51:084][  0]LogTargetPlatformManager: Display: Loaded TargetPlatform 'LinuxClient'
[2023.02.28-19.07.51:106][  0]LogTargetPlatformManager: Display: Loaded TargetPlatform 'LinuxServer'
[2023.02.28-19.07.51:145][  0]LogTargetPlatformManager: Display: Loaded TargetPlatform 'LinuxAArch64NoEditor'
[2023.02.28-19.07.51:178][  0]LogTargetPlatformManager: Display: Loaded TargetPlatform 'LinuxAArch64Client'
[2023.02.28-19.07.51:200][  0]LogTargetPlatformManager: Display: Loaded TargetPlatform 'LinuxAArch64Server'
[2023.02.28-19.07.51:315][  0]LogTargetPlatformManager: Display: Loaded TargetPlatform 'Lumin'
[2023.02.28-19.07.51:315][  0]LogTargetPlatformManager: Display: Loaded TargetPlatform 'LuminClient'
[2023.02.28-19.07.51:355][  0]LogTargetPlatformManager: Display: Loaded TargetPlatform 'MacNoEditor'
[2023.02.28-19.07.51:378][  0]LogTargetPlatformManager: Display: Loaded TargetPlatform 'Mac'
[2023.02.28-19.07.51:410][  0]LogTargetPlatformManager: Display: Loaded TargetPlatform 'MacClient'
[2023.02.28-19.07.51:432][  0]LogTargetPlatformManager: Display: Loaded TargetPlatform 'MacServer'
[2023.02.28-19.07.51:524][  0]LogTargetPlatformManager: Display: Loaded TargetPlatform 'TVOSClient'
[2023.02.28-19.07.51:524][  0]LogTargetPlatformManager: Display: Loaded TargetPlatform 'TVOS'
[2023.02.28-19.07.51:565][  0]LogTargetPlatformManager: Display: Loaded TargetPlatform 'WindowsNoEditor'
[2023.02.28-19.07.51:590][  0]LogTargetPlatformManager: Display: Loaded TargetPlatform 'Windows'
[2023.02.28-19.07.51:636][  0]LogTargetPlatformManager: Display: Loaded TargetPlatform 'WindowsClient'
[2023.02.28-19.07.51:661][  0]LogTargetPlatformManager: Display: Loaded TargetPlatform 'WindowsServer'
[2023.02.28-19.07.51:661][  0]LogTargetPlatformManager: Display: Building Assets For Windows
[2023.02.28-19.07.51:852][  0]LogAudioDebug: Display: Lib vorbis DLL was dynamically loaded.
[2023.02.28-19.07.52:438][  0]LogTextureFormatOodle: Display: Oodle Texture 2.9.0 init RDO Off
[2023.02.28-19.07.53:524][  0]LogRendererCore: Ray tracing is disabled. Reason: r.RayTracing=0.
[2023.02.28-19.07.53:552][  0]LogShaderCompilers: Guid format shader working directory is -53 characters bigger than the processId version (../../../../../UnrealProject/SchoolProject/InventoryProjectC++/MyInventory/MyInventory/Myinventory/Intermediate/Shaders/WorkingDirectory/7556/).
[2023.02.28-19.07.53:552][  0]LogShaderCompilers: Cleaned the shader compiler working directory 'C:/Users/acer/AppData/Local/Temp/UnrealShaderWorkingDir/91A3348B47ECC351BE32658C40628DF8/'.
[2023.02.28-19.07.53:559][  0]LogXGEController: Cannot use XGE Controller as Incredibuild is not installed on this machine.
[2023.02.28-19.07.53:559][  0]LogShaderCompilers: Cannot use XGE Shader Compiler as Incredibuild is not installed on this machine.
[2023.02.28-19.07.53:559][  0]LogShaderCompilers: Display: Using Local Shader Compiler.
[2023.02.28-19.07.56:494][  0]LogDerivedDataCache: Display: Max Cache Size: 512 MB
[2023.02.28-19.07.56:637][  0]LogDerivedDataCache: Loaded boot cache 0.10s 103MB C:/Users/acer/AppData/Local/UnrealEngine/4.27/DerivedDataCache/Boot.ddc.
[2023.02.28-19.07.56:637][  0]LogDerivedDataCache: Display: Loaded Boot cache: C:/Users/acer/AppData/Local/UnrealEngine/4.27/DerivedDataCache/Boot.ddc
[2023.02.28-19.07.56:681][  0]LogDerivedDataCache: FDerivedDataBackendGraph:  Pak pak cache file ../../../../../UnrealProject/SchoolProject/InventoryProjectC++/MyInventory/MyInventory/Myinventory/DerivedDataCache/DDC.ddp not found, will not use a pak cache.
[2023.02.28-19.07.56:682][  0]LogDerivedDataCache: Unable to find inner node Pak for hierarchical cache Hierarchy.
[2023.02.28-19.07.56:682][  0]LogDerivedDataCache: FDerivedDataBackendGraph:  CompressedPak pak cache file ../../../../../UnrealProject/SchoolProject/InventoryProjectC++/MyInventory/MyInventory/Myinventory/DerivedDataCache/Compressed.ddp not found, will not use a pak cache.
[2023.02.28-19.07.56:682][  0]LogDerivedDataCache: Unable to find inner node CompressedPak for hierarchical cache Hierarchy.
[2023.02.28-19.07.56:851][  0]LogDerivedDataCache: Display: Pak cache opened for reading ../../../Engine/DerivedDataCache/Compressed.ddp.
[2023.02.28-19.07.56:851][  0]LogDerivedDataCache: FDerivedDataBackendGraph:  EnterprisePak pak cache file ../../../Enterprise/DerivedDataCache/Compressed.ddp not found, will not use a pak cache.
[2023.02.28-19.07.56:851][  0]LogDerivedDataCache: Unable to find inner node EnterprisePak for hierarchical cache Hierarchy.
[2023.02.28-19.07.56:879][  0]LogDerivedDataCache: Speed tests for C:/Users/acer/AppData/Local/UnrealEngine/Common/DerivedDataCache took 0.02 seconds
[2023.02.28-19.07.56:879][  0]LogDerivedDataCache: Display: Performance to C:/Users/acer/AppData/Local/UnrealEngine/Common/DerivedDataCache: Latency=0.34ms. RandomReadSpeed=100.51MBs, RandomWriteSpeed=117.60MBs. Assigned SpeedClass 'Local'
[2023.02.28-19.07.56:892][  0]LogDerivedDataCache: Using Local data cache path C:/Users/acer/AppData/Local/UnrealEngine/Common/DerivedDataCache: Writable
[2023.02.28-19.07.56:892][  0]LogDerivedDataCache: Shared data cache path not found in *engine.ini, will not use an Shared cache.
[2023.02.28-19.07.56:892][  0]LogDerivedDataCache: Unable to find inner node Shared for hierarchical cache Hierarchy.
[2023.02.28-19.07.57:066][  0]LogSlate: Using FreeType 2.10.0
[2023.02.28-19.07.57:166][  0]LogSlate: SlateFontServices - WITH_FREETYPE: 1, WITH_HARFBUZZ: 1
[2023.02.28-19.07.57:174][  0]LogHMD: Failed to enumerate extensions. Please check that you have a valid OpenXR runtime installed.
[2023.02.28-19.07.58:482][  0]LogAssetRegistry: FAssetRegistry took 0.0159 seconds to start up
[2023.02.28-19.08.05:285][  0]LogInit: Selected Device Profile: [Windows]
[2023.02.28-19.08.05:285][  0]LogInit: Active device profile: [000002E4434E9300][000002E43F1372C0 49] Windows
[2023.02.28-19.08.05:285][  0]LogInit: Profiles: [000002E4434E9300][000002E43F1372C0 49] Windows, [000002E4434CF400][000002E43624F580 49] WindowsNoEditor, [000002E4434EA200][000002E43F12B840 49] WindowsServer, [000002E4434CE200][000002E43F12FB00 49] WindowsClient, [000002E4434EB000][000002E43EF86240 49] IOS, [000002E4434CD500][000002E43EF8A500 49] iPadAir, [000002E4434EBD00][000002E43EF8E7C0 49] iPadAir2, [000002E44348A400][000002E4409CECC0 49] IPadPro, [000002E44348A500][000002E43EF92D00 49] iPadAir3, [000002E4434CE100][000002E43F024F80 49] iPadAir4, [000002E44348B300][000002E43EF97240 49] iPadMini2, [000002E4434CF900][000002E4409D3500 49] iPadMini3, [000002E44348A300][000002E4409D77C0 49] iPadMini4, [000002E4434CE800][000002E4409DBA80 49] iPadMini5, [000002E443499D00][000002E4409EE440 49] iPhone6, [000002E443499E00][000002E4409DE480 49] iPodTouch6, [000002E4434EAD00][000002E43EFB89C0 49] iPhone7, [000002E4434EAE00][000002E4409E6A00 49] iPodTouch7, [000002E443489C00][000002E4409EACC0 49] iPhone5S, [000002E4434EB900][000002E4409CAF40 49] iPhone6Plus, [000002E443489400][000002E4409E31C0 49] iPhone6S, [000002E4434E8700][000002E43EFBD480 49] iPhone6SPlus, [000002E443488D00][000002E43EFC1740 49] iPhone7Plus, [000002E4434E8D00][000002E43EFC5A00 49] iPhoneSE, [000002E443488500][000002E43EFC8140 49] iPhone8, [000002E4434EAB00][000002E43EFCC400 49] iPhone8Plus, [000002E443488900][000002E43EFD06C0 49] iPhoneX, [000002E443488F00][000002E43EFD4980 49] iPhoneXS, [000002E443498B00][000002E43EFD8C40 49] iPhoneXSMax, [000002E44348A200][000002E43EFDCF00 49] iPhoneXR, [000002E443499400][000002E43EFB5180 49] iPhone11, [000002E44348A000][000002E441EC1440 49] iPhone11Pro, [000002E443499A00][000002E441EC5700 49] iPhone11ProMax, [000002E443488A00][000002E441EC99C0 49] iPhoneSE2, [000002E44349BD00][000002E441ECC100 49] iPhone12Mini, [000002E443488E00][000002E441ED03C0 49] iPhone12, [000002E44349A100][000002E441ED4680 49] iPhone12Pro, [000002E443499C00][000002E441ED8940 49] iPhone12ProMax, [000002E4434E8B00][000002E441EDCC00 49] iPadPro105, [000002E44349B800][000002E441EE0EC0 49] iPadPro129, [000002E4434E8800][000002E43EFE1140 49] iPadPro97, [000002E443499800][000002E441EE53C0 49] iPadPro2_129, [000002E443489F00][000002E441EED680 49] iPad5, [000002E443498E00][000002E441EF1940 49] iPad6, [000002E443489B00][000002E441EF5C00 49] iPad7, [000002E443498F00][000002E441EF8340 49] iPad8, [000002E44348BD00][000002E4428D2600 49] iPadPro11, [000002E44349AF00][000002E4428D68C0 49] iPadPro2_11, [000002E44348A900][000002E4428DAB80 49] iPadPro3_129, [000002E443498800][000002E4428DEE40 49] iPadPro4_129, [000002E443489500][000002E4428E3100 49] AppleTV, [000002E44349AE00][000002E441EE9380 49] AppleTV4K, [000002E443489E00][000002E4428E7600 49] TVOS, [000002E443498300][000002E4428EF8C0 49] Mac, [000002E443489D00][000002E4428F3B80 49] MacClient, [000002E44349A600][000002E4428F62C0 49] MacNoEditor, [000002E44348B100][000002E4428FA580 49] MacServer, [000002E44349B700][000002E4428FE840 49] Linux, [000002E443488100][000002E442902B00 49] LinuxAArch64, [000002E443499900][000002E442906DC0 49] LinuxNoEditor, [000002E44348BC00][000002E44290B080 49] LinuxAArch64NoEditor, [000002E44349BB00][000002E44290F340 49] LinuxClient, [000002E44348B000][000002E4428EB5C0 49] LinuxAArch64Client, [000002E44349BE00][000002E442913840 49] LinuxServer, [000002E443488700][000002E44291BB00 49] LinuxAArch64Server, [000002E443499F00][000002E44291E240 49] Android, [000002E443488B00][000002E442922500 49] Android_Low, [000002E44349A900][000002E4429267C0 49] Android_Mid, [000002E44348B800][000002E44292AA80 49] Android_High, [000002E44349A500][000002E44292ED40 49] Android_Default, [000002E44348B700][000002E442933000 49] Android_Adreno4xx, [000002E44349A200][000002E4429372C0 49] Android_Adreno5xx_Low, [000002E443488C00][000002E44293B580 49] Android_Adreno5xx, [000002E44349B300][000002E442917800 49] Android_Adreno6xx, [000002E443488300][000002E44293FA80 49] Android_Adreno6xx_Vulkan, [000002E443499500][000002E4429461C0 49] Android_Mali_T6xx, [000002E443489800][000002E44294A480 49] Android_Mali_T7xx, [000002E44349B500][000002E44294E740 49] Android_Mali_T8xx, [000002E44348AD00][000002E442952A00 49] Android_Mali_G71, [000002E44349A800][000002E442956CC0 49] Android_Mali_G72, [000002E443489200][000002E44295AF80 49] Android_Mali_G72_Vulkan, [000002E443498D00][000002E44295F240 49] Android_Mali_G76, [000002E443489700][000002E442963500 49] Android_Mali_G76_Vulkan, [000002E44349A700][000002E4429677C0 49] Android_Mali_G77, [000002E443488200][000002E442943A40 49] Android_Mali_G77_Vulkan, [000002E4434CE900][000002E44296A140 49] Android_Mali_G78, [000002E4434E8500][000002E442972400 49] Android_Mali_G78_Vulkan, [000002E4434CCB00][000002E4429766C0 49] Android_Mali_G710, [000002E4434E9D00][000002E44297A980 49] Android_Mali_G710_Vulkan, [000002E4434CC900][000002E441C02C40 49] Android_Vulkan_SM5, [000002E4434EBC00][000002E441C06F00 49] Android_PowerVR_G6xxx, [000002E4434CCD00][000002E441C0B1C0 49] Android_PowerVR_GT7xxx, [000002E4434EB500][000002E441C0F480 49] Android_PowerVR_GE8xxx, [000002E4434CC200][000002E441C13740 49] Android_PowerVR_GM9xxx, [000002E4434E8300][000002E441C17A00 49] Android_PowerVR_GM9xxx_Vulkan, [000002E4434CF500][000002E44296E100 49] Android_TegraK1, [000002E4434EB400][000002E441C1A380 49] Android_Unknown_Vulkan, [000002E4434CCF00][000002E441C22640 49] Lumin, [000002E4434EB600][000002E441C26900 49] Lumin_Desktop, [000002E4434CD800][000002E441C2ABC0 49] HoloLens, 
[2023.02.28-19.08.07:163][  0]LogMeshReduction: Using QuadricMeshReduction for automatic static mesh reduction
[2023.02.28-19.08.07:163][  0]LogMeshReduction: Using SimplygonMeshReduction for automatic skeletal mesh reduction
[2023.02.28-19.08.07:163][  0]LogMeshReduction: Using ProxyLODMeshReduction for automatic mesh merging
[2023.02.28-19.08.07:163][  0]LogMeshReduction: No distributed automatic mesh merging module available
[2023.02.28-19.08.07:212][  0]LogMeshMerging: No distributed automatic mesh merging module available
[2023.02.28-19.08.07:877][  0]LogNetVersion: Myinventory 1.0.0, NetCL: 17155196, EngineNetVer: 17, GameNetVer: 0 (Checksum: 3355418598)
[2023.02.28-19.08.24:281][  0]LogTexture: Default maximum texture size for cubemaps generated from long-lat sources has been changed from 512 to unlimited. In order to preserve old behaiour for '/Engine/MapTemplates/Sky/DaylightAmbientCubemap.DaylightAmbientCubemap', its maximum texture size has been explicitly set to 512.
[2023.02.28-19.08.25:267][  0]LogHMD: PokeAHoleMaterial loaded successfully
[2023.02.28-19.08.25:395][  0]LogUObjectArray: 17075 objects as part of root set at end of initial load.
[2023.02.28-19.08.25:395][  0]LogUObjectAllocator: 4275792 out of 0 bytes used by permanent object pool.
[2023.02.28-19.08.25:404][  0]LogUObjectArray: CloseDisregardForGC: 0/0 objects in disregard for GC pool
[2023.02.28-19.08.31:559][  0]LogNiagaraDebuggerClient: Niagara Debugger Client Initialized | Session: C2A03CF344790B4E11CD518BD2BA6799 | Instance: 08FFE9AA48DA5D062264C4AEE9C60731 (LAPTOP-EQMPUEL2-7556).
[2023.02.28-19.08.35:015][  0]LogTcpMessaging: Initializing TcpMessaging bridge
[2023.02.28-19.08.35:114][  0]LogUdpMessaging: Initializing bridge on interface 0.0.0.0:0 to multicast group 230.0.0.1:6666.
[2023.02.28-19.08.35:798][  0]LogPython: Using Python 3.7.7
[2023.02.28-19.08.41:516][  0]SourceControl: Source control is disabled
[2023.02.28-19.08.41:516][  0]SourceControl: Source control is disabled
[2023.02.28-19.08.41:917][  0]SourceControl: Source control is disabled
[2023.02.28-19.08.41:970][  0]SourceControl: Source control is disabled
[2023.02.28-19.08.46:042][  0]SourceControl: Source control is disabled
[2023.02.28-19.08.46:091][  0]LogUProjectInfo: Found projects:
[2023.02.28-19.08.46:788][  0]LogAndroidPermission: UAndroidPermissionCallbackProxy::GetInstance
[2023.02.28-19.08.46:983][  0]LogAudioCaptureCore: Display: No Audio Capture implementations found. Audio input will be silent.
[2023.02.28-19.08.46:983][  0]LogAudioCaptureCore: Display: No Audio Capture implementations found. Audio input will be silent.
[2023.02.28-19.08.48:627][  0]LogOpenImageDenoise: OIDN starting up
[2023.02.28-19.08.48:758][  0]LogCollectionManager: Loaded 0 collections in 0.003203 seconds
[2023.02.28-19.08.49:088][  0]LogFileCache: Scanning file cache for directory 'D:/UnrealProject/SchoolProject/InventoryProjectC++/MyInventory/MyInventory/Myinventory/Saved/Collections/' took 0.00s
[2023.02.28-19.08.49:088][  0]LogFileCache: Scanning file cache for directory 'D:/UnrealProject/SchoolProject/InventoryProjectC++/MyInventory/MyInventory/Myinventory/Content/Developers/acer/Collections/' took 0.00s
[2023.02.28-19.08.49:088][  0]LogFileCache: Scanning file cache for directory 'D:/UnrealProject/SchoolProject/InventoryProjectC++/MyInventory/MyInventory/Myinventory/Content/Collections/' took 0.00s
[2023.02.28-19.08.49:088][  0]LogOcInput: OculusInput pre-init called
[2023.02.28-19.08.51:663][  0]LogClass: Warning: ObjectProperty FTest::ItemImage is not initialized properly. Module:Myinventory File:Public/Struct.h
[2023.02.28-19.08.51:680][  0]LogClass: Display: FloatProperty FTest::ItemCost is not initialized properly. Module:Myinventory File:Public/Struct.h
[2023.02.28-19.08.51:723][  0]LogClass: Display: 2 Uninitialized script struct members found including 1 object properties
[2023.02.28-19.08.51:788][  0]LogAutomationTest: Warning: ObjectProperty FTest::ItemImage is not initialized properly. Module:Myinventory File:Public/Struct.h
[2023.02.28-19.08.51:895][  0]LogEngine: Initializing Engine...
[2023.02.28-19.08.51:964][  0]LogHMD: Failed to enumerate extensions. Please check that you have a valid OpenXR runtime installed.
[2023.02.28-19.08.51:970][  0]LogMagicLeap: Warning: VR disabled because ZI is not enabled.  To enable, in the editor, Edit -> Project Settings -> Plugins -> Magic Leap Plugin -> Enable Zero Iteration
[2023.02.28-19.08.52:043][  0]LogStats: UGameplayTagsManager::InitializeManager -  0.013 s
[2023.02.28-19.08.52:668][  0]LogInit: Initializing FReadOnlyCVARCache
[2023.02.28-19.08.53:563][  0]LogAIModule: Creating AISystem for world Untitled
[2023.02.28-19.08.53:723][  0]LogAudio: Display: Initializing Audio Device Manager...
[2023.02.28-19.08.53:796][  0]LogAudio: Display: Loading Default Audio Settings Objects...
[2023.02.28-19.08.53:820][  0]LogAudio: Display: No default SoundConcurrencyObject specified (or failed to load).
[2023.02.28-19.08.53:859][  0]LogAudio: Display: Audio Device Manager Initialized
[2023.02.28-19.08.53:859][  0]LogAudio: Display: Creating Audio Device:                 Id: 1, Scope: Shared, Realtime: True
[2023.02.28-19.08.53:917][  0]LogAudioMixer: Display: Audio Mixer Platform Settings:
[2023.02.28-19.08.53:917][  0]LogAudioMixer: Display: 	Sample Rate:						  48000
[2023.02.28-19.08.53:917][  0]LogAudioMixer: Display: 	Callback Buffer Frame Size Requested: 1024
[2023.02.28-19.08.53:917][  0]LogAudioMixer: Display: 	Callback Buffer Frame Size To Use:	  1024
[2023.02.28-19.08.53:917][  0]LogAudioMixer: Display: 	Number of buffers to queue:			  2
[2023.02.28-19.08.53:917][  0]LogAudioMixer: Display: 	Max Channels (voices):				  32
[2023.02.28-19.08.53:917][  0]LogAudioMixer: Display: 	Number of Async Source Workers:		  0
[2023.02.28-19.08.53:925][  0]LogAudio: Display: AudioDevice MaxSources: 32
[2023.02.28-19.08.53:985][  0]LogAudio: Display: Audio Spatialization Plugin: None (built-in).
[2023.02.28-19.08.53:985][  0]LogAudio: Display: Audio Reverb Plugin: None (built-in).
[2023.02.28-19.08.53:985][  0]LogAudio: Display: Audio Occlusion Plugin: None (built-in).
[2023.02.28-19.08.53:985][  0]LogAudioMixer: Display: Initializing audio mixer.
[2023.02.28-19.08.54:190][  0]LogAudioMixer: Display: 0: FrontLeft
[2023.02.28-19.08.54:190][  0]LogAudioMixer: Display: 1: FrontRight
[2023.02.28-19.08.54:311][  0]LogAudioMixer: Display: Using Audio Device Hörlurar (Galaxy Buds (A71C))
[2023.02.28-19.08.54:380][  0]LogAudioMixer: Display: Initializing Sound Submixes...
[2023.02.28-19.08.54:455][  0]LogAudioMixer: Display: Creating Master Submix 'MasterSubmixDefault'
[2023.02.28-19.08.54:455][  0]LogAudioMixer: Display: Creating Master Submix 'MasterReverbSubmixDefault'
[2023.02.28-19.08.54:464][  0]LogAudioMixer: Display: Creating Master Submix 'MasterEQSubmixDefault'
[2023.02.28-19.08.54:465][  0]LogAudioMixer: FMixerPlatformXAudio2::StartAudioStream() called
[2023.02.28-19.08.54:465][  0]LogAudioMixer: Display: Output buffers initialized: Frames=1024, Channels=2, Samples=2048
[2023.02.28-19.08.54:466][  0]LogAudioMixer: Display: Starting AudioMixerPlatformInterface::RunInternal()
[2023.02.28-19.08.54:466][  0]LogAudioMixer: Display: FMixerPlatformXAudio2::SubmitBuffer() called for the first time
[2023.02.28-19.08.54:466][  0]LogInit: FAudioDevice initialized.
[2023.02.28-19.08.54:524][  0]LogAudioMixer: Display: Audio Buffer Underrun (starvation) detected.
[2023.02.28-19.08.54:524][  0]LogAudio: Display: Audio Device (ID: 1) registered with world 'Untitled'.
[2023.02.28-19.08.54:553][  0]LogNetVersion: Set ProjectVersion to 1.0.0.0. Version Checksum will be recalculated on next use.
[2023.02.28-19.08.54:610][  0]LogDerivedDataCache: Saved boot cache 0.06s 103MB C:/Users/acer/AppData/Local/UnrealEngine/4.27/DerivedDataCache/Boot.ddc.
[2023.02.28-19.08.54:611][  0]LogInit: Texture streaming: Enabled
[2023.02.28-19.08.54:803][  0]LogAnalytics: Display: [UEEditor.Rocket.Release] APIServer = https://datarouter.ol.epicgames.com/. AppVersion = 4.27.2-18319896+++UE4+Release-4.27
[2023.02.28-19.08.54:833][  0]LogEngineSessionManager: EngineSessionManager initialized
[2023.02.28-19.08.54:870][  0]LogEditorSessionSummary: Verbose: Initializing EditorSessionSummaryWriter for editor session tracking
[2023.02.28-19.08.54:904][  0]LogEditorSessionSummary: EditorSessionSummaryWriter initialized
[2023.02.28-19.08.55:384][  0]LogInit: Transaction tracking system initialized
[2023.02.28-19.08.56:229][  0]BlueprintLog: New page: Editor Load
[2023.02.28-19.08.57:612][  0]LocalizationService: Localization service is disabled
[2023.02.28-19.08.58:284][  0]TimingProfiler: Initialize
[2023.02.28-19.08.58:317][  0]TimingProfiler: OnSessionChanged
[2023.02.28-19.08.58:317][  0]LoadingProfiler: Initialize
[2023.02.28-19.08.58:318][  0]LoadingProfiler: OnSessionChanged
[2023.02.28-19.08.58:336][  0]NetworkingProfiler: Initialize
[2023.02.28-19.08.58:369][  0]NetworkingProfiler: OnSessionChanged
[2023.02.28-19.08.58:369][  0]MemoryProfiler: Initialize
[2023.02.28-19.08.58:369][  0]MemoryProfiler: OnSessionChanged
[2023.02.28-19.09.00:660][  0]LogFileCache: Scanning file cache for directory 'D:/UnrealProject/SchoolProject/InventoryProjectC++/MyInventory/MyInventory/Myinventory/Content/' took 0.04s
[2023.02.28-19.09.00:660][  0]LogCook: Display: CookSettings for Memory: MemoryMaxUsedVirtual 0MiB, MemoryMaxUsedPhysical 16384MiB, MemoryMinFreeVirtual 0MiB, MemoryMinFreePhysical 1024MiB
[2023.02.28-19.09.00:660][  0]LogCook: Display: Mobile HDR setting 1
[2023.02.28-19.09.04:454][  0]LogInit: Display: Engine is initialized. Leaving FEngineLoop::Init()
[2023.02.28-19.09.04:558][  0]SourceControl: Source control is disabled
[2023.02.28-19.09.04:562][  0]LogUnrealEdMisc: Loading editor; pre map load, took 97.246
[2023.02.28-19.09.04:613][  0]LightingResults: New page: Lighting Build
[2023.02.28-19.09.04:746][  0]LogWorld: UWorld::CleanupWorld for Untitled, bSessionEnded=true, bCleanupResources=true
[2023.02.28-19.09.04:790][  0]LogSlate: InvalidateAllWidgets triggered.  All widgets were invalidated
[2023.02.28-19.09.04:866][  0]MapCheck: New page: Map Check
[2023.02.28-19.09.04:866][  0]LightingResults: New page: Lighting Build
[2023.02.28-19.09.05:219][  0]LogAudio: Display: Audio Device unregistered from world 'None'.
[2023.02.28-19.09.05:506][  0]LogUObjectHash: Compacting FUObjectHashTables data took  13.21ms
[2023.02.28-19.09.06:801][  0]LogAudio: Display: Audio Device (ID: 1) registered with world 'ThirdPersonExampleMap'.
[2023.02.28-19.09.06:802][  0]LogAIModule: Creating AISystem for world ThirdPersonExampleMap
[2023.02.28-19.09.07:687][  0]LogEditorServer: Finished looking for orphan Actors (0.000 secs)
[2023.02.28-19.09.08:020][  0]LogUObjectHash: Compacting FUObjectHashTables data took   0.89ms
[2023.02.28-19.09.08:057][  0]Cmd: MAP CHECKDEP NOCLEARLOG
[2023.02.28-19.09.08:069][  0]MapCheck: Map check complete: 0 Error(s), 0 Warning(s), took 12.754ms to complete.
[2023.02.28-19.09.08:083][  0]LogFileHelpers: Loading map 'ThirdPersonExampleMap' took 3.490
[2023.02.28-19.09.08:837][  0]LogUnrealEdMisc: Total Editor Startup Time, took 101.521
[2023.02.28-19.09.10:060][  0]LogSlate: Updating window title bar state: overlay mode, drag disabled, window buttons hidden, title bar hidden
[2023.02.28-19.09.10:077][  0]LogSlate: Updating window title bar state: overlay mode, drag disabled, window buttons hidden, title bar hidden
[2023.02.28-19.09.10:083][  0]LogSlate: Updating window title bar state: overlay mode, drag disabled, window buttons hidden, title bar hidden
[2023.02.28-19.09.10:088][  0]LogSlate: Updating window title bar state: overlay mode, drag disabled, window buttons hidden, title bar hidden
[2023.02.28-19.09.10:330][  0]LogNativeClassHierarchy: Verbose: Native class hierarchy populated in 0.0120 seconds. Added 3818 classes and 925 folders.
[2023.02.28-19.09.10:393][  0]LogNativeClassHierarchy: Verbose: Native class hierarchy updated for 'WidgetCarousel' in 0.0005 seconds. Added 0 classes and 0 folders.
[2023.02.28-19.09.10:533][  0]LogPakFile: PakFile PrimaryIndexSize=191
[2023.02.28-19.09.10:533][  0]LogPakFile: PakFile PathHashIndexSize=101
[2023.02.28-19.09.10:533][  0]LogPakFile: PakFile FullDirectoryIndexSize=160
[2023.02.28-19.09.10:567][  0]LogShaderLibrary: Display: ShaderCodeLibraryPakFileMountedCallback: PakFile 'D:/Unreal Eninge/UE_4.27/FeaturePacks/MobileStarterContent.upack' (chunk index -1, root 'root:/') mounted
[2023.02.28-19.09.10:567][  0]LogShaderLibrary: Display: ShaderCodeLibraryPakFileMountedCallback: pending pak file info (ChunkID:-1 Root:root:/ File:D:/Unreal Eninge/UE_4.27/FeaturePacks/MobileStarterContent.upack)
[2023.02.28-19.09.10:567][  0]LogPakFile: OnPakFileMounted2Time == 0.034647
[2023.02.28-19.09.10:608][  0]LogPakFile: PakFile PrimaryIndexSize=185
[2023.02.28-19.09.10:608][  0]LogPakFile: PakFile PathHashIndexSize=101
[2023.02.28-19.09.10:608][  0]LogPakFile: PakFile FullDirectoryIndexSize=148
[2023.02.28-19.09.10:608][  0]LogShaderLibrary: Display: ShaderCodeLibraryPakFileMountedCallback: PakFile 'D:/Unreal Eninge/UE_4.27/FeaturePacks/StarterContent.upack' (chunk index -1, root 'root:/') mounted
[2023.02.28-19.09.10:608][  0]LogShaderLibrary: Display: ShaderCodeLibraryPakFileMountedCallback: pending pak file info (ChunkID:-1 Root:root:/ File:D:/Unreal Eninge/UE_4.27/FeaturePacks/StarterContent.upack)
[2023.02.28-19.09.10:608][  0]LogPakFile: OnPakFileMounted2Time == 0.000112
[2023.02.28-19.09.10:630][  0]LogPakFile: PakFile PrimaryIndexSize=187
[2023.02.28-19.09.10:630][  0]LogPakFile: PakFile PathHashIndexSize=101
[2023.02.28-19.09.10:630][  0]LogPakFile: PakFile FullDirectoryIndexSize=148
[2023.02.28-19.09.10:630][  0]LogShaderLibrary: Display: ShaderCodeLibraryPakFileMountedCallback: PakFile 'D:/Unreal Eninge/UE_4.27/FeaturePacks/FP_FirstPerson.upack' (chunk index -1, root 'root:/') mounted
[2023.02.28-19.09.10:630][  0]LogShaderLibrary: Display: ShaderCodeLibraryPakFileMountedCallback: pending pak file info (ChunkID:-1 Root:root:/ File:D:/Unreal Eninge/UE_4.27/FeaturePacks/FP_FirstPerson.upack)
[2023.02.28-19.09.10:630][  0]LogPakFile: OnPakFileMounted2Time == 0.000120
[2023.02.28-19.09.10:650][  0]LogPakFile: PakFile PrimaryIndexSize=189
[2023.02.28-19.09.10:650][  0]LogPakFile: PakFile PathHashIndexSize=101
[2023.02.28-19.09.10:650][  0]LogPakFile: PakFile FullDirectoryIndexSize=152
[2023.02.28-19.09.10:650][  0]LogShaderLibrary: Display: ShaderCodeLibraryPakFileMountedCallback: PakFile 'D:/Unreal Eninge/UE_4.27/FeaturePacks/FP_FirstPersonBP.upack' (chunk index -1, root 'root:/') mounted
[2023.02.28-19.09.10:650][  0]LogShaderLibrary: Display: ShaderCodeLibraryPakFileMountedCallback: pending pak file info (ChunkID:-1 Root:root:/ File:D:/Unreal Eninge/UE_4.27/FeaturePacks/FP_FirstPersonBP.upack)
[2023.02.28-19.09.10:650][  0]LogPakFile: OnPakFileMounted2Time == 0.000083
[2023.02.28-19.09.10:658][  0]LogPakFile: PakFile PrimaryIndexSize=190
[2023.02.28-19.09.10:658][  0]LogPakFile: PakFile PathHashIndexSize=101
[2023.02.28-19.09.10:658][  0]LogPakFile: PakFile FullDirectoryIndexSize=154
[2023.02.28-19.09.10:658][  0]LogShaderLibrary: Display: ShaderCodeLibraryPakFileMountedCallback: PakFile 'D:/Unreal Eninge/UE_4.27/FeaturePacks/TP_2DSideScroller.upack' (chunk index -1, root 'root:/') mounted
[2023.02.28-19.09.10:658][  0]LogShaderLibrary: Display: ShaderCodeLibraryPakFileMountedCallback: pending pak file info (ChunkID:-1 Root:root:/ File:D:/Unreal Eninge/UE_4.27/FeaturePacks/TP_2DSideScroller.upack)
[2023.02.28-19.09.10:658][  0]LogPakFile: OnPakFileMounted2Time == 0.000051
[2023.02.28-19.09.10:664][  0]LogPakFile: PakFile PrimaryIndexSize=192
[2023.02.28-19.09.10:664][  0]LogPakFile: PakFile PathHashIndexSize=101
[2023.02.28-19.09.10:664][  0]LogPakFile: PakFile FullDirectoryIndexSize=158
[2023.02.28-19.09.10:664][  0]LogShaderLibrary: Display: ShaderCodeLibraryPakFileMountedCallback: PakFile 'D:/Unreal Eninge/UE_4.27/FeaturePacks/TP_2DSideScrollerBP.upack' (chunk index -1, root 'root:/') mounted
[2023.02.28-19.09.10:664][  0]LogShaderLibrary: Display: ShaderCodeLibraryPakFileMountedCallback: pending pak file info (ChunkID:-1 Root:root:/ File:D:/Unreal Eninge/UE_4.27/FeaturePacks/TP_2DSideScrollerBP.upack)
[2023.02.28-19.09.10:664][  0]LogPakFile: OnPakFileMounted2Time == 0.000046
[2023.02.28-19.09.10:671][  0]LogPakFile: PakFile PrimaryIndexSize=182
[2023.02.28-19.09.10:671][  0]LogPakFile: PakFile PathHashIndexSize=101
[2023.02.28-19.09.10:671][  0]LogPakFile: PakFile FullDirectoryIndexSize=138
[2023.02.28-19.09.10:671][  0]LogShaderLibrary: Display: ShaderCodeLibraryPakFileMountedCallback: PakFile 'D:/Unreal Eninge/UE_4.27/FeaturePacks/TP_Flying.upack' (chunk index -1, root 'root:/') mounted
[2023.02.28-19.09.10:671][  0]LogShaderLibrary: Display: ShaderCodeLibraryPakFileMountedCallback: pending pak file info (ChunkID:-1 Root:root:/ File:D:/Unreal Eninge/UE_4.27/FeaturePacks/TP_Flying.upack)
[2023.02.28-19.09.10:671][  0]LogPakFile: OnPakFileMounted2Time == 0.000042
[2023.02.28-19.09.10:678][  0]LogPakFile: PakFile PrimaryIndexSize=184
[2023.02.28-19.09.10:678][  0]LogPakFile: PakFile PathHashIndexSize=101
[2023.02.28-19.09.10:678][  0]LogPakFile: PakFile FullDirectoryIndexSize=142
[2023.02.28-19.09.10:678][  0]LogShaderLibrary: Display: ShaderCodeLibraryPakFileMountedCallback: PakFile 'D:/Unreal Eninge/UE_4.27/FeaturePacks/TP_FlyingBP.upack' (chunk index -1, root 'root:/') mounted
[2023.02.28-19.09.10:678][  0]LogShaderLibrary: Display: ShaderCodeLibraryPakFileMountedCallback: pending pak file info (ChunkID:-1 Root:root:/ File:D:/Unreal Eninge/UE_4.27/FeaturePacks/TP_FlyingBP.upack)
[2023.02.28-19.09.10:678][  0]LogPakFile: OnPakFileMounted2Time == 0.000042
[2023.02.28-19.09.10:719][  0]LogPakFile: PakFile PrimaryIndexSize=188
[2023.02.28-19.09.10:719][  0]LogPakFile: PakFile PathHashIndexSize=101
[2023.02.28-19.09.10:719][  0]LogPakFile: PakFile FullDirectoryIndexSize=150
[2023.02.28-19.09.10:719][  0]LogShaderLibrary: Display: ShaderCodeLibraryPakFileMountedCallback: PakFile 'D:/Unreal Eninge/UE_4.27/FeaturePacks/TP_HandheldARBP.upack' (chunk index -1, root 'root:/') mounted
[2023.02.28-19.09.10:719][  0]LogShaderLibrary: Display: ShaderCodeLibraryPakFileMountedCallback: pending pak file info (ChunkID:-1 Root:root:/ File:D:/Unreal Eninge/UE_4.27/FeaturePacks/TP_HandheldARBP.upack)
[2023.02.28-19.09.10:719][  0]LogPakFile: OnPakFileMounted2Time == 0.000051
[2023.02.28-19.09.10:758][  0]LogPakFile: PakFile PrimaryIndexSize=182
[2023.02.28-19.09.10:758][  0]LogPakFile: PakFile PathHashIndexSize=101
[2023.02.28-19.09.10:758][  0]LogPakFile: PakFile FullDirectoryIndexSize=138
[2023.02.28-19.09.10:758][  0]LogShaderLibrary: Display: ShaderCodeLibraryPakFileMountedCallback: PakFile 'D:/Unreal Eninge/UE_4.27/FeaturePacks/TP_Puzzle.upack' (chunk index -1, root 'root:/') mounted
[2023.02.28-19.09.10:758][  0]LogShaderLibrary: Display: ShaderCodeLibraryPakFileMountedCallback: pending pak file info (ChunkID:-1 Root:root:/ File:D:/Unreal Eninge/UE_4.27/FeaturePacks/TP_Puzzle.upack)
[2023.02.28-19.09.10:758][  0]LogPakFile: OnPakFileMounted2Time == 0.000128
[2023.02.28-19.09.10:770][  0]LogPakFile: PakFile PrimaryIndexSize=184
[2023.02.28-19.09.10:770][  0]LogPakFile: PakFile PathHashIndexSize=101
[2023.02.28-19.09.10:770][  0]LogPakFile: PakFile FullDirectoryIndexSize=142
[2023.02.28-19.09.10:770][  0]LogShaderLibrary: Display: ShaderCodeLibraryPakFileMountedCallback: PakFile 'D:/Unreal Eninge/UE_4.27/FeaturePacks/TP_PuzzleBP.upack' (chunk index -1, root 'root:/') mounted
[2023.02.28-19.09.10:770][  0]LogShaderLibrary: Display: ShaderCodeLibraryPakFileMountedCallback: pending pak file info (ChunkID:-1 Root:root:/ File:D:/Unreal Eninge/UE_4.27/FeaturePacks/TP_PuzzleBP.upack)
[2023.02.28-19.09.10:770][  0]LogPakFile: OnPakFileMounted2Time == 0.000075
[2023.02.28-19.09.10:779][  0]LogPakFile: PakFile PrimaryIndexSize=183
[2023.02.28-19.09.10:779][  0]LogPakFile: PakFile PathHashIndexSize=101
[2023.02.28-19.09.10:779][  0]LogPakFile: PakFile FullDirectoryIndexSize=140
[2023.02.28-19.09.10:779][  0]LogShaderLibrary: Display: ShaderCodeLibraryPakFileMountedCallback: PakFile 'D:/Unreal Eninge/UE_4.27/FeaturePacks/TP_Rolling.upack' (chunk index -1, root 'root:/') mounted
[2023.02.28-19.09.10:779][  0]LogShaderLibrary: Display: ShaderCodeLibraryPakFileMountedCallback: pending pak file info (ChunkID:-1 Root:root:/ File:D:/Unreal Eninge/UE_4.27/FeaturePacks/TP_Rolling.upack)
[2023.02.28-19.09.10:779][  0]LogPakFile: OnPakFileMounted2Time == 0.000063
[2023.02.28-19.09.10:787][  0]LogPakFile: PakFile PrimaryIndexSize=185
[2023.02.28-19.09.10:787][  0]LogPakFile: PakFile PathHashIndexSize=101
[2023.02.28-19.09.10:787][  0]LogPakFile: PakFile FullDirectoryIndexSize=144
[2023.02.28-19.09.10:787][  0]LogShaderLibrary: Display: ShaderCodeLibraryPakFileMountedCallback: PakFile 'D:/Unreal Eninge/UE_4.27/FeaturePacks/TP_RollingBP.upack' (chunk index -1, root 'root:/') mounted
[2023.02.28-19.09.10:787][  0]LogShaderLibrary: Display: ShaderCodeLibraryPakFileMountedCallback: pending pak file info (ChunkID:-1 Root:root:/ File:D:/Unreal Eninge/UE_4.27/FeaturePacks/TP_RollingBP.upack)
[2023.02.28-19.09.10:787][  0]LogPakFile: OnPakFileMounted2Time == 0.000046
[2023.02.28-19.09.10:793][  0]LogPakFile: PakFile PrimaryIndexSize=188
[2023.02.28-19.09.10:793][  0]LogPakFile: PakFile PathHashIndexSize=101
[2023.02.28-19.09.10:793][  0]LogPakFile: PakFile FullDirectoryIndexSize=150
[2023.02.28-19.09.10:793][  0]LogShaderLibrary: Display: ShaderCodeLibraryPakFileMountedCallback: PakFile 'D:/Unreal Eninge/UE_4.27/FeaturePacks/TP_SideScroller.upack' (chunk index -1, root 'root:/') mounted
[2023.02.28-19.09.10:793][  0]LogShaderLibrary: Display: ShaderCodeLibraryPakFileMountedCallback: pending pak file info (ChunkID:-1 Root:root:/ File:D:/Unreal Eninge/UE_4.27/FeaturePacks/TP_SideScroller.upack)
[2023.02.28-19.09.10:793][  0]LogPakFile: OnPakFileMounted2Time == 0.000046
[2023.02.28-19.09.10:798][  0]LogPakFile: PakFile PrimaryIndexSize=190
[2023.02.28-19.09.10:798][  0]LogPakFile: PakFile PathHashIndexSize=101
[2023.02.28-19.09.10:798][  0]LogPakFile: PakFile FullDirectoryIndexSize=154
[2023.02.28-19.09.10:798][  0]LogShaderLibrary: Display: ShaderCodeLibraryPakFileMountedCallback: PakFile 'D:/Unreal Eninge/UE_4.27/FeaturePacks/TP_SideScrollerBP.upack' (chunk index -1, root 'root:/') mounted
[2023.02.28-19.09.10:798][  0]LogShaderLibrary: Display: ShaderCodeLibraryPakFileMountedCallback: pending pak file info (ChunkID:-1 Root:root:/ File:D:/Unreal Eninge/UE_4.27/FeaturePacks/TP_SideScrollerBP.upack)
[2023.02.28-19.09.10:798][  0]LogPakFile: OnPakFileMounted2Time == 0.000038
[2023.02.28-19.09.10:804][  0]LogPakFile: PakFile PrimaryIndexSize=187
[2023.02.28-19.09.10:804][  0]LogPakFile: PakFile PathHashIndexSize=101
[2023.02.28-19.09.10:804][  0]LogPakFile: PakFile FullDirectoryIndexSize=148
[2023.02.28-19.09.10:804][  0]LogShaderLibrary: Display: ShaderCodeLibraryPakFileMountedCallback: PakFile 'D:/Unreal Eninge/UE_4.27/FeaturePacks/TP_ThirdPerson.upack' (chunk index -1, root 'root:/') mounted
[2023.02.28-19.09.10:804][  0]LogShaderLibrary: Display: ShaderCodeLibraryPakFileMountedCallback: pending pak file info (ChunkID:-1 Root:root:/ File:D:/Unreal Eninge/UE_4.27/FeaturePacks/TP_ThirdPerson.upack)
[2023.02.28-19.09.10:804][  0]LogPakFile: OnPakFileMounted2Time == 0.000037
[2023.02.28-19.09.10:841][  0]LogPakFile: PakFile PrimaryIndexSize=189
[2023.02.28-19.09.10:841][  0]LogPakFile: PakFile PathHashIndexSize=101
[2023.02.28-19.09.10:841][  0]LogPakFile: PakFile FullDirectoryIndexSize=152
[2023.02.28-19.09.10:841][  0]LogShaderLibrary: Display: ShaderCodeLibraryPakFileMountedCallback: PakFile 'D:/Unreal Eninge/UE_4.27/FeaturePacks/TP_ThirdPersonBP.upack' (chunk index -1, root 'root:/') mounted
[2023.02.28-19.09.10:841][  0]LogShaderLibrary: Display: ShaderCodeLibraryPakFileMountedCallback: pending pak file info (ChunkID:-1 Root:root:/ File:D:/Unreal Eninge/UE_4.27/FeaturePacks/TP_ThirdPersonBP.upack)
[2023.02.28-19.09.10:842][  0]LogPakFile: OnPakFileMounted2Time == 0.000065
[2023.02.28-19.09.10:848][  0]LogPakFile: PakFile PrimaryIndexSize=183
[2023.02.28-19.09.10:848][  0]LogPakFile: PakFile PathHashIndexSize=101
[2023.02.28-19.09.10:848][  0]LogPakFile: PakFile FullDirectoryIndexSize=140
[2023.02.28-19.09.10:848][  0]LogShaderLibrary: Display: ShaderCodeLibraryPakFileMountedCallback: PakFile 'D:/Unreal Eninge/UE_4.27/FeaturePacks/TP_TopDown.upack' (chunk index -1, root 'root:/') mounted
[2023.02.28-19.09.10:848][  0]LogShaderLibrary: Display: ShaderCodeLibraryPakFileMountedCallback: pending pak file info (ChunkID:-1 Root:root:/ File:D:/Unreal Eninge/UE_4.27/FeaturePacks/TP_TopDown.upack)
[2023.02.28-19.09.10:848][  0]LogPakFile: OnPakFileMounted2Time == 0.000049
[2023.02.28-19.09.10:854][  0]LogPakFile: PakFile PrimaryIndexSize=185
[2023.02.28-19.09.10:854][  0]LogPakFile: PakFile PathHashIndexSize=101
[2023.02.28-19.09.10:854][  0]LogPakFile: PakFile FullDirectoryIndexSize=144
[2023.02.28-19.09.10:854][  0]LogShaderLibrary: Display: ShaderCodeLibraryPakFileMountedCallback: PakFile 'D:/Unreal Eninge/UE_4.27/FeaturePacks/TP_TopDownBP.upack' (chunk index -1, root 'root:/') mounted
[2023.02.28-19.09.10:854][  0]LogShaderLibrary: Display: ShaderCodeLibraryPakFileMountedCallback: pending pak file info (ChunkID:-1 Root:root:/ File:D:/Unreal Eninge/UE_4.27/FeaturePacks/TP_TopDownBP.upack)
[2023.02.28-19.09.10:854][  0]LogPakFile: OnPakFileMounted2Time == 0.000043
[2023.02.28-19.09.10:863][  0]LogPakFile: PakFile PrimaryIndexSize=185
[2023.02.28-19.09.10:863][  0]LogPakFile: PakFile PathHashIndexSize=101
[2023.02.28-19.09.10:863][  0]LogPakFile: PakFile FullDirectoryIndexSize=144
[2023.02.28-19.09.10:863][  0]LogShaderLibrary: Display: ShaderCodeLibraryPakFileMountedCallback: PakFile 'D:/Unreal Eninge/UE_4.27/FeaturePacks/TP_TwinStick.upack' (chunk index -1, root 'root:/') mounted
[2023.02.28-19.09.10:863][  0]LogShaderLibrary: Display: ShaderCodeLibraryPakFileMountedCallback: pending pak file info (ChunkID:-1 Root:root:/ File:D:/Unreal Eninge/UE_4.27/FeaturePacks/TP_TwinStick.upack)
[2023.02.28-19.09.10:863][  0]LogPakFile: OnPakFileMounted2Time == 0.000042
[2023.02.28-19.09.10:868][  0]LogPakFile: PakFile PrimaryIndexSize=187
[2023.02.28-19.09.10:868][  0]LogPakFile: PakFile PathHashIndexSize=101
[2023.02.28-19.09.10:868][  0]LogPakFile: PakFile FullDirectoryIndexSize=148
[2023.02.28-19.09.10:868][  0]LogShaderLibrary: Display: ShaderCodeLibraryPakFileMountedCallback: PakFile 'D:/Unreal Eninge/UE_4.27/FeaturePacks/TP_TwinStickBP.upack' (chunk index -1, root 'root:/') mounted
[2023.02.28-19.09.10:868][  0]LogShaderLibrary: Display: ShaderCodeLibraryPakFileMountedCallback: pending pak file info (ChunkID:-1 Root:root:/ File:D:/Unreal Eninge/UE_4.27/FeaturePacks/TP_TwinStickBP.upack)
[2023.02.28-19.09.10:868][  0]LogPakFile: OnPakFileMounted2Time == 0.000040
[2023.02.28-19.09.10:875][  0]LogPakFile: PakFile PrimaryIndexSize=183
[2023.02.28-19.09.10:875][  0]LogPakFile: PakFile PathHashIndexSize=101
[2023.02.28-19.09.10:875][  0]LogPakFile: PakFile FullDirectoryIndexSize=140
[2023.02.28-19.09.10:875][  0]LogShaderLibrary: Display: ShaderCodeLibraryPakFileMountedCallback: PakFile 'D:/Unreal Eninge/UE_4.27/FeaturePacks/TP_Vehicle.upack' (chunk index -1, root 'root:/') mounted
[2023.02.28-19.09.10:875][  0]LogShaderLibrary: Display: ShaderCodeLibraryPakFileMountedCallback: pending pak file info (ChunkID:-1 Root:root:/ File:D:/Unreal Eninge/UE_4.27/FeaturePacks/TP_Vehicle.upack)
[2023.02.28-19.09.10:875][  0]LogPakFile: OnPakFileMounted2Time == 0.000052
[2023.02.28-19.09.10:881][  0]LogPakFile: PakFile PrimaryIndexSize=186
[2023.02.28-19.09.10:881][  0]LogPakFile: PakFile PathHashIndexSize=101
[2023.02.28-19.09.10:881][  0]LogPakFile: PakFile FullDirectoryIndexSize=146
[2023.02.28-19.09.10:881][  0]LogShaderLibrary: Display: ShaderCodeLibraryPakFileMountedCallback: PakFile 'D:/Unreal Eninge/UE_4.27/FeaturePacks/TP_VehicleAdv.upack' (chunk index -1, root 'root:/') mounted
[2023.02.28-19.09.10:881][  0]LogShaderLibrary: Display: ShaderCodeLibraryPakFileMountedCallback: pending pak file info (ChunkID:-1 Root:root:/ File:D:/Unreal Eninge/UE_4.27/FeaturePacks/TP_VehicleAdv.upack)
[2023.02.28-19.09.10:881][  0]LogPakFile: OnPakFileMounted2Time == 0.000041
[2023.02.28-19.09.10:887][  0]LogPakFile: PakFile PrimaryIndexSize=188
[2023.02.28-19.09.10:887][  0]LogPakFile: PakFile PathHashIndexSize=101
[2023.02.28-19.09.10:887][  0]LogPakFile: PakFile FullDirectoryIndexSize=150
[2023.02.28-19.09.10:887][  0]LogShaderLibrary: Display: ShaderCodeLibraryPakFileMountedCallback: PakFile 'D:/Unreal Eninge/UE_4.27/FeaturePacks/TP_VehicleAdvBP.upack' (chunk index -1, root 'root:/') mounted
[2023.02.28-19.09.10:887][  0]LogShaderLibrary: Display: ShaderCodeLibraryPakFileMountedCallback: pending pak file info (ChunkID:-1 Root:root:/ File:D:/Unreal Eninge/UE_4.27/FeaturePacks/TP_VehicleAdvBP.upack)
[2023.02.28-19.09.10:887][  0]LogPakFile: OnPakFileMounted2Time == 0.000037
[2023.02.28-19.09.10:893][  0]LogPakFile: PakFile PrimaryIndexSize=185
[2023.02.28-19.09.10:893][  0]LogPakFile: PakFile PathHashIndexSize=101
[2023.02.28-19.09.10:893][  0]LogPakFile: PakFile FullDirectoryIndexSize=144
[2023.02.28-19.09.10:893][  0]LogShaderLibrary: Display: ShaderCodeLibraryPakFileMountedCallback: PakFile 'D:/Unreal Eninge/UE_4.27/FeaturePacks/TP_VehicleBP.upack' (chunk index -1, root 'root:/') mounted
[2023.02.28-19.09.10:893][  0]LogShaderLibrary: Display: ShaderCodeLibraryPakFileMountedCallback: pending pak file info (ChunkID:-1 Root:root:/ File:D:/Unreal Eninge/UE_4.27/FeaturePacks/TP_VehicleBP.upack)
[2023.02.28-19.09.10:893][  0]LogPakFile: OnPakFileMounted2Time == 0.000038
[2023.02.28-19.09.10:899][  0]LogPakFile: PakFile PrimaryIndexSize=192
[2023.02.28-19.09.10:899][  0]LogPakFile: PakFile PathHashIndexSize=101
[2023.02.28-19.09.10:899][  0]LogPakFile: PakFile FullDirectoryIndexSize=158
[2023.02.28-19.09.10:899][  0]LogShaderLibrary: Display: ShaderCodeLibraryPakFileMountedCallback: PakFile 'D:/Unreal Eninge/UE_4.27/FeaturePacks/TP_VirtualRealityBP.upack' (chunk index -1, root 'root:/') mounted
[2023.02.28-19.09.10:899][  0]LogShaderLibrary: Display: ShaderCodeLibraryPakFileMountedCallback: pending pak file info (ChunkID:-1 Root:root:/ File:D:/Unreal Eninge/UE_4.27/FeaturePacks/TP_VirtualRealityBP.upack)
[2023.02.28-19.09.10:899][  0]LogPakFile: OnPakFileMounted2Time == 0.000036
[2023.02.28-19.09.14:409][  0]LogNativeClassHierarchy: Verbose: Native class hierarchy updated for 'AddContentDialog' in 0.0003 seconds. Added 0 classes and 0 folders.
[2023.02.28-19.09.14:490][  0]LogNativeClassHierarchy: Verbose: Native class hierarchy updated for 'SceneOutliner' in 0.0004 seconds. Added 2 classes and 0 folders.
[2023.02.28-19.09.15:341][  0]LogSlate: Took 0.011498 seconds to synchronously load lazily loaded font '../../../Engine/Content/Slate/Fonts/Roboto-Regular.ttf' (155K)
[2023.02.28-19.09.15:406][  0]LogSlate: Took 0.020322 seconds to synchronously load lazily loaded font '../../../Engine/Content/Editor/Slate/Fonts/FontAwesome.ttf' (139K)
[2023.02.28-19.09.15:428][  0]LogSlate: Took 0.014593 seconds to synchronously load lazily loaded font '../../../Engine/Content/Slate/Fonts/Roboto-Bold.ttf' (160K)
[2023.02.28-19.09.16:184][  0]LogRenderer: Reallocating scene render targets to support 1208x568 Format 10 NumSamples 1 (Frame:1).
[2023.02.28-19.09.17:127][  0]LogSlate: Took 0.015858 seconds to synchronously load lazily loaded font '../../../Engine/Content/Slate/Fonts/Roboto-Light.ttf' (167K)
[2023.02.28-19.09.17:403][  0]LogNativeClassHierarchy: Verbose: Native class hierarchy updated for 'HierarchicalLODOutliner' in 0.0003 seconds. Added 0 classes and 0 folders.
[2023.02.28-19.09.17:403][  0]LogInput: Warning: Action Jump uses invalid key OculusGo_Left_Trigger_Click.
[2023.02.28-19.09.17:403][  0]LogInput: Warning: Use -RemoveInvalidKeys to remove instances of these keys from the action mapping.
[2023.02.28-19.09.17:403][  0]LogLoad: (Engine Initialization) Total time: 110.09 seconds
[2023.02.28-19.09.17:403][  0]LogLoad: (Engine Initialization) Total Blueprint compile time: 0.00 seconds
[2023.02.28-19.09.17:959][  0]LogContentStreaming: Texture pool size now 1000 MB
[2023.02.28-19.09.18:304][  1]LogAssetRegistry: Asset discovery search completed in 79.8255 seconds
[2023.02.28-19.09.18:373][  1]LogCollectionManager: Fixed up redirectors for 0 collections in 0.000005 seconds (updated 0 objects)
[2023.02.28-19.12.28:939][333]LogEditorViewport: Clicking on Actor (LMB): BP_Item_C (BP_Item)
[2023.02.28-19.12.37:413][487]LogSlate: Took 0.000135 seconds to synchronously load lazily loaded font '../../../Engine/Content/Slate/Fonts/Roboto-Light.ttf' (167K)
[2023.02.28-19.12.37:438][487]LogAssetEditorSubsystem: Opening Asset editor for Blueprint /Game/BP_Item.BP_Item
[2023.02.28-19.12.38:562][487]LogNativeClassHierarchy: Verbose: Native class hierarchy updated for 'BlueprintGraph' in 0.0008 seconds. Added 126 classes and 0 folders.
[2023.02.28-19.12.42:452][594]LogSlate: Window 'BP_Item' being destroyed
[2023.02.28-19.12.42:493][594]LogWorld: UWorld::CleanupWorld for World_1, bSessionEnded=true, bCleanupResources=true
[2023.02.28-19.12.42:493][594]LogSlate: InvalidateAllWidgets triggered.  All widgets were invalidated
[2023.02.28-19.12.42:666][594]LogAssetEditorSubsystem: Opening Asset editor for Blueprint /Game/BP_Item.BP_Item
[2023.02.28-19.12.43:596][594]LogSlate: Took 0.019747 seconds to synchronously load lazily loaded font '../../../Engine/Content/Slate/Fonts/Roboto-BoldCondensed.ttf' (158K)
[2023.02.28-19.12.45:475][687]LogSlate: Window 'BP_Item' being destroyed
[2023.02.28-19.12.47:093][776]LogSlate: Took 0.065889 seconds to synchronously load lazily loaded font '../../../Engine/Content/Slate/Fonts/Roboto-Italic.ttf' (157K)
[2023.02.28-19.14.09:057][481]LogEditorClassViewer: Warning: Class /Engine/Tutorial/InWorldBlueprintEditing/TutorialAssets/IWBE_Blutility.IWBE_Blutility_C has parent /Script/Blutility.PlacedEditorUtilityBase, but this parent is not found. The Class will not be shown in ClassViewer.
[2023.02.28-19.15.20:875][714]BlueprintLog: New page: Compile BP_Item
[2023.02.28-19.15.21:015][714]LogUObjectHash: Compacting FUObjectHashTables data took   2.24ms
[2023.02.28-19.15.21:544][733]Cmd: OBJ SAVEPACKAGE PACKAGE="/Game/BP_Item" FILE="../../../../../UnrealProject/SchoolProject/InventoryProjectC++/MyInventory/MyInventory/Myinventory/Content/BP_Item.uasset" SILENT=true
[2023.02.28-19.15.21:701][733]LogSavePackage: Moving '../../../../../UnrealProject/SchoolProject/InventoryProjectC++/MyInventory/MyInventory/Myinventory/Saved/BP_Item7AFB4F714C6C9A60E24A4A95E6FB2542.tmp' to '../../../../../UnrealProject/SchoolProject/InventoryProjectC++/MyInventory/MyInventory/Myinventory/Content/BP_Item.uasset'
[2023.02.28-19.15.21:746][733]AssetCheck: New page: Asset Save: BP_Item
[2023.02.28-19.15.21:746][733]LogContentValidation: Display: Validating Blueprint /Game/BP_Item.BP_Item
